<testsuites id="" name="" tests="142" failures="116" skipped="21" errors="0" time="305.064483">
<testsuite name="admin/assignment-board-comprehensive.spec.ts" timestamp="2025-09-17T23:26:21.514Z" hostname="chromium-admin" tests="13" failures="13" skipped="0" time="405.439" errors="0">
<testcase name="Assignment Board - Comprehensive Testing › Drag and Drop Functionality › should successfully drag participant to room" classname="admin/assignment-board-comprehensive.spec.ts" time="30.379">
<failure message="assignment-board-comprehensive.spec.ts:23:9 should successfully drag participant to room" type="FAILURE">
<![CDATA[  [chromium-admin] › admin/assignment-board-comprehensive.spec.ts:23:9 › Assignment Board - Comprehensive Testing › Drag and Drop Functionality › should successfully drag participant to room 

    TimeoutError: page.fill: Timeout 10000ms exceeded.
    Call log:
      - waiting for locator('[data-testid="email-input"]')


      10 |     // Login as admin
      11 |     await page.goto('/login');
    > 12 |     await page.fill('[data-testid="email-input"]', 'admin@heiwa.house');
         |                ^
      13 |     await page.fill('[data-testid="password-input"]', 'admin123456');
      14 |     await page.click('[data-testid="login-button"]');
      15 |     await page.waitForURL('**/admin');
        at /Users/lukatenbosch/Downloads/heiwahouse/wavecampdashboard/tests/admin/assignment-board-comprehensive.spec.ts:12:16

    attachment #1: screenshot (image/png) ──────────────────────────────────────────────────────────
    results/admin-assignment-board-com-82cc8-ly-drag-participant-to-room-chromium-admin/test-failed-1.png
    ────────────────────────────────────────────────────────────────────────────────────────────────

    attachment #2: video (video/webm) ──────────────────────────────────────────────────────────────
    results/admin-assignment-board-com-82cc8-ly-drag-participant-to-room-chromium-admin/video.webm
    ────────────────────────────────────────────────────────────────────────────────────────────────

    Error Context: results/admin-assignment-board-com-82cc8-ly-drag-participant-to-room-chromium-admin/error-context.md

    Retry #1 ───────────────────────────────────────────────────────────────────────────────────────

    TimeoutError: page.fill: Timeout 10000ms exceeded.
    Call log:
      - waiting for locator('[data-testid="email-input"]')


      10 |     // Login as admin
      11 |     await page.goto('/login');
    > 12 |     await page.fill('[data-testid="email-input"]', 'admin@heiwa.house');
         |                ^
      13 |     await page.fill('[data-testid="password-input"]', 'admin123456');
      14 |     await page.click('[data-testid="login-button"]');
      15 |     await page.waitForURL('**/admin');
        at /Users/lukatenbosch/Downloads/heiwahouse/wavecampdashboard/tests/admin/assignment-board-comprehensive.spec.ts:12:16

    attachment #1: screenshot (image/png) ──────────────────────────────────────────────────────────
    results/admin-assignment-board-com-82cc8-ly-drag-participant-to-room-chromium-admin-retry1/test-failed-1.png
    ────────────────────────────────────────────────────────────────────────────────────────────────

    attachment #2: video (video/webm) ──────────────────────────────────────────────────────────────
    results/admin-assignment-board-com-82cc8-ly-drag-participant-to-room-chromium-admin-retry1/video.webm
    ────────────────────────────────────────────────────────────────────────────────────────────────

    Error Context: results/admin-assignment-board-com-82cc8-ly-drag-participant-to-room-chromium-admin-retry1/error-context.md

    attachment #4: trace (application/zip) ─────────────────────────────────────────────────────────
    results/admin-assignment-board-com-82cc8-ly-drag-participant-to-room-chromium-admin-retry1/trace.zip
    Usage:

        npx playwright show-trace results/admin-assignment-board-com-82cc8-ly-drag-participant-to-room-chromium-admin-retry1/trace.zip

    ────────────────────────────────────────────────────────────────────────────────────────────────
]]>
</failure>
<system-out>
<![CDATA[
[[ATTACHMENT|../tests/results/admin-assignment-board-com-82cc8-ly-drag-participant-to-room-chromium-admin/test-failed-1.png]]

[[ATTACHMENT|../tests/results/admin-assignment-board-com-82cc8-ly-drag-participant-to-room-chromium-admin/video.webm]]

[[ATTACHMENT|../tests/results/admin-assignment-board-com-82cc8-ly-drag-participant-to-room-chromium-admin/error-context.md]]

[[ATTACHMENT|../tests/results/admin-assignment-board-com-82cc8-ly-drag-participant-to-room-chromium-admin-retry1/test-failed-1.png]]

[[ATTACHMENT|../tests/results/admin-assignment-board-com-82cc8-ly-drag-participant-to-room-chromium-admin-retry1/video.webm]]

[[ATTACHMENT|../tests/results/admin-assignment-board-com-82cc8-ly-drag-participant-to-room-chromium-admin-retry1/error-context.md]]

[[ATTACHMENT|../tests/results/admin-assignment-board-com-82cc8-ly-drag-participant-to-room-chromium-admin-retry1/trace.zip]]
]]>
</system-out>
</testcase>
<testcase name="Assignment Board - Comprehensive Testing › Drag and Drop Functionality › should allow dragging participant back to unassigned" classname="admin/assignment-board-comprehensive.spec.ts" time="30.613">
<failure message="assignment-board-comprehensive.spec.ts:54:9 should allow dragging participant back to unassigned" type="FAILURE">
<![CDATA[  [chromium-admin] › admin/assignment-board-comprehensive.spec.ts:54:9 › Assignment Board - Comprehensive Testing › Drag and Drop Functionality › should allow dragging participant back to unassigned 

    TimeoutError: page.fill: Timeout 10000ms exceeded.
    Call log:
      - waiting for locator('[data-testid="email-input"]')


      10 |     // Login as admin
      11 |     await page.goto('/login');
    > 12 |     await page.fill('[data-testid="email-input"]', 'admin@heiwa.house');
         |                ^
      13 |     await page.fill('[data-testid="password-input"]', 'admin123456');
      14 |     await page.click('[data-testid="login-button"]');
      15 |     await page.waitForURL('**/admin');
        at /Users/lukatenbosch/Downloads/heiwahouse/wavecampdashboard/tests/admin/assignment-board-comprehensive.spec.ts:12:16

    attachment #1: screenshot (image/png) ──────────────────────────────────────────────────────────
    results/admin-assignment-board-com-83fdd-ticipant-back-to-unassigned-chromium-admin/test-failed-1.png
    ────────────────────────────────────────────────────────────────────────────────────────────────

    attachment #2: video (video/webm) ──────────────────────────────────────────────────────────────
    results/admin-assignment-board-com-83fdd-ticipant-back-to-unassigned-chromium-admin/video.webm
    ────────────────────────────────────────────────────────────────────────────────────────────────

    Error Context: results/admin-assignment-board-com-83fdd-ticipant-back-to-unassigned-chromium-admin/error-context.md

    Retry #1 ───────────────────────────────────────────────────────────────────────────────────────

    TimeoutError: page.fill: Timeout 10000ms exceeded.
    Call log:
      - waiting for locator('[data-testid="email-input"]')


      10 |     // Login as admin
      11 |     await page.goto('/login');
    > 12 |     await page.fill('[data-testid="email-input"]', 'admin@heiwa.house');
         |                ^
      13 |     await page.fill('[data-testid="password-input"]', 'admin123456');
      14 |     await page.click('[data-testid="login-button"]');
      15 |     await page.waitForURL('**/admin');
        at /Users/lukatenbosch/Downloads/heiwahouse/wavecampdashboard/tests/admin/assignment-board-comprehensive.spec.ts:12:16

    attachment #1: screenshot (image/png) ──────────────────────────────────────────────────────────
    results/admin-assignment-board-com-83fdd-ticipant-back-to-unassigned-chromium-admin-retry1/test-failed-1.png
    ────────────────────────────────────────────────────────────────────────────────────────────────

    attachment #2: video (video/webm) ──────────────────────────────────────────────────────────────
    results/admin-assignment-board-com-83fdd-ticipant-back-to-unassigned-chromium-admin-retry1/video.webm
    ────────────────────────────────────────────────────────────────────────────────────────────────

    Error Context: results/admin-assignment-board-com-83fdd-ticipant-back-to-unassigned-chromium-admin-retry1/error-context.md

    attachment #4: trace (application/zip) ─────────────────────────────────────────────────────────
    results/admin-assignment-board-com-83fdd-ticipant-back-to-unassigned-chromium-admin-retry1/trace.zip
    Usage:

        npx playwright show-trace results/admin-assignment-board-com-83fdd-ticipant-back-to-unassigned-chromium-admin-retry1/trace.zip

    ────────────────────────────────────────────────────────────────────────────────────────────────
]]>
</failure>
<system-out>
<![CDATA[
[[ATTACHMENT|../tests/results/admin-assignment-board-com-83fdd-ticipant-back-to-unassigned-chromium-admin/test-failed-1.png]]

[[ATTACHMENT|../tests/results/admin-assignment-board-com-83fdd-ticipant-back-to-unassigned-chromium-admin/video.webm]]

[[ATTACHMENT|../tests/results/admin-assignment-board-com-83fdd-ticipant-back-to-unassigned-chromium-admin/error-context.md]]

[[ATTACHMENT|../tests/results/admin-assignment-board-com-83fdd-ticipant-back-to-unassigned-chromium-admin-retry1/test-failed-1.png]]

[[ATTACHMENT|../tests/results/admin-assignment-board-com-83fdd-ticipant-back-to-unassigned-chromium-admin-retry1/video.webm]]

[[ATTACHMENT|../tests/results/admin-assignment-board-com-83fdd-ticipant-back-to-unassigned-chromium-admin-retry1/error-context.md]]

[[ATTACHMENT|../tests/results/admin-assignment-board-com-83fdd-ticipant-back-to-unassigned-chromium-admin-retry1/trace.zip]]
]]>
</system-out>
</testcase>
<testcase name="Assignment Board - Comprehensive Testing › Drag and Drop Functionality › should allow moving participant between rooms" classname="admin/assignment-board-comprehensive.spec.ts" time="30.436">
<failure message="assignment-board-comprehensive.spec.ts:80:9 should allow moving participant between rooms" type="FAILURE">
<![CDATA[  [chromium-admin] › admin/assignment-board-comprehensive.spec.ts:80:9 › Assignment Board - Comprehensive Testing › Drag and Drop Functionality › should allow moving participant between rooms 

    TimeoutError: page.fill: Timeout 10000ms exceeded.
    Call log:
      - waiting for locator('[data-testid="email-input"]')


      10 |     // Login as admin
      11 |     await page.goto('/login');
    > 12 |     await page.fill('[data-testid="email-input"]', 'admin@heiwa.house');
         |                ^
      13 |     await page.fill('[data-testid="password-input"]', 'admin123456');
      14 |     await page.click('[data-testid="login-button"]');
      15 |     await page.waitForURL('**/admin');
        at /Users/lukatenbosch/Downloads/heiwahouse/wavecampdashboard/tests/admin/assignment-board-comprehensive.spec.ts:12:16

    attachment #1: screenshot (image/png) ──────────────────────────────────────────────────────────
    results/admin-assignment-board-com-b1e0a-g-participant-between-rooms-chromium-admin/test-failed-1.png
    ────────────────────────────────────────────────────────────────────────────────────────────────

    attachment #2: video (video/webm) ──────────────────────────────────────────────────────────────
    results/admin-assignment-board-com-b1e0a-g-participant-between-rooms-chromium-admin/video.webm
    ────────────────────────────────────────────────────────────────────────────────────────────────

    Error Context: results/admin-assignment-board-com-b1e0a-g-participant-between-rooms-chromium-admin/error-context.md

    Retry #1 ───────────────────────────────────────────────────────────────────────────────────────

    TimeoutError: page.fill: Timeout 10000ms exceeded.
    Call log:
      - waiting for locator('[data-testid="email-input"]')


      10 |     // Login as admin
      11 |     await page.goto('/login');
    > 12 |     await page.fill('[data-testid="email-input"]', 'admin@heiwa.house');
         |                ^
      13 |     await page.fill('[data-testid="password-input"]', 'admin123456');
      14 |     await page.click('[data-testid="login-button"]');
      15 |     await page.waitForURL('**/admin');
        at /Users/lukatenbosch/Downloads/heiwahouse/wavecampdashboard/tests/admin/assignment-board-comprehensive.spec.ts:12:16

    attachment #1: screenshot (image/png) ──────────────────────────────────────────────────────────
    results/admin-assignment-board-com-b1e0a-g-participant-between-rooms-chromium-admin-retry1/test-failed-1.png
    ────────────────────────────────────────────────────────────────────────────────────────────────

    attachment #2: video (video/webm) ──────────────────────────────────────────────────────────────
    results/admin-assignment-board-com-b1e0a-g-participant-between-rooms-chromium-admin-retry1/video.webm
    ────────────────────────────────────────────────────────────────────────────────────────────────

    Error Context: results/admin-assignment-board-com-b1e0a-g-participant-between-rooms-chromium-admin-retry1/error-context.md

    attachment #4: trace (application/zip) ─────────────────────────────────────────────────────────
    results/admin-assignment-board-com-b1e0a-g-participant-between-rooms-chromium-admin-retry1/trace.zip
    Usage:

        npx playwright show-trace results/admin-assignment-board-com-b1e0a-g-participant-between-rooms-chromium-admin-retry1/trace.zip

    ────────────────────────────────────────────────────────────────────────────────────────────────
]]>
</failure>
<system-out>
<![CDATA[
[[ATTACHMENT|../tests/results/admin-assignment-board-com-b1e0a-g-participant-between-rooms-chromium-admin/test-failed-1.png]]

[[ATTACHMENT|../tests/results/admin-assignment-board-com-b1e0a-g-participant-between-rooms-chromium-admin/video.webm]]

[[ATTACHMENT|../tests/results/admin-assignment-board-com-b1e0a-g-participant-between-rooms-chromium-admin/error-context.md]]

[[ATTACHMENT|../tests/results/admin-assignment-board-com-b1e0a-g-participant-between-rooms-chromium-admin-retry1/test-failed-1.png]]

[[ATTACHMENT|../tests/results/admin-assignment-board-com-b1e0a-g-participant-between-rooms-chromium-admin-retry1/video.webm]]

[[ATTACHMENT|../tests/results/admin-assignment-board-com-b1e0a-g-participant-between-rooms-chromium-admin-retry1/error-context.md]]

[[ATTACHMENT|../tests/results/admin-assignment-board-com-b1e0a-g-participant-between-rooms-chromium-admin-retry1/trace.zip]]
]]>
</system-out>
</testcase>
<testcase name="Assignment Board - Comprehensive Testing › Drag and Drop Functionality › should prevent exceeding room capacity" classname="admin/assignment-board-comprehensive.spec.ts" time="30.662">
<failure message="assignment-board-comprehensive.spec.ts:107:9 should prevent exceeding room capacity" type="FAILURE">
<![CDATA[  [chromium-admin] › admin/assignment-board-comprehensive.spec.ts:107:9 › Assignment Board - Comprehensive Testing › Drag and Drop Functionality › should prevent exceeding room capacity 

    TimeoutError: page.fill: Timeout 10000ms exceeded.
    Call log:
      - waiting for locator('[data-testid="email-input"]')


      10 |     // Login as admin
      11 |     await page.goto('/login');
    > 12 |     await page.fill('[data-testid="email-input"]', 'admin@heiwa.house');
         |                ^
      13 |     await page.fill('[data-testid="password-input"]', 'admin123456');
      14 |     await page.click('[data-testid="login-button"]');
      15 |     await page.waitForURL('**/admin');
        at /Users/lukatenbosch/Downloads/heiwahouse/wavecampdashboard/tests/admin/assignment-board-comprehensive.spec.ts:12:16

    attachment #1: screenshot (image/png) ──────────────────────────────────────────────────────────
    results/admin-assignment-board-com-734b1-ent-exceeding-room-capacity-chromium-admin/test-failed-1.png
    ────────────────────────────────────────────────────────────────────────────────────────────────

    attachment #2: video (video/webm) ──────────────────────────────────────────────────────────────
    results/admin-assignment-board-com-734b1-ent-exceeding-room-capacity-chromium-admin/video.webm
    ────────────────────────────────────────────────────────────────────────────────────────────────

    Error Context: results/admin-assignment-board-com-734b1-ent-exceeding-room-capacity-chromium-admin/error-context.md

    Retry #1 ───────────────────────────────────────────────────────────────────────────────────────

    TimeoutError: page.fill: Timeout 10000ms exceeded.
    Call log:
      - waiting for locator('[data-testid="email-input"]')


      10 |     // Login as admin
      11 |     await page.goto('/login');
    > 12 |     await page.fill('[data-testid="email-input"]', 'admin@heiwa.house');
         |                ^
      13 |     await page.fill('[data-testid="password-input"]', 'admin123456');
      14 |     await page.click('[data-testid="login-button"]');
      15 |     await page.waitForURL('**/admin');
        at /Users/lukatenbosch/Downloads/heiwahouse/wavecampdashboard/tests/admin/assignment-board-comprehensive.spec.ts:12:16

    attachment #1: screenshot (image/png) ──────────────────────────────────────────────────────────
    results/admin-assignment-board-com-734b1-ent-exceeding-room-capacity-chromium-admin-retry1/test-failed-1.png
    ────────────────────────────────────────────────────────────────────────────────────────────────

    attachment #2: video (video/webm) ──────────────────────────────────────────────────────────────
    results/admin-assignment-board-com-734b1-ent-exceeding-room-capacity-chromium-admin-retry1/video.webm
    ────────────────────────────────────────────────────────────────────────────────────────────────

    Error Context: results/admin-assignment-board-com-734b1-ent-exceeding-room-capacity-chromium-admin-retry1/error-context.md

    attachment #4: trace (application/zip) ─────────────────────────────────────────────────────────
    results/admin-assignment-board-com-734b1-ent-exceeding-room-capacity-chromium-admin-retry1/trace.zip
    Usage:

        npx playwright show-trace results/admin-assignment-board-com-734b1-ent-exceeding-room-capacity-chromium-admin-retry1/trace.zip

    ────────────────────────────────────────────────────────────────────────────────────────────────
]]>
</failure>
<system-out>
<![CDATA[
[[ATTACHMENT|../tests/results/admin-assignment-board-com-734b1-ent-exceeding-room-capacity-chromium-admin/test-failed-1.png]]

[[ATTACHMENT|../tests/results/admin-assignment-board-com-734b1-ent-exceeding-room-capacity-chromium-admin/video.webm]]

[[ATTACHMENT|../tests/results/admin-assignment-board-com-734b1-ent-exceeding-room-capacity-chromium-admin/error-context.md]]

[[ATTACHMENT|../tests/results/admin-assignment-board-com-734b1-ent-exceeding-room-capacity-chromium-admin-retry1/test-failed-1.png]]

[[ATTACHMENT|../tests/results/admin-assignment-board-com-734b1-ent-exceeding-room-capacity-chromium-admin-retry1/video.webm]]

[[ATTACHMENT|../tests/results/admin-assignment-board-com-734b1-ent-exceeding-room-capacity-chromium-admin-retry1/error-context.md]]

[[ATTACHMENT|../tests/results/admin-assignment-board-com-734b1-ent-exceeding-room-capacity-chromium-admin-retry1/trace.zip]]
]]>
</system-out>
</testcase>
<testcase name="Assignment Board - Comprehensive Testing › Visual Feedback and UX › should show visual feedback during drag operations" classname="admin/assignment-board-comprehensive.spec.ts" time="30.606">
<failure message="assignment-board-comprehensive.spec.ts:139:9 should show visual feedback during drag operations" type="FAILURE">
<![CDATA[  [chromium-admin] › admin/assignment-board-comprehensive.spec.ts:139:9 › Assignment Board - Comprehensive Testing › Visual Feedback and UX › should show visual feedback during drag operations 

    TimeoutError: page.fill: Timeout 10000ms exceeded.
    Call log:
      - waiting for locator('[data-testid="email-input"]')


      10 |     // Login as admin
      11 |     await page.goto('/login');
    > 12 |     await page.fill('[data-testid="email-input"]', 'admin@heiwa.house');
         |                ^
      13 |     await page.fill('[data-testid="password-input"]', 'admin123456');
      14 |     await page.click('[data-testid="login-button"]');
      15 |     await page.waitForURL('**/admin');
        at /Users/lukatenbosch/Downloads/heiwahouse/wavecampdashboard/tests/admin/assignment-board-comprehensive.spec.ts:12:16

    attachment #1: screenshot (image/png) ──────────────────────────────────────────────────────────
    results/admin-assignment-board-com-e612a-back-during-drag-operations-chromium-admin/test-failed-1.png
    ────────────────────────────────────────────────────────────────────────────────────────────────

    attachment #2: video (video/webm) ──────────────────────────────────────────────────────────────
    results/admin-assignment-board-com-e612a-back-during-drag-operations-chromium-admin/video.webm
    ────────────────────────────────────────────────────────────────────────────────────────────────

    Error Context: results/admin-assignment-board-com-e612a-back-during-drag-operations-chromium-admin/error-context.md

    Retry #1 ───────────────────────────────────────────────────────────────────────────────────────

    TimeoutError: page.fill: Timeout 10000ms exceeded.
    Call log:
      - waiting for locator('[data-testid="email-input"]')


      10 |     // Login as admin
      11 |     await page.goto('/login');
    > 12 |     await page.fill('[data-testid="email-input"]', 'admin@heiwa.house');
         |                ^
      13 |     await page.fill('[data-testid="password-input"]', 'admin123456');
      14 |     await page.click('[data-testid="login-button"]');
      15 |     await page.waitForURL('**/admin');
        at /Users/lukatenbosch/Downloads/heiwahouse/wavecampdashboard/tests/admin/assignment-board-comprehensive.spec.ts:12:16

    attachment #1: screenshot (image/png) ──────────────────────────────────────────────────────────
    results/admin-assignment-board-com-e612a-back-during-drag-operations-chromium-admin-retry1/test-failed-1.png
    ────────────────────────────────────────────────────────────────────────────────────────────────

    attachment #2: video (video/webm) ──────────────────────────────────────────────────────────────
    results/admin-assignment-board-com-e612a-back-during-drag-operations-chromium-admin-retry1/video.webm
    ────────────────────────────────────────────────────────────────────────────────────────────────

    Error Context: results/admin-assignment-board-com-e612a-back-during-drag-operations-chromium-admin-retry1/error-context.md

    attachment #4: trace (application/zip) ─────────────────────────────────────────────────────────
    results/admin-assignment-board-com-e612a-back-during-drag-operations-chromium-admin-retry1/trace.zip
    Usage:

        npx playwright show-trace results/admin-assignment-board-com-e612a-back-during-drag-operations-chromium-admin-retry1/trace.zip

    ────────────────────────────────────────────────────────────────────────────────────────────────
]]>
</failure>
<system-out>
<![CDATA[
[[ATTACHMENT|../tests/results/admin-assignment-board-com-e612a-back-during-drag-operations-chromium-admin/test-failed-1.png]]

[[ATTACHMENT|../tests/results/admin-assignment-board-com-e612a-back-during-drag-operations-chromium-admin/video.webm]]

[[ATTACHMENT|../tests/results/admin-assignment-board-com-e612a-back-during-drag-operations-chromium-admin/error-context.md]]

[[ATTACHMENT|../tests/results/admin-assignment-board-com-e612a-back-during-drag-operations-chromium-admin-retry1/test-failed-1.png]]

[[ATTACHMENT|../tests/results/admin-assignment-board-com-e612a-back-during-drag-operations-chromium-admin-retry1/video.webm]]

[[ATTACHMENT|../tests/results/admin-assignment-board-com-e612a-back-during-drag-operations-chromium-admin-retry1/error-context.md]]

[[ATTACHMENT|../tests/results/admin-assignment-board-com-e612a-back-during-drag-operations-chromium-admin-retry1/trace.zip]]
]]>
</system-out>
</testcase>
<testcase name="Assignment Board - Comprehensive Testing › Visual Feedback and UX › should update occupancy statistics in real-time" classname="admin/assignment-board-comprehensive.spec.ts" time="30.447">
<failure message="assignment-board-comprehensive.spec.ts:164:9 should update occupancy statistics in real-time" type="FAILURE">
<![CDATA[  [chromium-admin] › admin/assignment-board-comprehensive.spec.ts:164:9 › Assignment Board - Comprehensive Testing › Visual Feedback and UX › should update occupancy statistics in real-time 

    TimeoutError: page.fill: Timeout 10000ms exceeded.
    Call log:
      - waiting for locator('[data-testid="email-input"]')


      10 |     // Login as admin
      11 |     await page.goto('/login');
    > 12 |     await page.fill('[data-testid="email-input"]', 'admin@heiwa.house');
         |                ^
      13 |     await page.fill('[data-testid="password-input"]', 'admin123456');
      14 |     await page.click('[data-testid="login-button"]');
      15 |     await page.waitForURL('**/admin');
        at /Users/lukatenbosch/Downloads/heiwahouse/wavecampdashboard/tests/admin/assignment-board-comprehensive.spec.ts:12:16

    attachment #1: screenshot (image/png) ──────────────────────────────────────────────────────────
    results/admin-assignment-board-com-dfe40-ncy-statistics-in-real-time-chromium-admin/test-failed-1.png
    ────────────────────────────────────────────────────────────────────────────────────────────────

    attachment #2: video (video/webm) ──────────────────────────────────────────────────────────────
    results/admin-assignment-board-com-dfe40-ncy-statistics-in-real-time-chromium-admin/video.webm
    ────────────────────────────────────────────────────────────────────────────────────────────────

    Error Context: results/admin-assignment-board-com-dfe40-ncy-statistics-in-real-time-chromium-admin/error-context.md

    Retry #1 ───────────────────────────────────────────────────────────────────────────────────────

    TimeoutError: page.fill: Timeout 10000ms exceeded.
    Call log:
      - waiting for locator('[data-testid="email-input"]')


      10 |     // Login as admin
      11 |     await page.goto('/login');
    > 12 |     await page.fill('[data-testid="email-input"]', 'admin@heiwa.house');
         |                ^
      13 |     await page.fill('[data-testid="password-input"]', 'admin123456');
      14 |     await page.click('[data-testid="login-button"]');
      15 |     await page.waitForURL('**/admin');
        at /Users/lukatenbosch/Downloads/heiwahouse/wavecampdashboard/tests/admin/assignment-board-comprehensive.spec.ts:12:16

    attachment #1: screenshot (image/png) ──────────────────────────────────────────────────────────
    results/admin-assignment-board-com-dfe40-ncy-statistics-in-real-time-chromium-admin-retry1/test-failed-1.png
    ────────────────────────────────────────────────────────────────────────────────────────────────

    attachment #2: video (video/webm) ──────────────────────────────────────────────────────────────
    results/admin-assignment-board-com-dfe40-ncy-statistics-in-real-time-chromium-admin-retry1/video.webm
    ────────────────────────────────────────────────────────────────────────────────────────────────

    Error Context: results/admin-assignment-board-com-dfe40-ncy-statistics-in-real-time-chromium-admin-retry1/error-context.md

    attachment #4: trace (application/zip) ─────────────────────────────────────────────────────────
    results/admin-assignment-board-com-dfe40-ncy-statistics-in-real-time-chromium-admin-retry1/trace.zip
    Usage:

        npx playwright show-trace results/admin-assignment-board-com-dfe40-ncy-statistics-in-real-time-chromium-admin-retry1/trace.zip

    ────────────────────────────────────────────────────────────────────────────────────────────────
]]>
</failure>
<system-out>
<![CDATA[
[[ATTACHMENT|../tests/results/admin-assignment-board-com-dfe40-ncy-statistics-in-real-time-chromium-admin/test-failed-1.png]]

[[ATTACHMENT|../tests/results/admin-assignment-board-com-dfe40-ncy-statistics-in-real-time-chromium-admin/video.webm]]

[[ATTACHMENT|../tests/results/admin-assignment-board-com-dfe40-ncy-statistics-in-real-time-chromium-admin/error-context.md]]

[[ATTACHMENT|../tests/results/admin-assignment-board-com-dfe40-ncy-statistics-in-real-time-chromium-admin-retry1/test-failed-1.png]]

[[ATTACHMENT|../tests/results/admin-assignment-board-com-dfe40-ncy-statistics-in-real-time-chromium-admin-retry1/video.webm]]

[[ATTACHMENT|../tests/results/admin-assignment-board-com-dfe40-ncy-statistics-in-real-time-chromium-admin-retry1/error-context.md]]

[[ATTACHMENT|../tests/results/admin-assignment-board-com-dfe40-ncy-statistics-in-real-time-chromium-admin-retry1/trace.zip]]
]]>
</system-out>
</testcase>
<testcase name="Assignment Board - Comprehensive Testing › Visual Feedback and UX › should show correct room assignment statistics" classname="admin/assignment-board-comprehensive.spec.ts" time="30.727">
<failure message="assignment-board-comprehensive.spec.ts:183:9 should show correct room assignment statistics" type="FAILURE">
<![CDATA[  [chromium-admin] › admin/assignment-board-comprehensive.spec.ts:183:9 › Assignment Board - Comprehensive Testing › Visual Feedback and UX › should show correct room assignment statistics 

    TimeoutError: page.fill: Timeout 10000ms exceeded.
    Call log:
      - waiting for locator('[data-testid="email-input"]')


      10 |     // Login as admin
      11 |     await page.goto('/login');
    > 12 |     await page.fill('[data-testid="email-input"]', 'admin@heiwa.house');
         |                ^
      13 |     await page.fill('[data-testid="password-input"]', 'admin123456');
      14 |     await page.click('[data-testid="login-button"]');
      15 |     await page.waitForURL('**/admin');
        at /Users/lukatenbosch/Downloads/heiwahouse/wavecampdashboard/tests/admin/assignment-board-comprehensive.spec.ts:12:16

    attachment #1: screenshot (image/png) ──────────────────────────────────────────────────────────
    results/admin-assignment-board-com-8a7e6--room-assignment-statistics-chromium-admin/test-failed-1.png
    ────────────────────────────────────────────────────────────────────────────────────────────────

    attachment #2: video (video/webm) ──────────────────────────────────────────────────────────────
    results/admin-assignment-board-com-8a7e6--room-assignment-statistics-chromium-admin/video.webm
    ────────────────────────────────────────────────────────────────────────────────────────────────

    Error Context: results/admin-assignment-board-com-8a7e6--room-assignment-statistics-chromium-admin/error-context.md

    Retry #1 ───────────────────────────────────────────────────────────────────────────────────────

    TimeoutError: page.fill: Timeout 10000ms exceeded.
    Call log:
      - waiting for locator('[data-testid="email-input"]')


      10 |     // Login as admin
      11 |     await page.goto('/login');
    > 12 |     await page.fill('[data-testid="email-input"]', 'admin@heiwa.house');
         |                ^
      13 |     await page.fill('[data-testid="password-input"]', 'admin123456');
      14 |     await page.click('[data-testid="login-button"]');
      15 |     await page.waitForURL('**/admin');
        at /Users/lukatenbosch/Downloads/heiwahouse/wavecampdashboard/tests/admin/assignment-board-comprehensive.spec.ts:12:16

    attachment #1: screenshot (image/png) ──────────────────────────────────────────────────────────
    results/admin-assignment-board-com-8a7e6--room-assignment-statistics-chromium-admin-retry1/test-failed-1.png
    ────────────────────────────────────────────────────────────────────────────────────────────────

    attachment #2: video (video/webm) ──────────────────────────────────────────────────────────────
    results/admin-assignment-board-com-8a7e6--room-assignment-statistics-chromium-admin-retry1/video.webm
    ────────────────────────────────────────────────────────────────────────────────────────────────

    Error Context: results/admin-assignment-board-com-8a7e6--room-assignment-statistics-chromium-admin-retry1/error-context.md

    attachment #4: trace (application/zip) ─────────────────────────────────────────────────────────
    results/admin-assignment-board-com-8a7e6--room-assignment-statistics-chromium-admin-retry1/trace.zip
    Usage:

        npx playwright show-trace results/admin-assignment-board-com-8a7e6--room-assignment-statistics-chromium-admin-retry1/trace.zip

    ────────────────────────────────────────────────────────────────────────────────────────────────
]]>
</failure>
<system-out>
<![CDATA[
[[ATTACHMENT|../tests/results/admin-assignment-board-com-8a7e6--room-assignment-statistics-chromium-admin/test-failed-1.png]]

[[ATTACHMENT|../tests/results/admin-assignment-board-com-8a7e6--room-assignment-statistics-chromium-admin/video.webm]]

[[ATTACHMENT|../tests/results/admin-assignment-board-com-8a7e6--room-assignment-statistics-chromium-admin/error-context.md]]

[[ATTACHMENT|../tests/results/admin-assignment-board-com-8a7e6--room-assignment-statistics-chromium-admin-retry1/test-failed-1.png]]

[[ATTACHMENT|../tests/results/admin-assignment-board-com-8a7e6--room-assignment-statistics-chromium-admin-retry1/video.webm]]

[[ATTACHMENT|../tests/results/admin-assignment-board-com-8a7e6--room-assignment-statistics-chromium-admin-retry1/error-context.md]]

[[ATTACHMENT|../tests/results/admin-assignment-board-com-8a7e6--room-assignment-statistics-chromium-admin-retry1/trace.zip]]
]]>
</system-out>
</testcase>
<testcase name="Assignment Board - Comprehensive Testing › Save and Persistence › should save assignments and persist after refresh" classname="admin/assignment-board-comprehensive.spec.ts" time="29.722">
<failure message="assignment-board-comprehensive.spec.ts:208:9 should save assignments and persist after refresh" type="FAILURE">
<![CDATA[  [chromium-admin] › admin/assignment-board-comprehensive.spec.ts:208:9 › Assignment Board - Comprehensive Testing › Save and Persistence › should save assignments and persist after refresh 

    TimeoutError: page.fill: Timeout 10000ms exceeded.
    Call log:
      - waiting for locator('[data-testid="email-input"]')


      10 |     // Login as admin
      11 |     await page.goto('/login');
    > 12 |     await page.fill('[data-testid="email-input"]', 'admin@heiwa.house');
         |                ^
      13 |     await page.fill('[data-testid="password-input"]', 'admin123456');
      14 |     await page.click('[data-testid="login-button"]');
      15 |     await page.waitForURL('**/admin');
        at /Users/lukatenbosch/Downloads/heiwahouse/wavecampdashboard/tests/admin/assignment-board-comprehensive.spec.ts:12:16

    attachment #1: screenshot (image/png) ──────────────────────────────────────────────────────────
    results/admin-assignment-board-com-1a2c2-s-and-persist-after-refresh-chromium-admin/test-failed-1.png
    ────────────────────────────────────────────────────────────────────────────────────────────────

    attachment #2: video (video/webm) ──────────────────────────────────────────────────────────────
    results/admin-assignment-board-com-1a2c2-s-and-persist-after-refresh-chromium-admin/video.webm
    ────────────────────────────────────────────────────────────────────────────────────────────────

    Error Context: results/admin-assignment-board-com-1a2c2-s-and-persist-after-refresh-chromium-admin/error-context.md

    Retry #1 ───────────────────────────────────────────────────────────────────────────────────────

    TimeoutError: page.fill: Timeout 10000ms exceeded.
    Call log:
      - waiting for locator('[data-testid="email-input"]')


      10 |     // Login as admin
      11 |     await page.goto('/login');
    > 12 |     await page.fill('[data-testid="email-input"]', 'admin@heiwa.house');
         |                ^
      13 |     await page.fill('[data-testid="password-input"]', 'admin123456');
      14 |     await page.click('[data-testid="login-button"]');
      15 |     await page.waitForURL('**/admin');
        at /Users/lukatenbosch/Downloads/heiwahouse/wavecampdashboard/tests/admin/assignment-board-comprehensive.spec.ts:12:16

    attachment #1: screenshot (image/png) ──────────────────────────────────────────────────────────
    results/admin-assignment-board-com-1a2c2-s-and-persist-after-refresh-chromium-admin-retry1/test-failed-1.png
    ────────────────────────────────────────────────────────────────────────────────────────────────

    attachment #2: video (video/webm) ──────────────────────────────────────────────────────────────
    results/admin-assignment-board-com-1a2c2-s-and-persist-after-refresh-chromium-admin-retry1/video.webm
    ────────────────────────────────────────────────────────────────────────────────────────────────

    Error Context: results/admin-assignment-board-com-1a2c2-s-and-persist-after-refresh-chromium-admin-retry1/error-context.md

    attachment #4: trace (application/zip) ─────────────────────────────────────────────────────────
    results/admin-assignment-board-com-1a2c2-s-and-persist-after-refresh-chromium-admin-retry1/trace.zip
    Usage:

        npx playwright show-trace results/admin-assignment-board-com-1a2c2-s-and-persist-after-refresh-chromium-admin-retry1/trace.zip

    ────────────────────────────────────────────────────────────────────────────────────────────────
]]>
</failure>
<system-out>
<![CDATA[
[[ATTACHMENT|../tests/results/admin-assignment-board-com-1a2c2-s-and-persist-after-refresh-chromium-admin/test-failed-1.png]]

[[ATTACHMENT|../tests/results/admin-assignment-board-com-1a2c2-s-and-persist-after-refresh-chromium-admin/video.webm]]

[[ATTACHMENT|../tests/results/admin-assignment-board-com-1a2c2-s-and-persist-after-refresh-chromium-admin/error-context.md]]

[[ATTACHMENT|../tests/results/admin-assignment-board-com-1a2c2-s-and-persist-after-refresh-chromium-admin-retry1/test-failed-1.png]]

[[ATTACHMENT|../tests/results/admin-assignment-board-com-1a2c2-s-and-persist-after-refresh-chromium-admin-retry1/video.webm]]

[[ATTACHMENT|../tests/results/admin-assignment-board-com-1a2c2-s-and-persist-after-refresh-chromium-admin-retry1/error-context.md]]

[[ATTACHMENT|../tests/results/admin-assignment-board-com-1a2c2-s-and-persist-after-refresh-chromium-admin-retry1/trace.zip]]
]]>
</system-out>
</testcase>
<testcase name="Assignment Board - Comprehensive Testing › Save and Persistence › should handle save errors gracefully" classname="admin/assignment-board-comprehensive.spec.ts" time="32.367">
<failure message="assignment-board-comprehensive.spec.ts:237:9 should handle save errors gracefully" type="FAILURE">
<![CDATA[  [chromium-admin] › admin/assignment-board-comprehensive.spec.ts:237:9 › Assignment Board - Comprehensive Testing › Save and Persistence › should handle save errors gracefully 

    TimeoutError: page.fill: Timeout 10000ms exceeded.
    Call log:
      - waiting for locator('[data-testid="email-input"]')


      10 |     // Login as admin
      11 |     await page.goto('/login');
    > 12 |     await page.fill('[data-testid="email-input"]', 'admin@heiwa.house');
         |                ^
      13 |     await page.fill('[data-testid="password-input"]', 'admin123456');
      14 |     await page.click('[data-testid="login-button"]');
      15 |     await page.waitForURL('**/admin');
        at /Users/lukatenbosch/Downloads/heiwahouse/wavecampdashboard/tests/admin/assignment-board-comprehensive.spec.ts:12:16

    attachment #1: screenshot (image/png) ──────────────────────────────────────────────────────────
    results/admin-assignment-board-com-1ae57-ndle-save-errors-gracefully-chromium-admin/test-failed-1.png
    ────────────────────────────────────────────────────────────────────────────────────────────────

    attachment #2: video (video/webm) ──────────────────────────────────────────────────────────────
    results/admin-assignment-board-com-1ae57-ndle-save-errors-gracefully-chromium-admin/video.webm
    ────────────────────────────────────────────────────────────────────────────────────────────────

    Error Context: results/admin-assignment-board-com-1ae57-ndle-save-errors-gracefully-chromium-admin/error-context.md

    Retry #1 ───────────────────────────────────────────────────────────────────────────────────────

    TimeoutError: page.fill: Timeout 10000ms exceeded.
    Call log:
      - waiting for locator('[data-testid="email-input"]')


      10 |     // Login as admin
      11 |     await page.goto('/login');
    > 12 |     await page.fill('[data-testid="email-input"]', 'admin@heiwa.house');
         |                ^
      13 |     await page.fill('[data-testid="password-input"]', 'admin123456');
      14 |     await page.click('[data-testid="login-button"]');
      15 |     await page.waitForURL('**/admin');
        at /Users/lukatenbosch/Downloads/heiwahouse/wavecampdashboard/tests/admin/assignment-board-comprehensive.spec.ts:12:16

    attachment #1: screenshot (image/png) ──────────────────────────────────────────────────────────
    results/admin-assignment-board-com-1ae57-ndle-save-errors-gracefully-chromium-admin-retry1/test-failed-1.png
    ────────────────────────────────────────────────────────────────────────────────────────────────

    attachment #2: video (video/webm) ──────────────────────────────────────────────────────────────
    results/admin-assignment-board-com-1ae57-ndle-save-errors-gracefully-chromium-admin-retry1/video.webm
    ────────────────────────────────────────────────────────────────────────────────────────────────

    Error Context: results/admin-assignment-board-com-1ae57-ndle-save-errors-gracefully-chromium-admin-retry1/error-context.md

    attachment #4: trace (application/zip) ─────────────────────────────────────────────────────────
    results/admin-assignment-board-com-1ae57-ndle-save-errors-gracefully-chromium-admin-retry1/trace.zip
    Usage:

        npx playwright show-trace results/admin-assignment-board-com-1ae57-ndle-save-errors-gracefully-chromium-admin-retry1/trace.zip

    ────────────────────────────────────────────────────────────────────────────────────────────────
]]>
</failure>
<system-out>
<![CDATA[
[[ATTACHMENT|../tests/results/admin-assignment-board-com-1ae57-ndle-save-errors-gracefully-chromium-admin/test-failed-1.png]]

[[ATTACHMENT|../tests/results/admin-assignment-board-com-1ae57-ndle-save-errors-gracefully-chromium-admin/video.webm]]

[[ATTACHMENT|../tests/results/admin-assignment-board-com-1ae57-ndle-save-errors-gracefully-chromium-admin/error-context.md]]

[[ATTACHMENT|../tests/results/admin-assignment-board-com-1ae57-ndle-save-errors-gracefully-chromium-admin-retry1/test-failed-1.png]]

[[ATTACHMENT|../tests/results/admin-assignment-board-com-1ae57-ndle-save-errors-gracefully-chromium-admin-retry1/video.webm]]

[[ATTACHMENT|../tests/results/admin-assignment-board-com-1ae57-ndle-save-errors-gracefully-chromium-admin-retry1/error-context.md]]

[[ATTACHMENT|../tests/results/admin-assignment-board-com-1ae57-ndle-save-errors-gracefully-chromium-admin-retry1/trace.zip]]
]]>
</system-out>
</testcase>
<testcase name="Assignment Board - Comprehensive Testing › Week Selection and Data Loading › should load different week data when selection changes" classname="admin/assignment-board-comprehensive.spec.ts" time="32.318">
<failure message="assignment-board-comprehensive.spec.ts:258:9 should load different week data when selection changes" type="FAILURE">
<![CDATA[  [chromium-admin] › admin/assignment-board-comprehensive.spec.ts:258:9 › Assignment Board - Comprehensive Testing › Week Selection and Data Loading › should load different week data when selection changes 

    TimeoutError: page.fill: Timeout 10000ms exceeded.
    Call log:
      - waiting for locator('[data-testid="email-input"]')


      10 |     // Login as admin
      11 |     await page.goto('/login');
    > 12 |     await page.fill('[data-testid="email-input"]', 'admin@heiwa.house');
         |                ^
      13 |     await page.fill('[data-testid="password-input"]', 'admin123456');
      14 |     await page.click('[data-testid="login-button"]');
      15 |     await page.waitForURL('**/admin');
        at /Users/lukatenbosch/Downloads/heiwahouse/wavecampdashboard/tests/admin/assignment-board-comprehensive.spec.ts:12:16

    attachment #1: screenshot (image/png) ──────────────────────────────────────────────────────────
    results/admin-assignment-board-com-a8d99-data-when-selection-changes-chromium-admin/test-failed-1.png
    ────────────────────────────────────────────────────────────────────────────────────────────────

    attachment #2: video (video/webm) ──────────────────────────────────────────────────────────────
    results/admin-assignment-board-com-a8d99-data-when-selection-changes-chromium-admin/video.webm
    ────────────────────────────────────────────────────────────────────────────────────────────────

    Error Context: results/admin-assignment-board-com-a8d99-data-when-selection-changes-chromium-admin/error-context.md

    Retry #1 ───────────────────────────────────────────────────────────────────────────────────────

    TimeoutError: page.fill: Timeout 10000ms exceeded.
    Call log:
      - waiting for locator('[data-testid="email-input"]')


      10 |     // Login as admin
      11 |     await page.goto('/login');
    > 12 |     await page.fill('[data-testid="email-input"]', 'admin@heiwa.house');
         |                ^
      13 |     await page.fill('[data-testid="password-input"]', 'admin123456');
      14 |     await page.click('[data-testid="login-button"]');
      15 |     await page.waitForURL('**/admin');
        at /Users/lukatenbosch/Downloads/heiwahouse/wavecampdashboard/tests/admin/assignment-board-comprehensive.spec.ts:12:16

    attachment #1: screenshot (image/png) ──────────────────────────────────────────────────────────
    results/admin-assignment-board-com-a8d99-data-when-selection-changes-chromium-admin-retry1/test-failed-1.png
    ────────────────────────────────────────────────────────────────────────────────────────────────

    attachment #2: video (video/webm) ──────────────────────────────────────────────────────────────
    results/admin-assignment-board-com-a8d99-data-when-selection-changes-chromium-admin-retry1/video.webm
    ────────────────────────────────────────────────────────────────────────────────────────────────

    Error Context: results/admin-assignment-board-com-a8d99-data-when-selection-changes-chromium-admin-retry1/error-context.md

    attachment #4: trace (application/zip) ─────────────────────────────────────────────────────────
    results/admin-assignment-board-com-a8d99-data-when-selection-changes-chromium-admin-retry1/trace.zip
    Usage:

        npx playwright show-trace results/admin-assignment-board-com-a8d99-data-when-selection-changes-chromium-admin-retry1/trace.zip

    ────────────────────────────────────────────────────────────────────────────────────────────────
]]>
</failure>
<system-out>
<![CDATA[
[[ATTACHMENT|../tests/results/admin-assignment-board-com-a8d99-data-when-selection-changes-chromium-admin/test-failed-1.png]]

[[ATTACHMENT|../tests/results/admin-assignment-board-com-a8d99-data-when-selection-changes-chromium-admin/video.webm]]

[[ATTACHMENT|../tests/results/admin-assignment-board-com-a8d99-data-when-selection-changes-chromium-admin/error-context.md]]

[[ATTACHMENT|../tests/results/admin-assignment-board-com-a8d99-data-when-selection-changes-chromium-admin-retry1/test-failed-1.png]]

[[ATTACHMENT|../tests/results/admin-assignment-board-com-a8d99-data-when-selection-changes-chromium-admin-retry1/video.webm]]

[[ATTACHMENT|../tests/results/admin-assignment-board-com-a8d99-data-when-selection-changes-chromium-admin-retry1/error-context.md]]

[[ATTACHMENT|../tests/results/admin-assignment-board-com-a8d99-data-when-selection-changes-chromium-admin-retry1/trace.zip]]
]]>
</system-out>
</testcase>
<testcase name="Assignment Board - Comprehensive Testing › Week Selection and Data Loading › should handle weeks with no participants" classname="admin/assignment-board-comprehensive.spec.ts" time="32.385">
<failure message="assignment-board-comprehensive.spec.ts:279:9 should handle weeks with no participants" type="FAILURE">
<![CDATA[  [chromium-admin] › admin/assignment-board-comprehensive.spec.ts:279:9 › Assignment Board - Comprehensive Testing › Week Selection and Data Loading › should handle weeks with no participants 

    TimeoutError: page.fill: Timeout 10000ms exceeded.
    Call log:
      - waiting for locator('[data-testid="email-input"]')


      10 |     // Login as admin
      11 |     await page.goto('/login');
    > 12 |     await page.fill('[data-testid="email-input"]', 'admin@heiwa.house');
         |                ^
      13 |     await page.fill('[data-testid="password-input"]', 'admin123456');
      14 |     await page.click('[data-testid="login-button"]');
      15 |     await page.waitForURL('**/admin');
        at /Users/lukatenbosch/Downloads/heiwahouse/wavecampdashboard/tests/admin/assignment-board-comprehensive.spec.ts:12:16

    attachment #1: screenshot (image/png) ──────────────────────────────────────────────────────────
    results/admin-assignment-board-com-e8737--weeks-with-no-participants-chromium-admin/test-failed-1.png
    ────────────────────────────────────────────────────────────────────────────────────────────────

    attachment #2: video (video/webm) ──────────────────────────────────────────────────────────────
    results/admin-assignment-board-com-e8737--weeks-with-no-participants-chromium-admin/video.webm
    ────────────────────────────────────────────────────────────────────────────────────────────────

    Error Context: results/admin-assignment-board-com-e8737--weeks-with-no-participants-chromium-admin/error-context.md

    Retry #1 ───────────────────────────────────────────────────────────────────────────────────────

    TimeoutError: page.fill: Timeout 10000ms exceeded.
    Call log:
      - waiting for locator('[data-testid="email-input"]')


      10 |     // Login as admin
      11 |     await page.goto('/login');
    > 12 |     await page.fill('[data-testid="email-input"]', 'admin@heiwa.house');
         |                ^
      13 |     await page.fill('[data-testid="password-input"]', 'admin123456');
      14 |     await page.click('[data-testid="login-button"]');
      15 |     await page.waitForURL('**/admin');
        at /Users/lukatenbosch/Downloads/heiwahouse/wavecampdashboard/tests/admin/assignment-board-comprehensive.spec.ts:12:16

    attachment #1: screenshot (image/png) ──────────────────────────────────────────────────────────
    results/admin-assignment-board-com-e8737--weeks-with-no-participants-chromium-admin-retry1/test-failed-1.png
    ────────────────────────────────────────────────────────────────────────────────────────────────

    attachment #2: video (video/webm) ──────────────────────────────────────────────────────────────
    results/admin-assignment-board-com-e8737--weeks-with-no-participants-chromium-admin-retry1/video.webm
    ────────────────────────────────────────────────────────────────────────────────────────────────

    Error Context: results/admin-assignment-board-com-e8737--weeks-with-no-participants-chromium-admin-retry1/error-context.md

    attachment #4: trace (application/zip) ─────────────────────────────────────────────────────────
    results/admin-assignment-board-com-e8737--weeks-with-no-participants-chromium-admin-retry1/trace.zip
    Usage:

        npx playwright show-trace results/admin-assignment-board-com-e8737--weeks-with-no-participants-chromium-admin-retry1/trace.zip

    ────────────────────────────────────────────────────────────────────────────────────────────────
]]>
</failure>
<system-out>
<![CDATA[
[[ATTACHMENT|../tests/results/admin-assignment-board-com-e8737--weeks-with-no-participants-chromium-admin/test-failed-1.png]]

[[ATTACHMENT|../tests/results/admin-assignment-board-com-e8737--weeks-with-no-participants-chromium-admin/video.webm]]

[[ATTACHMENT|../tests/results/admin-assignment-board-com-e8737--weeks-with-no-participants-chromium-admin/error-context.md]]

[[ATTACHMENT|../tests/results/admin-assignment-board-com-e8737--weeks-with-no-participants-chromium-admin-retry1/test-failed-1.png]]

[[ATTACHMENT|../tests/results/admin-assignment-board-com-e8737--weeks-with-no-participants-chromium-admin-retry1/video.webm]]

[[ATTACHMENT|../tests/results/admin-assignment-board-com-e8737--weeks-with-no-participants-chromium-admin-retry1/error-context.md]]

[[ATTACHMENT|../tests/results/admin-assignment-board-com-e8737--weeks-with-no-participants-chromium-admin-retry1/trace.zip]]
]]>
</system-out>
</testcase>
<testcase name="Assignment Board - Comprehensive Testing › Accessibility and Keyboard Navigation › should support keyboard navigation" classname="admin/assignment-board-comprehensive.spec.ts" time="32.3">
<failure message="assignment-board-comprehensive.spec.ts:296:9 should support keyboard navigation" type="FAILURE">
<![CDATA[  [chromium-admin] › admin/assignment-board-comprehensive.spec.ts:296:9 › Assignment Board - Comprehensive Testing › Accessibility and Keyboard Navigation › should support keyboard navigation 

    TimeoutError: page.fill: Timeout 10000ms exceeded.
    Call log:
      - waiting for locator('[data-testid="email-input"]')


      10 |     // Login as admin
      11 |     await page.goto('/login');
    > 12 |     await page.fill('[data-testid="email-input"]', 'admin@heiwa.house');
         |                ^
      13 |     await page.fill('[data-testid="password-input"]', 'admin123456');
      14 |     await page.click('[data-testid="login-button"]');
      15 |     await page.waitForURL('**/admin');
        at /Users/lukatenbosch/Downloads/heiwahouse/wavecampdashboard/tests/admin/assignment-board-comprehensive.spec.ts:12:16

    attachment #1: screenshot (image/png) ──────────────────────────────────────────────────────────
    results/admin-assignment-board-com-2545e-support-keyboard-navigation-chromium-admin/test-failed-1.png
    ────────────────────────────────────────────────────────────────────────────────────────────────

    attachment #2: video (video/webm) ──────────────────────────────────────────────────────────────
    results/admin-assignment-board-com-2545e-support-keyboard-navigation-chromium-admin/video.webm
    ────────────────────────────────────────────────────────────────────────────────────────────────

    Error Context: results/admin-assignment-board-com-2545e-support-keyboard-navigation-chromium-admin/error-context.md

    Retry #1 ───────────────────────────────────────────────────────────────────────────────────────

    TimeoutError: page.fill: Timeout 10000ms exceeded.
    Call log:
      - waiting for locator('[data-testid="email-input"]')


      10 |     // Login as admin
      11 |     await page.goto('/login');
    > 12 |     await page.fill('[data-testid="email-input"]', 'admin@heiwa.house');
         |                ^
      13 |     await page.fill('[data-testid="password-input"]', 'admin123456');
      14 |     await page.click('[data-testid="login-button"]');
      15 |     await page.waitForURL('**/admin');
        at /Users/lukatenbosch/Downloads/heiwahouse/wavecampdashboard/tests/admin/assignment-board-comprehensive.spec.ts:12:16

    attachment #1: screenshot (image/png) ──────────────────────────────────────────────────────────
    results/admin-assignment-board-com-2545e-support-keyboard-navigation-chromium-admin-retry1/test-failed-1.png
    ────────────────────────────────────────────────────────────────────────────────────────────────

    attachment #2: video (video/webm) ──────────────────────────────────────────────────────────────
    results/admin-assignment-board-com-2545e-support-keyboard-navigation-chromium-admin-retry1/video.webm
    ────────────────────────────────────────────────────────────────────────────────────────────────

    Error Context: results/admin-assignment-board-com-2545e-support-keyboard-navigation-chromium-admin-retry1/error-context.md

    attachment #4: trace (application/zip) ─────────────────────────────────────────────────────────
    results/admin-assignment-board-com-2545e-support-keyboard-navigation-chromium-admin-retry1/trace.zip
    Usage:

        npx playwright show-trace results/admin-assignment-board-com-2545e-support-keyboard-navigation-chromium-admin-retry1/trace.zip

    ────────────────────────────────────────────────────────────────────────────────────────────────
]]>
</failure>
<system-out>
<![CDATA[
[[ATTACHMENT|../tests/results/admin-assignment-board-com-2545e-support-keyboard-navigation-chromium-admin/test-failed-1.png]]

[[ATTACHMENT|../tests/results/admin-assignment-board-com-2545e-support-keyboard-navigation-chromium-admin/video.webm]]

[[ATTACHMENT|../tests/results/admin-assignment-board-com-2545e-support-keyboard-navigation-chromium-admin/error-context.md]]

[[ATTACHMENT|../tests/results/admin-assignment-board-com-2545e-support-keyboard-navigation-chromium-admin-retry1/test-failed-1.png]]

[[ATTACHMENT|../tests/results/admin-assignment-board-com-2545e-support-keyboard-navigation-chromium-admin-retry1/video.webm]]

[[ATTACHMENT|../tests/results/admin-assignment-board-com-2545e-support-keyboard-navigation-chromium-admin-retry1/error-context.md]]

[[ATTACHMENT|../tests/results/admin-assignment-board-com-2545e-support-keyboard-navigation-chromium-admin-retry1/trace.zip]]
]]>
</system-out>
</testcase>
<testcase name="Assignment Board - Comprehensive Testing › Accessibility and Keyboard Navigation › should have proper ARIA labels" classname="admin/assignment-board-comprehensive.spec.ts" time="32.477">
<failure message="assignment-board-comprehensive.spec.ts:314:9 should have proper ARIA labels" type="FAILURE">
<![CDATA[  [chromium-admin] › admin/assignment-board-comprehensive.spec.ts:314:9 › Assignment Board - Comprehensive Testing › Accessibility and Keyboard Navigation › should have proper ARIA labels 

    TimeoutError: page.fill: Timeout 10000ms exceeded.
    Call log:
      - waiting for locator('[data-testid="email-input"]')


      10 |     // Login as admin
      11 |     await page.goto('/login');
    > 12 |     await page.fill('[data-testid="email-input"]', 'admin@heiwa.house');
         |                ^
      13 |     await page.fill('[data-testid="password-input"]', 'admin123456');
      14 |     await page.click('[data-testid="login-button"]');
      15 |     await page.waitForURL('**/admin');
        at /Users/lukatenbosch/Downloads/heiwahouse/wavecampdashboard/tests/admin/assignment-board-comprehensive.spec.ts:12:16

    attachment #1: screenshot (image/png) ──────────────────────────────────────────────────────────
    results/admin-assignment-board-com-53187-uld-have-proper-ARIA-labels-chromium-admin/test-failed-1.png
    ────────────────────────────────────────────────────────────────────────────────────────────────

    attachment #2: video (video/webm) ──────────────────────────────────────────────────────────────
    results/admin-assignment-board-com-53187-uld-have-proper-ARIA-labels-chromium-admin/video.webm
    ────────────────────────────────────────────────────────────────────────────────────────────────

    Error Context: results/admin-assignment-board-com-53187-uld-have-proper-ARIA-labels-chromium-admin/error-context.md

    Retry #1 ───────────────────────────────────────────────────────────────────────────────────────

    TimeoutError: page.fill: Timeout 10000ms exceeded.
    Call log:
      - waiting for locator('[data-testid="email-input"]')


      10 |     // Login as admin
      11 |     await page.goto('/login');
    > 12 |     await page.fill('[data-testid="email-input"]', 'admin@heiwa.house');
         |                ^
      13 |     await page.fill('[data-testid="password-input"]', 'admin123456');
      14 |     await page.click('[data-testid="login-button"]');
      15 |     await page.waitForURL('**/admin');
        at /Users/lukatenbosch/Downloads/heiwahouse/wavecampdashboard/tests/admin/assignment-board-comprehensive.spec.ts:12:16

    attachment #1: screenshot (image/png) ──────────────────────────────────────────────────────────
    results/admin-assignment-board-com-53187-uld-have-proper-ARIA-labels-chromium-admin-retry1/test-failed-1.png
    ────────────────────────────────────────────────────────────────────────────────────────────────

    attachment #2: video (video/webm) ──────────────────────────────────────────────────────────────
    results/admin-assignment-board-com-53187-uld-have-proper-ARIA-labels-chromium-admin-retry1/video.webm
    ────────────────────────────────────────────────────────────────────────────────────────────────

    Error Context: results/admin-assignment-board-com-53187-uld-have-proper-ARIA-labels-chromium-admin-retry1/error-context.md

    attachment #4: trace (application/zip) ─────────────────────────────────────────────────────────
    results/admin-assignment-board-com-53187-uld-have-proper-ARIA-labels-chromium-admin-retry1/trace.zip
    Usage:

        npx playwright show-trace results/admin-assignment-board-com-53187-uld-have-proper-ARIA-labels-chromium-admin-retry1/trace.zip

    ────────────────────────────────────────────────────────────────────────────────────────────────
]]>
</failure>
<system-out>
<![CDATA[
[[ATTACHMENT|../tests/results/admin-assignment-board-com-53187-uld-have-proper-ARIA-labels-chromium-admin/test-failed-1.png]]

[[ATTACHMENT|../tests/results/admin-assignment-board-com-53187-uld-have-proper-ARIA-labels-chromium-admin/video.webm]]

[[ATTACHMENT|../tests/results/admin-assignment-board-com-53187-uld-have-proper-ARIA-labels-chromium-admin/error-context.md]]

[[ATTACHMENT|../tests/results/admin-assignment-board-com-53187-uld-have-proper-ARIA-labels-chromium-admin-retry1/test-failed-1.png]]

[[ATTACHMENT|../tests/results/admin-assignment-board-com-53187-uld-have-proper-ARIA-labels-chromium-admin-retry1/video.webm]]

[[ATTACHMENT|../tests/results/admin-assignment-board-com-53187-uld-have-proper-ARIA-labels-chromium-admin-retry1/error-context.md]]

[[ATTACHMENT|../tests/results/admin-assignment-board-com-53187-uld-have-proper-ARIA-labels-chromium-admin-retry1/trace.zip]]
]]>
</system-out>
</testcase>
</testsuite>
<testsuite name="admin/assignment-board.spec.ts" timestamp="2025-09-17T23:26:21.514Z" hostname="chromium-admin" tests="10" failures="10" skipped="0" time="220.518" errors="0">
<testcase name="Admin Assignment Board (ASSIGN-001) › should load assignment board with participants and rooms" classname="admin/assignment-board.spec.ts" time="23.411">
<failure message="assignment-board.spec.ts:25:7 should load assignment board with participants and rooms" type="FAILURE">
<![CDATA[  [chromium-admin] › admin/assignment-board.spec.ts:25:7 › Admin Assignment Board (ASSIGN-001) › should load assignment board with participants and rooms 

    Error: expect(locator).toHaveText(expected) failed

    Locator: locator('[data-testid="assignments-title"]')
    Expected string: "Room Assignments"
    Received: <element(s) not found>
    Timeout: 5000ms

    Call log:
      - Expect "toHaveText" with timeout 5000ms
      - waiting for locator('[data-testid="assignments-title"]')


      33 |
      34 |     // Verify page loads with title
    > 35 |     await expect(page.locator('[data-testid="assignments-title"]')).toHaveText('Room Assignments')
         |                                                                     ^
      36 |
      37 |     // Verify week selector is present
      38 |     await expect(page.locator('select, [role="combobox"]')).toBeVisible()
        at /Users/lukatenbosch/Downloads/heiwahouse/wavecampdashboard/tests/admin/assignment-board.spec.ts:35:69

    attachment #1: screenshot (image/png) ──────────────────────────────────────────────────────────
    results/admin-assignment-board-Adm-c28b5-with-participants-and-rooms-chromium-admin/test-failed-1.png
    ────────────────────────────────────────────────────────────────────────────────────────────────

    attachment #2: video (video/webm) ──────────────────────────────────────────────────────────────
    results/admin-assignment-board-Adm-c28b5-with-participants-and-rooms-chromium-admin/video.webm
    ────────────────────────────────────────────────────────────────────────────────────────────────

    Error Context: results/admin-assignment-board-Adm-c28b5-with-participants-and-rooms-chromium-admin/error-context.md

    Retry #1 ───────────────────────────────────────────────────────────────────────────────────────

    Error: expect(locator).toHaveText(expected) failed

    Locator: locator('[data-testid="assignments-title"]')
    Expected string: "Room Assignments"
    Received: <element(s) not found>
    Timeout: 5000ms

    Call log:
      - Expect "toHaveText" with timeout 5000ms
      - waiting for locator('[data-testid="assignments-title"]')


      33 |
      34 |     // Verify page loads with title
    > 35 |     await expect(page.locator('[data-testid="assignments-title"]')).toHaveText('Room Assignments')
         |                                                                     ^
      36 |
      37 |     // Verify week selector is present
      38 |     await expect(page.locator('select, [role="combobox"]')).toBeVisible()
        at /Users/lukatenbosch/Downloads/heiwahouse/wavecampdashboard/tests/admin/assignment-board.spec.ts:35:69

    attachment #1: screenshot (image/png) ──────────────────────────────────────────────────────────
    results/admin-assignment-board-Adm-c28b5-with-participants-and-rooms-chromium-admin-retry1/test-failed-1.png
    ────────────────────────────────────────────────────────────────────────────────────────────────

    attachment #2: video (video/webm) ──────────────────────────────────────────────────────────────
    results/admin-assignment-board-Adm-c28b5-with-participants-and-rooms-chromium-admin-retry1/video.webm
    ────────────────────────────────────────────────────────────────────────────────────────────────

    Error Context: results/admin-assignment-board-Adm-c28b5-with-participants-and-rooms-chromium-admin-retry1/error-context.md

    attachment #4: trace (application/zip) ─────────────────────────────────────────────────────────
    results/admin-assignment-board-Adm-c28b5-with-participants-and-rooms-chromium-admin-retry1/trace.zip
    Usage:

        npx playwright show-trace results/admin-assignment-board-Adm-c28b5-with-participants-and-rooms-chromium-admin-retry1/trace.zip

    ────────────────────────────────────────────────────────────────────────────────────────────────
]]>
</failure>
<system-out>
<![CDATA[
[[ATTACHMENT|../tests/results/admin-assignment-board-Adm-c28b5-with-participants-and-rooms-chromium-admin/test-failed-1.png]]

[[ATTACHMENT|../tests/results/admin-assignment-board-Adm-c28b5-with-participants-and-rooms-chromium-admin/video.webm]]

[[ATTACHMENT|../tests/results/admin-assignment-board-Adm-c28b5-with-participants-and-rooms-chromium-admin/error-context.md]]

[[ATTACHMENT|../tests/results/admin-assignment-board-Adm-c28b5-with-participants-and-rooms-chromium-admin-retry1/test-failed-1.png]]

[[ATTACHMENT|../tests/results/admin-assignment-board-Adm-c28b5-with-participants-and-rooms-chromium-admin-retry1/video.webm]]

[[ATTACHMENT|../tests/results/admin-assignment-board-Adm-c28b5-with-participants-and-rooms-chromium-admin-retry1/error-context.md]]

[[ATTACHMENT|../tests/results/admin-assignment-board-Adm-c28b5-with-participants-and-rooms-chromium-admin-retry1/trace.zip]]
]]>
</system-out>
</testcase>
<testcase name="Admin Assignment Board (ASSIGN-001) › should allow week selection and update data accordingly" classname="admin/assignment-board.spec.ts" time="29.15">
<failure message="assignment-board.spec.ts:53:7 should allow week selection and update data accordingly" type="FAILURE">
<![CDATA[  [chromium-admin] › admin/assignment-board.spec.ts:53:7 › Admin Assignment Board (ASSIGN-001) › should allow week selection and update data accordingly 

    TimeoutError: locator.click: Timeout 10000ms exceeded.
    Call log:
      - waiting for locator('button').filter({ hasText: 'March 15-22, 2024' }).first()


      61 |     // Select different week
      62 |     const weekSelector = page.locator('button').filter({ hasText: 'March 15-22, 2024' }).first()
    > 63 |     await weekSelector.click()
         |                        ^
      64 |
      65 |     // Wait for data to update
      66 |     await page.waitForTimeout(1000)
        at /Users/lukatenbosch/Downloads/heiwahouse/wavecampdashboard/tests/admin/assignment-board.spec.ts:63:24

    attachment #1: screenshot (image/png) ──────────────────────────────────────────────────────────
    results/admin-assignment-board-Adm-c477e-and-update-data-accordingly-chromium-admin/test-failed-1.png
    ────────────────────────────────────────────────────────────────────────────────────────────────

    attachment #2: video (video/webm) ──────────────────────────────────────────────────────────────
    results/admin-assignment-board-Adm-c477e-and-update-data-accordingly-chromium-admin/video.webm
    ────────────────────────────────────────────────────────────────────────────────────────────────

    Error Context: results/admin-assignment-board-Adm-c477e-and-update-data-accordingly-chromium-admin/error-context.md

    Retry #1 ───────────────────────────────────────────────────────────────────────────────────────

    TimeoutError: locator.click: Timeout 10000ms exceeded.
    Call log:
      - waiting for locator('button').filter({ hasText: 'March 15-22, 2024' }).first()


      61 |     // Select different week
      62 |     const weekSelector = page.locator('button').filter({ hasText: 'March 15-22, 2024' }).first()
    > 63 |     await weekSelector.click()
         |                        ^
      64 |
      65 |     // Wait for data to update
      66 |     await page.waitForTimeout(1000)
        at /Users/lukatenbosch/Downloads/heiwahouse/wavecampdashboard/tests/admin/assignment-board.spec.ts:63:24

    attachment #1: screenshot (image/png) ──────────────────────────────────────────────────────────
    results/admin-assignment-board-Adm-c477e-and-update-data-accordingly-chromium-admin-retry1/test-failed-1.png
    ────────────────────────────────────────────────────────────────────────────────────────────────

    attachment #2: video (video/webm) ──────────────────────────────────────────────────────────────
    results/admin-assignment-board-Adm-c477e-and-update-data-accordingly-chromium-admin-retry1/video.webm
    ────────────────────────────────────────────────────────────────────────────────────────────────

    Error Context: results/admin-assignment-board-Adm-c477e-and-update-data-accordingly-chromium-admin-retry1/error-context.md

    attachment #4: trace (application/zip) ─────────────────────────────────────────────────────────
    results/admin-assignment-board-Adm-c477e-and-update-data-accordingly-chromium-admin-retry1/trace.zip
    Usage:

        npx playwright show-trace results/admin-assignment-board-Adm-c477e-and-update-data-accordingly-chromium-admin-retry1/trace.zip

    ────────────────────────────────────────────────────────────────────────────────────────────────
]]>
</failure>
<system-out>
<![CDATA[
[[ATTACHMENT|../tests/results/admin-assignment-board-Adm-c477e-and-update-data-accordingly-chromium-admin/test-failed-1.png]]

[[ATTACHMENT|../tests/results/admin-assignment-board-Adm-c477e-and-update-data-accordingly-chromium-admin/video.webm]]

[[ATTACHMENT|../tests/results/admin-assignment-board-Adm-c477e-and-update-data-accordingly-chromium-admin/error-context.md]]

[[ATTACHMENT|../tests/results/admin-assignment-board-Adm-c477e-and-update-data-accordingly-chromium-admin-retry1/test-failed-1.png]]

[[ATTACHMENT|../tests/results/admin-assignment-board-Adm-c477e-and-update-data-accordingly-chromium-admin-retry1/video.webm]]

[[ATTACHMENT|../tests/results/admin-assignment-board-Adm-c477e-and-update-data-accordingly-chromium-admin-retry1/error-context.md]]

[[ATTACHMENT|../tests/results/admin-assignment-board-Adm-c477e-and-update-data-accordingly-chromium-admin-retry1/trace.zip]]
]]>
</system-out>
</testcase>
<testcase name="Admin Assignment Board (ASSIGN-001) › should display participant information correctly" classname="admin/assignment-board.spec.ts" time="19.492">
<failure message="assignment-board.spec.ts:73:7 should display participant information correctly" type="FAILURE">
<![CDATA[  [chromium-admin] › admin/assignment-board.spec.ts:73:7 › Admin Assignment Board (ASSIGN-001) › should display participant information correctly 

    Error: expect(locator).toBeVisible() failed

    Locator:  locator('[data-testid^="participant-card-"]').first()
    Expected: visible
    Received: <element(s) not found>
    Timeout:  5000ms

    Call log:
      - Expect "toBeVisible" with timeout 5000ms
      - waiting for locator('[data-testid^="participant-card-"]').first()


      80 |
      81 |     // Verify participants are loaded using data-testid (check that at least one exists)
    > 82 |     await expect(page.locator('[data-testid^="participant-card-"]').first()).toBeVisible()
         |                                                                              ^
      83 |
      84 |     // Verify participant details are displayed
      85 |     await expect(page.locator('[data-testid^="participant-card-"] .badge, [data-testid^="participant-card-"] [class*="badge"]')).toBeVisible()
        at /Users/lukatenbosch/Downloads/heiwahouse/wavecampdashboard/tests/admin/assignment-board.spec.ts:82:78

    attachment #1: screenshot (image/png) ──────────────────────────────────────────────────────────
    results/admin-assignment-board-Adm-4982b-ipant-information-correctly-chromium-admin/test-failed-1.png
    ────────────────────────────────────────────────────────────────────────────────────────────────

    attachment #2: video (video/webm) ──────────────────────────────────────────────────────────────
    results/admin-assignment-board-Adm-4982b-ipant-information-correctly-chromium-admin/video.webm
    ────────────────────────────────────────────────────────────────────────────────────────────────

    Error Context: results/admin-assignment-board-Adm-4982b-ipant-information-correctly-chromium-admin/error-context.md

    Retry #1 ───────────────────────────────────────────────────────────────────────────────────────

    Error: expect(locator).toBeVisible() failed

    Locator:  locator('[data-testid^="participant-card-"]').first()
    Expected: visible
    Received: <element(s) not found>
    Timeout:  5000ms

    Call log:
      - Expect "toBeVisible" with timeout 5000ms
      - waiting for locator('[data-testid^="participant-card-"]').first()


      80 |
      81 |     // Verify participants are loaded using data-testid (check that at least one exists)
    > 82 |     await expect(page.locator('[data-testid^="participant-card-"]').first()).toBeVisible()
         |                                                                              ^
      83 |
      84 |     // Verify participant details are displayed
      85 |     await expect(page.locator('[data-testid^="participant-card-"] .badge, [data-testid^="participant-card-"] [class*="badge"]')).toBeVisible()
        at /Users/lukatenbosch/Downloads/heiwahouse/wavecampdashboard/tests/admin/assignment-board.spec.ts:82:78

    attachment #1: screenshot (image/png) ──────────────────────────────────────────────────────────
    results/admin-assignment-board-Adm-4982b-ipant-information-correctly-chromium-admin-retry1/test-failed-1.png
    ────────────────────────────────────────────────────────────────────────────────────────────────

    attachment #2: video (video/webm) ──────────────────────────────────────────────────────────────
    results/admin-assignment-board-Adm-4982b-ipant-information-correctly-chromium-admin-retry1/video.webm
    ────────────────────────────────────────────────────────────────────────────────────────────────

    Error Context: results/admin-assignment-board-Adm-4982b-ipant-information-correctly-chromium-admin-retry1/error-context.md

    attachment #4: trace (application/zip) ─────────────────────────────────────────────────────────
    results/admin-assignment-board-Adm-4982b-ipant-information-correctly-chromium-admin-retry1/trace.zip
    Usage:

        npx playwright show-trace results/admin-assignment-board-Adm-4982b-ipant-information-correctly-chromium-admin-retry1/trace.zip

    ────────────────────────────────────────────────────────────────────────────────────────────────
]]>
</failure>
<system-out>
<![CDATA[
[[ATTACHMENT|../tests/results/admin-assignment-board-Adm-4982b-ipant-information-correctly-chromium-admin/test-failed-1.png]]

[[ATTACHMENT|../tests/results/admin-assignment-board-Adm-4982b-ipant-information-correctly-chromium-admin/video.webm]]

[[ATTACHMENT|../tests/results/admin-assignment-board-Adm-4982b-ipant-information-correctly-chromium-admin/error-context.md]]

[[ATTACHMENT|../tests/results/admin-assignment-board-Adm-4982b-ipant-information-correctly-chromium-admin-retry1/test-failed-1.png]]

[[ATTACHMENT|../tests/results/admin-assignment-board-Adm-4982b-ipant-information-correctly-chromium-admin-retry1/video.webm]]

[[ATTACHMENT|../tests/results/admin-assignment-board-Adm-4982b-ipant-information-correctly-chromium-admin-retry1/error-context.md]]

[[ATTACHMENT|../tests/results/admin-assignment-board-Adm-4982b-ipant-information-correctly-chromium-admin-retry1/trace.zip]]
]]>
</system-out>
</testcase>
<testcase name="Admin Assignment Board (ASSIGN-001) › should display room information and capacity" classname="admin/assignment-board.spec.ts" time="20.069">
<failure message="assignment-board.spec.ts:88:7 should display room information and capacity" type="FAILURE">
<![CDATA[  [chromium-admin] › admin/assignment-board.spec.ts:88:7 › Admin Assignment Board (ASSIGN-001) › should display room information and capacity 

    Error: expect(locator).toBeVisible() failed

    Locator:  locator('[data-testid^="room-zone-"]').first()
    Expected: visible
    Received: <element(s) not found>
    Timeout:  5000ms

    Call log:
      - Expect "toBeVisible" with timeout 5000ms
      - waiting for locator('[data-testid^="room-zone-"]').first()


       95 |
       96 |     // Verify room zones are present using data-testid (check that at least one exists)
    >  97 |     await expect(page.locator('[data-testid^="room-zone-"]').first()).toBeVisible()
          |                                                                       ^
       98 |
       99 |     // Verify room badges and capacity indicators are displayed
      100 |     await expect(page.locator('[data-testid^="room-zone-"] .badge, [data-testid^="room-zone-"] [class*="badge"]')).toBeVisible()
        at /Users/lukatenbosch/Downloads/heiwahouse/wavecampdashboard/tests/admin/assignment-board.spec.ts:97:71

    attachment #1: screenshot (image/png) ──────────────────────────────────────────────────────────
    results/admin-assignment-board-Adm-f88bc-om-information-and-capacity-chromium-admin/test-failed-1.png
    ────────────────────────────────────────────────────────────────────────────────────────────────

[...]

    Retry #1 ───────────────────────────────────────────────────────────────────────────────────────

    Error: page.goto: net::ERR_CONNECTION_REFUSED at http://localhost:3005/book
    Call log:
      - navigating to "http://localhost:3005/book", waiting until "load"


      234 |
      235 |   test('should handle navigation between steps', async ({ page }) => {
    > 236 |     await page.goto('/book');
          |                ^
      237 |     await page.waitForLoadState('networkidle');
      238 |
      239 |     // Go to step 2
        at /Users/lukatenbosch/Downloads/heiwahouse/wavecampdashboard/tests/booking-flow.spec.ts:236:16

    attachment #1: screenshot (image/png) ──────────────────────────────────────────────────────────
    results/booking-flow-Public-Bookin-822f8-le-navigation-between-steps-mobile-chrome-retry1/test-failed-1.png
    ────────────────────────────────────────────────────────────────────────────────────────────────

    attachment #2: video (video/webm) ──────────────────────────────────────────────────────────────
    results/booking-flow-Public-Bookin-822f8-le-navigation-between-steps-mobile-chrome-retry1/video.webm
    ────────────────────────────────────────────────────────────────────────────────────────────────

    attachment #3: trace (application/zip) ─────────────────────────────────────────────────────────
    results/booking-flow-Public-Bookin-822f8-le-navigation-between-steps-mobile-chrome-retry1/trace.zip
    Usage:

        npx playwright show-trace results/booking-flow-Public-Bookin-822f8-le-navigation-between-steps-mobile-chrome-retry1/trace.zip

    ────────────────────────────────────────────────────────────────────────────────────────────────
]]>
</failure>
<system-out>
<![CDATA[
[[ATTACHMENT|../tests/results/booking-flow-Public-Bookin-822f8-le-navigation-between-steps-mobile-chrome/test-failed-1.png]]

[[ATTACHMENT|../tests/results/booking-flow-Public-Bookin-822f8-le-navigation-between-steps-mobile-chrome/video.webm]]

[[ATTACHMENT|../tests/results/booking-flow-Public-Bookin-822f8-le-navigation-between-steps-mobile-chrome-retry1/test-failed-1.png]]

[[ATTACHMENT|../tests/results/booking-flow-Public-Bookin-822f8-le-navigation-between-steps-mobile-chrome-retry1/video.webm]]

[[ATTACHMENT|../tests/results/booking-flow-Public-Bookin-822f8-le-navigation-between-steps-mobile-chrome-retry1/trace.zip]]
]]>
</system-out>
</testcase>
<testcase name="Public Booking Flow (BOOKING-FLOW-001) › should show progress indicator correctly" classname="booking-flow.spec.ts" time="0.669">
<failure message="booking-flow.spec.ts:262:7 should show progress indicator correctly" type="FAILURE">
<![CDATA[  [mobile-chrome] › booking-flow.spec.ts:262:7 › Public Booking Flow (BOOKING-FLOW-001) › should show progress indicator correctly 

    Error: page.goto: net::ERR_CONNECTION_REFUSED at http://localhost:3005/book
    Call log:
      - navigating to "http://localhost:3005/book", waiting until "load"


      261 |
      262 |   test('should show progress indicator correctly', async ({ page }) => {
    > 263 |     await page.goto('/book');
          |                ^
      264 |     await page.waitForLoadState('networkidle');
      265 |
      266 |     // Verify initial progress (step 1 of 5 = 20%)
        at /Users/lukatenbosch/Downloads/heiwahouse/wavecampdashboard/tests/booking-flow.spec.ts:263:16

    attachment #1: screenshot (image/png) ──────────────────────────────────────────────────────────
    results/booking-flow-Public-Bookin-ef7ed-rogress-indicator-correctly-mobile-chrome/test-failed-1.png
    ────────────────────────────────────────────────────────────────────────────────────────────────

    attachment #2: video (video/webm) ──────────────────────────────────────────────────────────────
    results/booking-flow-Public-Bookin-ef7ed-rogress-indicator-correctly-mobile-chrome/video.webm
    ────────────────────────────────────────────────────────────────────────────────────────────────

    Retry #1 ───────────────────────────────────────────────────────────────────────────────────────

    Error: page.goto: net::ERR_CONNECTION_REFUSED at http://localhost:3005/book
    Call log:
      - navigating to "http://localhost:3005/book", waiting until "load"


      261 |
      262 |   test('should show progress indicator correctly', async ({ page }) => {
    > 263 |     await page.goto('/book');
          |                ^
      264 |     await page.waitForLoadState('networkidle');
      265 |
      266 |     // Verify initial progress (step 1 of 5 = 20%)
        at /Users/lukatenbosch/Downloads/heiwahouse/wavecampdashboard/tests/booking-flow.spec.ts:263:16

    attachment #1: screenshot (image/png) ──────────────────────────────────────────────────────────
    results/booking-flow-Public-Bookin-ef7ed-rogress-indicator-correctly-mobile-chrome-retry1/test-failed-1.png
    ────────────────────────────────────────────────────────────────────────────────────────────────

    attachment #2: video (video/webm) ──────────────────────────────────────────────────────────────
    results/booking-flow-Public-Bookin-ef7ed-rogress-indicator-correctly-mobile-chrome-retry1/video.webm
    ────────────────────────────────────────────────────────────────────────────────────────────────

    attachment #3: trace (application/zip) ─────────────────────────────────────────────────────────
    results/booking-flow-Public-Bookin-ef7ed-rogress-indicator-correctly-mobile-chrome-retry1/trace.zip
    Usage:

        npx playwright show-trace results/booking-flow-Public-Bookin-ef7ed-rogress-indicator-correctly-mobile-chrome-retry1/trace.zip

    ────────────────────────────────────────────────────────────────────────────────────────────────
]]>
</failure>
<system-out>
<![CDATA[
[[ATTACHMENT|../tests/results/booking-flow-Public-Bookin-ef7ed-rogress-indicator-correctly-mobile-chrome/test-failed-1.png]]

[[ATTACHMENT|../tests/results/booking-flow-Public-Bookin-ef7ed-rogress-indicator-correctly-mobile-chrome/video.webm]]

[[ATTACHMENT|../tests/results/booking-flow-Public-Bookin-ef7ed-rogress-indicator-correctly-mobile-chrome-retry1/test-failed-1.png]]

[[ATTACHMENT|../tests/results/booking-flow-Public-Bookin-ef7ed-rogress-indicator-correctly-mobile-chrome-retry1/video.webm]]

[[ATTACHMENT|../tests/results/booking-flow-Public-Bookin-ef7ed-rogress-indicator-correctly-mobile-chrome-retry1/trace.zip]]
]]>
</system-out>
</testcase>
</testsuite>
<testsuite name="client/booking-flow.spec.ts" timestamp="2025-09-17T23:26:21.514Z" hostname="mobile-chrome" tests="4" failures="4" skipped="0" time="1.998" errors="0">
<testcase name="Complete Booking Flow › should complete full booking journey from discovery to payment" classname="client/booking-flow.spec.ts" time="0.594">
<failure message="booking-flow.spec.ts:4:7 should complete full booking journey from discovery to payment" type="FAILURE">
<![CDATA[  [mobile-chrome] › client/booking-flow.spec.ts:4:7 › Complete Booking Flow › should complete full booking journey from discovery to payment 

    Error: page.goto: net::ERR_CONNECTION_REFUSED at http://localhost:3005/weeks
    Call log:
      - navigating to "http://localhost:3005/weeks", waiting until "load"


      4 |   test('should complete full booking journey from discovery to payment', async ({ page }) => {
      5 |     // Step 1: Navigate to weeks page and verify loading
    > 6 |     await page.goto('/weeks')
        |                ^
      7 |     await page.waitForLoadState('networkidle')
      8 |
      9 |     // Wait for weeks to load (mock data takes 1 second)
        at /Users/lukatenbosch/Downloads/heiwahouse/wavecampdashboard/tests/client/booking-flow.spec.ts:6:16

    attachment #1: screenshot (image/png) ──────────────────────────────────────────────────────────
    results/client-booking-flow-Comple-29586-y-from-discovery-to-payment-mobile-chrome/test-failed-1.png
    ────────────────────────────────────────────────────────────────────────────────────────────────

    attachment #2: video (video/webm) ──────────────────────────────────────────────────────────────
    results/client-booking-flow-Comple-29586-y-from-discovery-to-payment-mobile-chrome/video.webm
    ────────────────────────────────────────────────────────────────────────────────────────────────

    Retry #1 ───────────────────────────────────────────────────────────────────────────────────────

    Error: page.goto: net::ERR_CONNECTION_REFUSED at http://localhost:3005/weeks
    Call log:
      - navigating to "http://localhost:3005/weeks", waiting until "load"


      4 |   test('should complete full booking journey from discovery to payment', async ({ page }) => {
      5 |     // Step 1: Navigate to weeks page and verify loading
    > 6 |     await page.goto('/weeks')
        |                ^
      7 |     await page.waitForLoadState('networkidle')
      8 |
      9 |     // Wait for weeks to load (mock data takes 1 second)
        at /Users/lukatenbosch/Downloads/heiwahouse/wavecampdashboard/tests/client/booking-flow.spec.ts:6:16

    attachment #1: screenshot (image/png) ──────────────────────────────────────────────────────────
    results/client-booking-flow-Comple-29586-y-from-discovery-to-payment-mobile-chrome-retry1/test-failed-1.png
    ────────────────────────────────────────────────────────────────────────────────────────────────

    attachment #2: video (video/webm) ──────────────────────────────────────────────────────────────
    results/client-booking-flow-Comple-29586-y-from-discovery-to-payment-mobile-chrome-retry1/video.webm
    ────────────────────────────────────────────────────────────────────────────────────────────────

    attachment #3: trace (application/zip) ─────────────────────────────────────────────────────────
    results/client-booking-flow-Comple-29586-y-from-discovery-to-payment-mobile-chrome-retry1/trace.zip
    Usage:

        npx playwright show-trace results/client-booking-flow-Comple-29586-y-from-discovery-to-payment-mobile-chrome-retry1/trace.zip

    ────────────────────────────────────────────────────────────────────────────────────────────────
]]>
</failure>
<system-out>
<![CDATA[
[[ATTACHMENT|../tests/results/client-booking-flow-Comple-29586-y-from-discovery-to-payment-mobile-chrome/test-failed-1.png]]

[[ATTACHMENT|../tests/results/client-booking-flow-Comple-29586-y-from-discovery-to-payment-mobile-chrome/video.webm]]

[[ATTACHMENT|../tests/results/client-booking-flow-Comple-29586-y-from-discovery-to-payment-mobile-chrome-retry1/test-failed-1.png]]

[[ATTACHMENT|../tests/results/client-booking-flow-Comple-29586-y-from-discovery-to-payment-mobile-chrome-retry1/video.webm]]

[[ATTACHMENT|../tests/results/client-booking-flow-Comple-29586-y-from-discovery-to-payment-mobile-chrome-retry1/trace.zip]]
]]>
</system-out>
</testcase>
<testcase name="Complete Booking Flow › should handle booking cancellation gracefully" classname="client/booking-flow.spec.ts" time="0.706">
<failure message="booking-flow.spec.ts:163:7 should handle booking cancellation gracefully" type="FAILURE">
<![CDATA[  [mobile-chrome] › client/booking-flow.spec.ts:163:7 › Complete Booking Flow › should handle booking cancellation gracefully 

    Error: page.goto: net::ERR_CONNECTION_REFUSED at http://localhost:3005/weeks
    Call log:
      - navigating to "http://localhost:3005/weeks", waiting until "load"


      163 |   test('should handle booking cancellation gracefully', async ({ page }) => {
      164 |     // Navigate to checkout
    > 165 |     await page.goto('/weeks')
          |                ^
      166 |     await page.waitForLoadState('networkidle')
      167 |     await page.waitForTimeout(1500)
      168 |
        at /Users/lukatenbosch/Downloads/heiwahouse/wavecampdashboard/tests/client/booking-flow.spec.ts:165:16

    attachment #1: screenshot (image/png) ──────────────────────────────────────────────────────────
    results/client-booking-flow-Comple-0a0f7-ing-cancellation-gracefully-mobile-chrome/test-failed-1.png
    ────────────────────────────────────────────────────────────────────────────────────────────────

    attachment #2: video (video/webm) ──────────────────────────────────────────────────────────────
    results/client-booking-flow-Comple-0a0f7-ing-cancellation-gracefully-mobile-chrome/video.webm
    ────────────────────────────────────────────────────────────────────────────────────────────────

    Retry #1 ───────────────────────────────────────────────────────────────────────────────────────

    Test was interrupted.

    attachment #1: video (video/webm) ──────────────────────────────────────────────────────────────
    results/client-booking-flow-Comple-0a0f7-ing-cancellation-gracefully-mobile-chrome-retry1/video.webm
    ────────────────────────────────────────────────────────────────────────────────────────────────

    attachment #2: screenshot (image/png) ──────────────────────────────────────────────────────────
    results/client-booking-flow-Comple-0a0f7-ing-cancellation-gracefully-mobile-chrome-retry1/test-failed-1.png
    ────────────────────────────────────────────────────────────────────────────────────────────────

    attachment #3: trace (application/zip) ─────────────────────────────────────────────────────────
    results/client-booking-flow-Comple-0a0f7-ing-cancellation-gracefully-mobile-chrome-retry1/trace.zip
    Usage:

        npx playwright show-trace results/client-booking-flow-Comple-0a0f7-ing-cancellation-gracefully-mobile-chrome-retry1/trace.zip

    ────────────────────────────────────────────────────────────────────────────────────────────────
]]>
</failure>
<system-out>
<![CDATA[
[[ATTACHMENT|../tests/results/client-booking-flow-Comple-0a0f7-ing-cancellation-gracefully-mobile-chrome/test-failed-1.png]]

[[ATTACHMENT|../tests/results/client-booking-flow-Comple-0a0f7-ing-cancellation-gracefully-mobile-chrome/video.webm]]

[[ATTACHMENT|../tests/results/client-booking-flow-Comple-0a0f7-ing-cancellation-gracefully-mobile-chrome-retry1/video.webm]]

[[ATTACHMENT|../tests/results/client-booking-flow-Comple-0a0f7-ing-cancellation-gracefully-mobile-chrome-retry1/test-failed-1.png]]

[[ATTACHMENT|../tests/results/client-booking-flow-Comple-0a0f7-ing-cancellation-gracefully-mobile-chrome-retry1/trace.zip]]
]]>
</system-out>
</testcase>
<testcase name="Complete Booking Flow › should validate required participant information" classname="client/booking-flow.spec.ts" time="0.456">
<failure message="booking-flow.spec.ts:191:7 should validate required participant information" type="FAILURE">
<![CDATA[  [mobile-chrome] › client/booking-flow.spec.ts:191:7 › Complete Booking Flow › should validate required participant information 

    Error: page.goto: net::ERR_CONNECTION_REFUSED at http://localhost:3005/weeks
    Call log:
      - navigating to "http://localhost:3005/weeks", waiting until "load"


      191 |   test('should validate required participant information', async ({ page }) => {
      192 |     // Navigate to checkout
    > 193 |     await page.goto('/weeks')
          |                ^
      194 |     await page.waitForLoadState('networkidle')
      195 |     await page.waitForTimeout(1500)
      196 |
        at /Users/lukatenbosch/Downloads/heiwahouse/wavecampdashboard/tests/client/booking-flow.spec.ts:193:16

    attachment #1: screenshot (image/png) ──────────────────────────────────────────────────────────
    results/client-booking-flow-Comple-801cd-red-participant-information-mobile-chrome/test-failed-1.png
    ────────────────────────────────────────────────────────────────────────────────────────────────

    attachment #2: video (video/webm) ──────────────────────────────────────────────────────────────
    results/client-booking-flow-Comple-801cd-red-participant-information-mobile-chrome/video.webm
    ────────────────────────────────────────────────────────────────────────────────────────────────

    Retry #1 ───────────────────────────────────────────────────────────────────────────────────────

    Test was interrupted.

    attachment #1: trace (application/zip) ─────────────────────────────────────────────────────────
    results/client-booking-flow-Comple-801cd-red-participant-information-mobile-chrome-retry1/trace.zip
    Usage:

        npx playwright show-trace results/client-booking-flow-Comple-801cd-red-participant-information-mobile-chrome-retry1/trace.zip

    ────────────────────────────────────────────────────────────────────────────────────────────────
]]>
</failure>
<system-out>
<![CDATA[
[[ATTACHMENT|../tests/results/client-booking-flow-Comple-801cd-red-participant-information-mobile-chrome/test-failed-1.png]]

[[ATTACHMENT|../tests/results/client-booking-flow-Comple-801cd-red-participant-information-mobile-chrome/video.webm]]

[[ATTACHMENT|../tests/results/client-booking-flow-Comple-801cd-red-participant-information-mobile-chrome-retry1/trace.zip]]
]]>
</system-out>
</testcase>
<testcase name="Complete Booking Flow › should handle sold out weeks appropriately" classname="client/booking-flow.spec.ts" time="0.242">
<failure message="booking-flow.spec.ts:230:7 should handle sold out weeks appropriately" type="FAILURE">
<![CDATA[  [mobile-chrome] › client/booking-flow.spec.ts:230:7 › Complete Booking Flow › should handle sold out weeks appropriately 

    Error: page.goto: net::ERR_CONNECTION_REFUSED at http://localhost:3005/weeks
    Call log:
      - navigating to "http://localhost:3005/weeks", waiting until "load"


      231 |     // This test would require mocking a sold out week
      232 |     // For now, we'll just verify the UI handles disabled states
    > 233 |     await page.goto('/weeks')
          |                ^
      234 |     await page.waitForLoadState('networkidle')
      235 |     await page.waitForTimeout(1500)
      236 |
        at /Users/lukatenbosch/Downloads/heiwahouse/wavecampdashboard/tests/client/booking-flow.spec.ts:233:16

    attachment #1: screenshot (image/png) ──────────────────────────────────────────────────────────
    results/client-booking-flow-Comple-ab153-old-out-weeks-appropriately-mobile-chrome/test-failed-1.png
    ────────────────────────────────────────────────────────────────────────────────────────────────

    attachment #2: video (video/webm) ──────────────────────────────────────────────────────────────
    results/client-booking-flow-Comple-ab153-old-out-weeks-appropriately-mobile-chrome/video.webm
    ────────────────────────────────────────────────────────────────────────────────────────────────
]]>
</failure>
<system-out>
<![CDATA[
[[ATTACHMENT|../tests/results/client-booking-flow-Comple-ab153-old-out-weeks-appropriately-mobile-chrome/test-failed-1.png]]

[[ATTACHMENT|../tests/results/client-booking-flow-Comple-ab153-old-out-weeks-appropriately-mobile-chrome/video.webm]]

[[ATTACHMENT|../tests/results/client-booking-flow-Comple-ab153-old-out-weeks-appropriately-mobile-chrome-retry1/trace.zip]]
]]>
</system-out>
</testcase>
</testsuite>
<testsuite name="client/booking-flow.spec.ts" timestamp="2025-09-17T23:26:21.514Z" hostname="mobile-safari" tests="4" failures="0" skipped="4" time="0.014" errors="0">
<testcase name="Complete Booking Flow › should complete full booking journey from discovery to payment" classname="client/booking-flow.spec.ts" time="0.003">
<skipped>
</skipped>
</testcase>
<testcase name="Complete Booking Flow › should handle booking cancellation gracefully" classname="client/booking-flow.spec.ts" time="0.011">
<skipped>
</skipped>
</testcase>
<testcase name="Complete Booking Flow › should validate required participant information" classname="client/booking-flow.spec.ts" time="0">
<skipped>
</skipped>
</testcase>
<testcase name="Complete Booking Flow › should handle sold out weeks appropriately" classname="client/booking-flow.spec.ts" time="0">
<skipped>
</skipped>
</testcase>
</testsuite>
</testsuites>