{"/Users/lukatenbosch/Downloads/heiwahouse/heiwa-page/app/api/add-ons/route.ts": {"path":"/Users/lukatenbosch/Downloads/heiwahouse/heiwa-page/app/api/add-ons/route.ts","statementMap":{"0":{"start":{"line":5,"column":22},"end":{"line":5,"column":null}},"1":{"start":{"line":39,"column":22},"end":{"line":39,"column":null}},"2":{"start":{"line":1,"column":29},"end":{"line":1,"column":null}},"3":{"start":{"line":2,"column":25},"end":{"line":2,"column":null}},"4":{"start":{"line":6,"column":2},"end":{"line":35,"column":null}},"5":{"start":{"line":8,"column":49},"end":{"line":13,"column":null}},"6":{"start":{"line":15,"column":4},"end":{"line":22,"column":null}},"7":{"start":{"line":16,"column":6},"end":{"line":16,"column":null}},"8":{"start":{"line":18,"column":6},"end":{"line":21,"column":null}},"9":{"start":{"line":24,"column":4},"end":{"line":27,"column":null}},"10":{"start":{"line":30,"column":4},"end":{"line":30,"column":null}},"11":{"start":{"line":31,"column":4},"end":{"line":34,"column":null}},"12":{"start":{"line":40,"column":2},"end":{"line":47,"column":null}}},"fnMap":{"0":{"name":"GET","decl":{"start":{"line":5,"column":22},"end":{"line":5,"column":null}},"loc":{"start":{"line":5,"column":22},"end":{"line":36,"column":null}}},"1":{"name":"OPTIONS","decl":{"start":{"line":39,"column":22},"end":{"line":39,"column":null}},"loc":{"start":{"line":39,"column":22},"end":{"line":48,"column":null}}}},"branchMap":{"0":{"loc":{"start":{"line":15,"column":4},"end":{"line":22,"column":null}},"type":"if","locations":[{"start":{"line":15,"column":4},"end":{"line":22,"column":null}},{"start":{},"end":{}}]},"1":{"loc":{"start":{"line":26,"column":14},"end":{"line":26,"column":26}},"type":"binary-expr","locations":[{"start":{"line":26,"column":14},"end":{"line":26,"column":24}},{"start":{"line":26,"column":24},"end":{"line":26,"column":26}}]}},"s":{"0":12,"1":2,"2":1,"3":1,"4":12,"5":12,"6":9,"7":2,"8":2,"9":7,"10":3,"11":3,"12":2},"f":{"0":12,"1":2},"b":{"0":[2,7],"1":[7,1]}}
,"/Users/lukatenbosch/Downloads/heiwahouse/heiwa-page/app/api/bookings/route.ts": {"path":"/Users/lukatenbosch/Downloads/heiwahouse/heiwa-page/app/api/bookings/route.ts","statementMap":{"0":{"start":{"line":193,"column":22},"end":{"line":193,"column":null}},"1":{"start":{"line":5,"column":22},"end":{"line":5,"column":27}},"2":{"start":{"line":1,"column":42},"end":{"line":1,"column":null}},"3":{"start":{"line":2,"column":25},"end":{"line":2,"column":null}},"4":{"start":{"line":6,"column":2},"end":{"line":189,"column":null}},"5":{"start":{"line":7,"column":17},"end":{"line":7,"column":null}},"6":{"start":{"line":8,"column":4},"end":{"line":8,"column":null}},"7":{"start":{"line":21,"column":8},"end":{"line":21,"column":null}},"8":{"start":{"line":24,"column":4},"end":{"line":29,"column":null}},"9":{"start":{"line":25,"column":6},"end":{"line":28,"column":null}},"10":{"start":{"line":31,"column":4},"end":{"line":36,"column":null}},"11":{"start":{"line":32,"column":6},"end":{"line":35,"column":null}},"12":{"start":{"line":38,"column":4},"end":{"line":43,"column":null}},"13":{"start":{"line":39,"column":6},"end":{"line":42,"column":null}},"14":{"start":{"line":46,"column":24},"end":{"line":59,"column":null}},"15":{"start":{"line":61,"column":51},"end":{"line":65,"column":null}},"16":{"start":{"line":67,"column":4},"end":{"line":73,"column":null}},"17":{"start":{"line":68,"column":6},"end":{"line":68,"column":null}},"18":{"start":{"line":69,"column":6},"end":{"line":72,"column":null}},"19":{"start":{"line":76,"column":32},"end":{"line":114,"column":null}},"20":{"start":{"line":88,"column":25},"end":{"line":100,"column":null}},"21":{"start":{"line":102,"column":51},"end":{"line":106,"column":null}},"22":{"start":{"line":108,"column":6},"end":{"line":111,"column":null}},"23":{"start":{"line":109,"column":8},"end":{"line":109,"column":null}},"24":{"start":{"line":110,"column":8},"end":{"line":110,"column":null}},"25":{"start":{"line":113,"column":6},"end":{"line":113,"column":null}},"26":{"start":{"line":116,"column":20},"end":{"line":116,"column":null}},"27":{"start":{"line":119,"column":4},"end":{"line":165,"column":null}},"28":{"start":{"line":121,"column":33},"end":{"line":140,"column":null}},"29":{"start":{"line":122,"column":31},"end":{"line":130,"column":null}},"30":{"start":{"line":132,"column":43},"end":{"line":134,"column":null}},"31":{"start":{"line":136,"column":8},"end":{"line":139,"column":null}},"32":{"start":{"line":137,"column":10},"end":{"line":137,"column":null}},"33":{"start":{"line":138,"column":10},"end":{"line":138,"column":null}},"34":{"start":{"line":142,"column":6},"end":{"line":142,"column":null}},"35":{"start":{"line":143,"column":11},"end":{"line":165,"column":null}},"36":{"start":{"line":145,"column":33},"end":{"line":162,"column":null}},"37":{"start":{"line":146,"column":31},"end":{"line":152,"column":null}},"38":{"start":{"line":154,"column":43},"end":{"line":156,"column":null}},"39":{"start":{"line":158,"column":8},"end":{"line":161,"column":null}},"40":{"start":{"line":159,"column":10},"end":{"line":159,"column":null}},"41":{"start":{"line":160,"column":10},"end":{"line":160,"column":null}},"42":{"start":{"line":164,"column":6},"end":{"line":164,"column":null}},"43":{"start":{"line":167,"column":4},"end":{"line":171,"column":null}},"44":{"start":{"line":173,"column":4},"end":{"line":181,"column":null}},"45":{"start":{"line":184,"column":4},"end":{"line":184,"column":null}},"46":{"start":{"line":185,"column":4},"end":{"line":188,"column":null}},"47":{"start":{"line":194,"column":2},"end":{"line":201,"column":null}}},"fnMap":{"0":{"name":"POST","decl":{"start":{"line":5,"column":22},"end":{"line":5,"column":27}},"loc":{"start":{"line":5,"column":47},"end":{"line":190,"column":null}}},"1":{"name":"(anonymous_4)","decl":{"start":{"line":76,"column":49},"end":{"line":76,"column":56}},"loc":{"start":{"line":87,"column":7},"end":{"line":114,"column":null}}},"2":{"name":"(anonymous_5)","decl":{"start":{"line":121,"column":45},"end":{"line":121,"column":52}},"loc":{"start":{"line":121,"column":52},"end":{"line":140,"column":null}}},"3":{"name":"(anonymous_6)","decl":{"start":{"line":145,"column":45},"end":{"line":145,"column":52}},"loc":{"start":{"line":145,"column":52},"end":{"line":162,"column":null}}},"4":{"name":"OPTIONS","decl":{"start":{"line":193,"column":22},"end":{"line":193,"column":null}},"loc":{"start":{"line":193,"column":22},"end":{"line":202,"column":null}}}},"branchMap":{"0":{"loc":{"start":{"line":16,"column":6},"end":{"line":16,"column":23}},"type":"default-arg","locations":[{"start":{"line":16,"column":21},"end":{"line":16,"column":23}}]},"1":{"loc":{"start":{"line":17,"column":6},"end":{"line":17,"column":18}},"type":"default-arg","locations":[{"start":{"line":17,"column":16},"end":{"line":17,"column":18}}]},"2":{"loc":{"start":{"line":24,"column":4},"end":{"line":29,"column":null}},"type":"if","locations":[{"start":{"line":24,"column":4},"end":{"line":29,"column":null}},{"start":{},"end":{}}]},"3":{"loc":{"start":{"line":24,"column":8},"end":{"line":24,"column":69}},"type":"binary-expr","locations":[{"start":{"line":24,"column":8},"end":{"line":24,"column":25}},{"start":{"line":24,"column":25},"end":{"line":24,"column":42}},{"start":{"line":24,"column":42},"end":{"line":24,"column":69}}]},"4":{"loc":{"start":{"line":31,"column":4},"end":{"line":36,"column":null}},"type":"if","locations":[{"start":{"line":31,"column":4},"end":{"line":36,"column":null}},{"start":{},"end":{}}]},"5":{"loc":{"start":{"line":31,"column":8},"end":{"line":31,"column":75}},"type":"binary-expr","locations":[{"start":{"line":31,"column":8},"end":{"line":31,"column":36}},{"start":{"line":31,"column":36},"end":{"line":31,"column":48}},{"start":{"line":31,"column":48},"end":{"line":31,"column":63}},{"start":{"line":31,"column":63},"end":{"line":31,"column":71}}]},"6":{"loc":{"start":{"line":38,"column":4},"end":{"line":43,"column":null}},"type":"if","locations":[{"start":{"line":38,"column":4},"end":{"line":43,"column":null}},{"start":{},"end":{}}]},"7":{"loc":{"start":{"line":38,"column":8},"end":{"line":38,"column":50}},"type":"binary-expr","locations":[{"start":{"line":38,"column":8},"end":{"line":38,"column":40}},{"start":{"line":38,"column":40},"end":{"line":38,"column":50}}]},"8":{"loc":{"start":{"line":48,"column":15},"end":{"line":48,"column":null}},"type":"binary-expr","locations":[{"start":{"line":48,"column":15},"end":{"line":48,"column":26}},{"start":{"line":48,"column":26},"end":{"line":48,"column":null}}]},"9":{"loc":{"start":{"line":49,"column":15},"end":{"line":49,"column":null}},"type":"binary-expr","locations":[{"start":{"line":49,"column":15},"end":{"line":49,"column":26}},{"start":{"line":49,"column":26},"end":{"line":49,"column":null}}]},"10":{"loc":{"start":{"line":50,"column":21},"end":{"line":50,"column":null}},"type":"binary-expr","locations":[{"start":{"line":50,"column":21},"end":{"line":50,"column":35}},{"start":{"line":50,"column":35},"end":{"line":50,"column":null}}]},"11":{"loc":{"start":{"line":51,"column":22},"end":{"line":51,"column":null}},"type":"binary-expr","locations":[{"start":{"line":51,"column":22},"end":{"line":51,"column":34}},{"start":{"line":51,"column":34},"end":{"line":51,"column":null}}]},"12":{"loc":{"start":{"line":53,"column":20},"end":{"line":53,"column":49}},"type":"binary-expr","locations":[{"start":{"line":53,"column":20},"end":{"line":53,"column":30}},{"start":{"line":53,"column":30},"end":{"line":53,"column":49}}]},"13":{"loc":{"start":{"line":56,"column":18},"end":{"line":56,"column":null}},"type":"binary-expr","locations":[{"start":{"line":56,"column":18},"end":{"line":56,"column":32}},{"start":{"line":56,"column":32},"end":{"line":56,"column":null}}]},"14":{"loc":{"start":{"line":67,"column":4},"end":{"line":73,"column":null}},"type":"if","locations":[{"start":{"line":67,"column":4},"end":{"line":73,"column":null}},{"start":{},"end":{}}]},"15":{"loc":{"start":{"line":67,"column":8},"end":{"line":67,"column":34}},"type":"binary-expr","locations":[{"start":{"line":67,"column":8},"end":{"line":67,"column":24}},{"start":{"line":67,"column":24},"end":{"line":67,"column":34}}]},"16":{"loc":{"start":{"line":89,"column":20},"end":{"line":89,"column":null}},"type":"binary-expr","locations":[{"start":{"line":89,"column":20},"end":{"line":89,"column":41}},{"start":{"line":89,"column":45},"end":{"line":89,"column":null}}]},"17":{"loc":{"start":{"line":90,"column":19},"end":{"line":90,"column":null}},"type":"binary-expr","locations":[{"start":{"line":90,"column":19},"end":{"line":90,"column":39}},{"start":{"line":90,"column":43},"end":{"line":90,"column":null}}]},"18":{"loc":{"start":{"line":91,"column":15},"end":{"line":91,"column":null}},"type":"binary-expr","locations":[{"start":{"line":91,"column":15},"end":{"line":91,"column":32}},{"start":{"line":91,"column":36},"end":{"line":91,"column":null}}]},"19":{"loc":{"start":{"line":92,"column":15},"end":{"line":92,"column":null}},"type":"binary-expr","locations":[{"start":{"line":92,"column":15},"end":{"line":92,"column":32}},{"start":{"line":92,"column":36},"end":{"line":92,"column":null}}]},"20":{"loc":{"start":{"line":93,"column":23},"end":{"line":93,"column":null}},"type":"binary-expr","locations":[{"start":{"line":93,"column":23},"end":{"line":93,"column":46}},{"start":{"line":93,"column":50},"end":{"line":93,"column":null}}]},"21":{"loc":{"start":{"line":94,"column":32},"end":{"line":94,"column":null}},"type":"binary-expr","locations":[{"start":{"line":94,"column":32},"end":{"line":94,"column":64}},{"start":{"line":94,"column":68},"end":{"line":94,"column":null}}]},"22":{"loc":{"start":{"line":95,"column":33},"end":{"line":95,"column":null}},"type":"binary-expr","locations":[{"start":{"line":95,"column":33},"end":{"line":95,"column":66}},{"start":{"line":95,"column":70},"end":{"line":95,"column":null}}]},"23":{"loc":{"start":{"line":96,"column":30},"end":{"line":96,"column":null}},"type":"binary-expr","locations":[{"start":{"line":96,"column":30},"end":{"line":96,"column":61}},{"start":{"line":96,"column":65},"end":{"line":96,"column":null}}]},"24":{"loc":{"start":{"line":97,"column":28},"end":{"line":97,"column":null}},"type":"binary-expr","locations":[{"start":{"line":97,"column":28},"end":{"line":97,"column":57}},{"start":{"line":97,"column":61},"end":{"line":97,"column":null}}]},"25":{"loc":{"start":{"line":98,"column":25},"end":{"line":98,"column":null}},"type":"binary-expr","locations":[{"start":{"line":98,"column":25},"end":{"line":98,"column":51}},{"start":{"line":98,"column":55},"end":{"line":98,"column":null}}]},"26":{"loc":{"start":{"line":108,"column":6},"end":{"line":111,"column":null}},"type":"if","locations":[{"start":{"line":108,"column":6},"end":{"line":111,"column":null}},{"start":{},"end":{}}]},"27":{"loc":{"start":{"line":119,"column":4},"end":{"line":165,"column":null}},"type":"if","locations":[{"start":{"line":119,"column":4},"end":{"line":165,"column":null}},{"start":{"line":143,"column":11},"end":{"line":165,"column":null}}]},"28":{"loc":{"start":{"line":136,"column":8},"end":{"line":139,"column":null}},"type":"if","locations":[{"start":{"line":136,"column":8},"end":{"line":139,"column":null}},{"start":{},"end":{}}]},"29":{"loc":{"start":{"line":143,"column":11},"end":{"line":165,"column":null}},"type":"if","locations":[{"start":{"line":143,"column":11},"end":{"line":165,"column":null}},{"start":{},"end":{}}]},"30":{"loc":{"start":{"line":158,"column":8},"end":{"line":161,"column":null}},"type":"if","locations":[{"start":{"line":158,"column":8},"end":{"line":161,"column":null}},{"start":{},"end":{}}]},"31":{"loc":{"start":{"line":187,"column":13},"end":{"line":187,"column":null}},"type":"cond-expr","locations":[{"start":{"line":187,"column":38},"end":{"line":187,"column":51}},{"start":{"line":187,"column":54},"end":{"line":187,"column":null}}]}},"s":{"0":2,"1":16,"2":1,"3":1,"4":16,"5":16,"6":15,"7":15,"8":15,"9":2,"10":13,"11":1,"12":12,"13":1,"14":11,"15":11,"16":11,"17":1,"18":1,"19":10,"20":20,"21":20,"22":20,"23":1,"24":1,"25":19,"26":10,"27":9,"28":8,"29":18,"30":18,"31":17,"32":0,"33":0,"34":8,"35":1,"36":1,"37":1,"38":1,"39":1,"40":0,"41":0,"42":1,"43":8,"44":8,"45":3,"46":3,"47":2},"f":{"0":16,"1":20,"2":18,"3":1,"4":2},"b":{"0":[0],"1":[14],"2":[2,13],"3":[15,14,14],"4":[1,12],"5":[13,11,10,10],"6":[1,11],"7":[12,2],"8":[11,1],"9":[11,10],"10":[11,1],"11":[11,1],"12":[11,0],"13":[11,10],"14":[1,10],"15":[11,10],"16":[20,0],"17":[20,0],"18":[20,0],"19":[20,0],"20":[20,19],"21":[20,19],"22":[20,19],"23":[20,19],"24":[20,19],"25":[20,18],"26":[1,19],"27":[8,1],"28":[0,17],"29":[1,0],"30":[0,1],"31":[2,1]}}
,"/Users/lukatenbosch/Downloads/heiwahouse/heiwa-page/app/api/dates/availability/route.ts": {"path":"/Users/lukatenbosch/Downloads/heiwahouse/heiwa-page/app/api/dates/availability/route.ts","statementMap":{"0":{"start":{"line":5,"column":22},"end":{"line":5,"column":26}},"1":{"start":{"line":109,"column":22},"end":{"line":109,"column":null}},"2":{"start":{"line":1,"column":42},"end":{"line":1,"column":null}},"3":{"start":{"line":2,"column":25},"end":{"line":2,"column":null}},"4":{"start":{"line":6,"column":2},"end":{"line":105,"column":null}},"5":{"start":{"line":7,"column":29},"end":{"line":7,"column":null}},"6":{"start":{"line":8,"column":22},"end":{"line":8,"column":null}},"7":{"start":{"line":9,"column":20},"end":{"line":9,"column":null}},"8":{"start":{"line":10,"column":25},"end":{"line":10,"column":null}},"9":{"start":{"line":12,"column":4},"end":{"line":12,"column":null}},"10":{"start":{"line":14,"column":4},"end":{"line":19,"column":null}},"11":{"start":{"line":15,"column":6},"end":{"line":18,"column":null}},"12":{"start":{"line":22,"column":18},"end":{"line":22,"column":null}},"13":{"start":{"line":23,"column":16},"end":{"line":23,"column":null}},"14":{"start":{"line":24,"column":32},"end":{"line":24,"column":34}},"15":{"start":{"line":26,"column":4},"end":{"line":28,"column":null}},"16":{"start":{"line":26,"column":17},"end":{"line":26,"column":34}},"17":{"start":{"line":27,"column":6},"end":{"line":27,"column":null}},"18":{"start":{"line":31,"column":29},"end":{"line":73,"column":null}},"19":{"start":{"line":34,"column":57},"end":{"line":39,"column":null}},"20":{"start":{"line":41,"column":8},"end":{"line":43,"column":null}},"21":{"start":{"line":42,"column":10},"end":{"line":42,"column":null}},"22":{"start":{"line":46,"column":57},"end":{"line":49,"column":null}},"23":{"start":{"line":52,"column":8},"end":{"line":54,"column":null}},"24":{"start":{"line":53,"column":10},"end":{"line":53,"column":null}},"25":{"start":{"line":57,"column":32},"end":{"line":60,"column":null}},"26":{"start":{"line":62,"column":30},"end":{"line":62,"column":null}},"27":{"start":{"line":62,"column":59},"end":{"line":62,"column":87}},"28":{"start":{"line":63,"column":31},"end":{"line":63,"column":null}},"29":{"start":{"line":64,"column":26},"end":{"line":64,"column":null}},"30":{"start":{"line":66,"column":8},"end":{"line":72,"column":null}},"31":{"start":{"line":76,"column":20},"end":{"line":82,"column":null}},"32":{"start":{"line":78,"column":52},"end":{"line":78,"column":63}},"33":{"start":{"line":79,"column":51},"end":{"line":79,"column":63}},"34":{"start":{"line":84,"column":4},"end":{"line":84,"column":null}},"35":{"start":{"line":86,"column":4},"end":{"line":97,"column":null}},"36":{"start":{"line":100,"column":4},"end":{"line":100,"column":null}},"37":{"start":{"line":101,"column":4},"end":{"line":104,"column":null}},"38":{"start":{"line":110,"column":2},"end":{"line":117,"column":null}}},"fnMap":{"0":{"name":"GET","decl":{"start":{"line":5,"column":22},"end":{"line":5,"column":26}},"loc":{"start":{"line":5,"column":46},"end":{"line":106,"column":null}}},"1":{"name":"(anonymous_4)","decl":{"start":{"line":32,"column":20},"end":{"line":32,"column":27}},"loc":{"start":{"line":32,"column":27},"end":{"line":73,"column":null}}},"2":{"name":"(anonymous_5)","decl":{"start":{"line":62,"column":44},"end":{"line":62,"column":45}},"loc":{"start":{"line":62,"column":59},"end":{"line":62,"column":87}}},"3":{"name":"(anonymous_6)","decl":{"start":{"line":78,"column":47},"end":{"line":78,"column":52}},"loc":{"start":{"line":78,"column":52},"end":{"line":78,"column":63}}},"4":{"name":"(anonymous_7)","decl":{"start":{"line":79,"column":46},"end":{"line":79,"column":51}},"loc":{"start":{"line":79,"column":51},"end":{"line":79,"column":63}}},"5":{"name":"OPTIONS","decl":{"start":{"line":109,"column":22},"end":{"line":109,"column":null}},"loc":{"start":{"line":109,"column":22},"end":{"line":118,"column":null}}}},"branchMap":{"0":{"loc":{"start":{"line":10,"column":34},"end":{"line":10,"column":null}},"type":"binary-expr","locations":[{"start":{"line":10,"column":34},"end":{"line":10,"column":70}},{"start":{"line":10,"column":70},"end":{"line":10,"column":null}}]},"1":{"loc":{"start":{"line":14,"column":4},"end":{"line":19,"column":null}},"type":"if","locations":[{"start":{"line":14,"column":4},"end":{"line":19,"column":null}},{"start":{},"end":{}}]},"2":{"loc":{"start":{"line":14,"column":8},"end":{"line":14,"column":32}},"type":"binary-expr","locations":[{"start":{"line":14,"column":8},"end":{"line":14,"column":22}},{"start":{"line":14,"column":22},"end":{"line":14,"column":32}}]},"3":{"loc":{"start":{"line":41,"column":8},"end":{"line":43,"column":null}},"type":"if","locations":[{"start":{"line":41,"column":8},"end":{"line":43,"column":null}},{"start":{},"end":{}}]},"4":{"loc":{"start":{"line":52,"column":8},"end":{"line":54,"column":null}},"type":"if","locations":[{"start":{"line":52,"column":8},"end":{"line":54,"column":null}},{"start":{},"end":{}}]},"5":{"loc":{"start":{"line":62,"column":30},"end":{"line":62,"column":null}},"type":"binary-expr","locations":[{"start":{"line":62,"column":30},"end":{"line":62,"column":93}},{"start":{"line":62,"column":93},"end":{"line":62,"column":null}}]},"6":{"loc":{"start":{"line":62,"column":66},"end":{"line":62,"column":87}},"type":"binary-expr","locations":[{"start":{"line":62,"column":66},"end":{"line":62,"column":79}},{"start":{"line":62,"column":83},"end":{"line":62,"column":87}}]},"7":{"loc":{"start":{"line":63,"column":32},"end":{"line":63,"column":62}},"type":"binary-expr","locations":[{"start":{"line":63,"column":32},"end":{"line":63,"column":56}},{"start":{"line":63,"column":56},"end":{"line":63,"column":62}}]},"8":{"loc":{"start":{"line":63,"column":62},"end":{"line":63,"column":null}},"type":"binary-expr","locations":[{"start":{"line":63,"column":62},"end":{"line":63,"column":86}},{"start":{"line":63,"column":86},"end":{"line":63,"column":null}}]},"9":{"loc":{"start":{"line":80,"column":22},"end":{"line":80,"column":null}},"type":"binary-expr","locations":[{"start":{"line":80,"column":22},"end":{"line":80,"column":55}},{"start":{"line":80,"column":55},"end":{"line":80,"column":null}}]},"10":{"loc":{"start":{"line":103,"column":13},"end":{"line":103,"column":null}},"type":"cond-expr","locations":[{"start":{"line":103,"column":38},"end":{"line":103,"column":51}},{"start":{"line":103,"column":54},"end":{"line":103,"column":null}}]}},"s":{"0":9,"1":2,"2":1,"3":1,"4":9,"5":9,"6":9,"7":9,"8":9,"9":9,"10":9,"11":2,"12":7,"13":7,"14":7,"15":7,"16":7,"17":9,"18":7,"19":9,"20":7,"21":0,"22":7,"23":7,"24":0,"25":7,"26":7,"27":12,"28":7,"29":7,"30":7,"31":6,"32":7,"33":7,"34":6,"35":6,"36":1,"37":1,"38":2},"f":{"0":9,"1":9,"2":12,"3":7,"4":7,"5":2},"b":{"0":[9,6],"1":[2,7],"2":[9,8],"3":[0,7],"4":[0,7],"5":[7,1],"6":[12,0],"7":[7,4],"8":[7,5],"9":[6,0],"10":[1,0]}}
,"/Users/lukatenbosch/Downloads/heiwahouse/heiwa-page/app/api/google-reviews/route.ts": {"path":"/Users/lukatenbosch/Downloads/heiwahouse/heiwa-page/app/api/google-reviews/route.ts","statementMap":{"0":{"start":{"line":3,"column":22},"end":{"line":3,"column":26}},"1":{"start":{"line":1,"column":42},"end":{"line":1,"column":null}},"2":{"start":{"line":4,"column":2},"end":{"line":42,"column":null}},"3":{"start":{"line":6,"column":20},"end":{"line":6,"column":37}},"4":{"start":{"line":7,"column":19},"end":{"line":7,"column":52}},"5":{"start":{"line":9,"column":4},"end":{"line":15,"column":null}},"6":{"start":{"line":10,"column":6},"end":{"line":10,"column":null}},"7":{"start":{"line":11,"column":6},"end":{"line":14,"column":null}},"8":{"start":{"line":18,"column":16},"end":{"line":18,"column":148}},"9":{"start":{"line":20,"column":21},"end":{"line":20,"column":null}},"10":{"start":{"line":21,"column":17},"end":{"line":21,"column":null}},"11":{"start":{"line":23,"column":4},"end":{"line":29,"column":null}},"12":{"start":{"line":24,"column":6},"end":{"line":24,"column":null}},"13":{"start":{"line":25,"column":6},"end":{"line":28,"column":null}},"14":{"start":{"line":31,"column":4},"end":{"line":34,"column":null}},"15":{"start":{"line":37,"column":4},"end":{"line":37,"column":null}},"16":{"start":{"line":38,"column":4},"end":{"line":41,"column":null}}},"fnMap":{"0":{"name":"GET","decl":{"start":{"line":3,"column":22},"end":{"line":3,"column":26}},"loc":{"start":{"line":3,"column":46},"end":{"line":43,"column":null}}}},"branchMap":{"0":{"loc":{"start":{"line":9,"column":4},"end":{"line":15,"column":null}},"type":"if","locations":[{"start":{"line":9,"column":4},"end":{"line":15,"column":null}},{"start":{},"end":{}}]},"1":{"loc":{"start":{"line":23,"column":4},"end":{"line":29,"column":null}},"type":"if","locations":[{"start":{"line":23,"column":4},"end":{"line":29,"column":null}},{"start":{},"end":{}}]}},"s":{"0":10,"1":1,"2":10,"3":10,"4":10,"5":10,"6":2,"7":2,"8":8,"9":8,"10":5,"11":5,"12":1,"13":1,"14":4,"15":3,"16":3},"f":{"0":10},"b":{"0":[2,8],"1":[1,4]}}
,"/Users/lukatenbosch/Downloads/heiwahouse/heiwa-page/app/api/rooms/route.ts": {"path":"/Users/lukatenbosch/Downloads/heiwahouse/heiwa-page/app/api/rooms/route.ts","statementMap":{"0":{"start":{"line":5,"column":22},"end":{"line":5,"column":null}},"1":{"start":{"line":89,"column":22},"end":{"line":89,"column":null}},"2":{"start":{"line":1,"column":42},"end":{"line":1,"column":null}},"3":{"start":{"line":2,"column":25},"end":{"line":2,"column":null}},"4":{"start":{"line":6,"column":2},"end":{"line":85,"column":null}},"5":{"start":{"line":7,"column":4},"end":{"line":7,"column":null}},"6":{"start":{"line":10,"column":47},"end":{"line":13,"column":null}},"7":{"start":{"line":16,"column":24},"end":{"line":17,"column":null}},"8":{"start":{"line":17,"column":6},"end":{"line":17,"column":null}},"9":{"start":{"line":20,"column":4},"end":{"line":26,"column":null}},"10":{"start":{"line":21,"column":6},"end":{"line":21,"column":null}},"11":{"start":{"line":22,"column":6},"end":{"line":25,"column":null}},"12":{"start":{"line":28,"column":4},"end":{"line":28,"column":null}},"13":{"start":{"line":29,"column":4},"end":{"line":29,"column":null}},"14":{"start":{"line":32,"column":29},"end":{"line":58,"column":null}},"15":{"start":{"line":44,"column":28},"end":{"line":44,"column":null}},"16":{"start":{"line":46,"column":6},"end":{"line":57,"column":null}},"17":{"start":{"line":60,"column":4},"end":{"line":70,"column":null}},"18":{"start":{"line":65,"column":11},"end":{"line":70,"column":null}},"19":{"start":{"line":72,"column":4},"end":{"line":77,"column":null}},"20":{"start":{"line":80,"column":4},"end":{"line":80,"column":null}},"21":{"start":{"line":81,"column":4},"end":{"line":84,"column":null}},"22":{"start":{"line":90,"column":2},"end":{"line":97,"column":null}}},"fnMap":{"0":{"name":"GET","decl":{"start":{"line":5,"column":22},"end":{"line":5,"column":null}},"loc":{"start":{"line":5,"column":22},"end":{"line":86,"column":null}}},"1":{"name":"(anonymous_4)","decl":{"start":{"line":16,"column":45},"end":{"line":16,"column":46}},"loc":{"start":{"line":17,"column":6},"end":{"line":17,"column":null}}},"2":{"name":"(anonymous_5)","decl":{"start":{"line":32,"column":45},"end":{"line":32,"column":46}},"loc":{"start":{"line":32,"column":46},"end":{"line":58,"column":null}}},"3":{"name":"(anonymous_6)","decl":{"start":{"line":60,"column":61},"end":{"line":60,"column":62}},"loc":{"start":{"line":65,"column":11},"end":{"line":70,"column":null}}},"4":{"name":"OPTIONS","decl":{"start":{"line":89,"column":22},"end":{"line":89,"column":null}},"loc":{"start":{"line":89,"column":22},"end":{"line":98,"column":null}}}},"branchMap":{"0":{"loc":{"start":{"line":16,"column":25},"end":{"line":16,"column":36}},"type":"binary-expr","locations":[{"start":{"line":16,"column":25},"end":{"line":16,"column":34}},{"start":{"line":16,"column":34},"end":{"line":16,"column":36}}]},"1":{"loc":{"start":{"line":17,"column":6},"end":{"line":17,"column":null}},"type":"binary-expr","locations":[{"start":{"line":17,"column":6},"end":{"line":17,"column":33}},{"start":{"line":17,"column":33},"end":{"line":17,"column":null}}]},"2":{"loc":{"start":{"line":20,"column":4},"end":{"line":26,"column":null}},"type":"if","locations":[{"start":{"line":20,"column":4},"end":{"line":26,"column":null}},{"start":{},"end":{}}]},"3":{"loc":{"start":{"line":44,"column":28},"end":{"line":44,"column":null}},"type":"binary-expr","locations":[{"start":{"line":44,"column":28},"end":{"line":44,"column":54}},{"start":{"line":44,"column":54},"end":{"line":44,"column":81}},{"start":{"line":44,"column":81},"end":{"line":44,"column":null}}]},"4":{"loc":{"start":{"line":49,"column":21},"end":{"line":49,"column":110}},"type":"binary-expr","locations":[{"start":{"line":49,"column":21},"end":{"line":49,"column":37}},{"start":{"line":49,"column":41},"end":{"line":49,"column":110}}]},"5":{"loc":{"start":{"line":51,"column":22},"end":{"line":51,"column":null}},"type":"binary-expr","locations":[{"start":{"line":51,"column":22},"end":{"line":51,"column":38}},{"start":{"line":51,"column":42},"end":{"line":51,"column":null}}]},"6":{"loc":{"start":{"line":53,"column":19},"end":{"line":53,"column":39}},"type":"binary-expr","locations":[{"start":{"line":53,"column":19},"end":{"line":53,"column":33}},{"start":{"line":53,"column":37},"end":{"line":53,"column":39}}]},"7":{"loc":{"start":{"line":54,"column":24},"end":{"line":54,"column":null}},"type":"cond-expr","locations":[{"start":{"line":54,"column":64},"end":{"line":54,"column":78}},{"start":{"line":54,"column":81},"end":{"line":54,"column":null}}]},"8":{"loc":{"start":{"line":54,"column":24},"end":{"line":54,"column":64}},"type":"binary-expr","locations":[{"start":{"line":54,"column":24},"end":{"line":54,"column":35}},{"start":{"line":54,"column":39},"end":{"line":54,"column":64}}]},"9":{"loc":{"start":{"line":55,"column":16},"end":{"line":55,"column":33}},"type":"binary-expr","locations":[{"start":{"line":55,"column":16},"end":{"line":55,"column":27}},{"start":{"line":55,"column":31},"end":{"line":55,"column":33}}]},"10":{"loc":{"start":{"line":69,"column":19},"end":{"line":69,"column":null}},"type":"binary-expr","locations":[{"start":{"line":69,"column":19},"end":{"line":69,"column":39}},{"start":{"line":69,"column":39},"end":{"line":69,"column":null}}]},"11":{"loc":{"start":{"line":83,"column":13},"end":{"line":83,"column":null}},"type":"cond-expr","locations":[{"start":{"line":83,"column":38},"end":{"line":83,"column":51}},{"start":{"line":83,"column":54},"end":{"line":83,"column":null}}]}},"s":{"0":14,"1":2,"2":1,"3":1,"4":14,"5":14,"6":14,"7":11,"8":116,"9":11,"10":1,"11":1,"12":10,"13":10,"14":10,"15":112,"16":112,"17":10,"18":112,"19":10,"20":3,"21":3,"22":2},"f":{"0":14,"1":116,"2":112,"3":112,"4":2},"b":{"0":[11,2],"1":[116,114],"2":[1,10],"3":[112,109,107],"4":[112,6],"5":[112,112],"6":[112,6],"7":[106,6],"8":[112,106],"9":[112,6],"10":[112,6],"11":[2,1]}}
,"/Users/lukatenbosch/Downloads/heiwahouse/heiwa-page/app/api/rooms/availability/route.ts": {"path":"/Users/lukatenbosch/Downloads/heiwahouse/heiwa-page/app/api/rooms/availability/route.ts","statementMap":{"0":{"start":{"line":5,"column":22},"end":{"line":5,"column":26}},"1":{"start":{"line":138,"column":22},"end":{"line":138,"column":null}},"2":{"start":{"line":1,"column":42},"end":{"line":1,"column":null}},"3":{"start":{"line":2,"column":25},"end":{"line":2,"column":null}},"4":{"start":{"line":6,"column":2},"end":{"line":134,"column":null}},"5":{"start":{"line":7,"column":29},"end":{"line":7,"column":null}},"6":{"start":{"line":8,"column":22},"end":{"line":8,"column":null}},"7":{"start":{"line":9,"column":20},"end":{"line":9,"column":null}},"8":{"start":{"line":10,"column":19},"end":{"line":10,"column":null}},"9":{"start":{"line":12,"column":4},"end":{"line":12,"column":null}},"10":{"start":{"line":14,"column":4},"end":{"line":19,"column":null}},"11":{"start":{"line":15,"column":6},"end":{"line":18,"column":null}},"12":{"start":{"line":22,"column":50},"end":{"line":25,"column":null}},"13":{"start":{"line":27,"column":4},"end":{"line":33,"column":null}},"14":{"start":{"line":28,"column":6},"end":{"line":28,"column":null}},"15":{"start":{"line":29,"column":6},"end":{"line":32,"column":null}},"16":{"start":{"line":42,"column":42},"end":{"line":42,"column":44}},"17":{"start":{"line":44,"column":4},"end":{"line":62,"column":null}},"18":{"start":{"line":45,"column":45},"end":{"line":50,"column":null}},"19":{"start":{"line":52,"column":6},"end":{"line":58,"column":null}},"20":{"start":{"line":54,"column":8},"end":{"line":54,"column":null}},"21":{"start":{"line":55,"column":8},"end":{"line":55,"column":null}},"22":{"start":{"line":57,"column":8},"end":{"line":57,"column":null}},"23":{"start":{"line":60,"column":6},"end":{"line":60,"column":null}},"24":{"start":{"line":61,"column":6},"end":{"line":61,"column":null}},"25":{"start":{"line":65,"column":27},"end":{"line":77,"column":null}},"26":{"start":{"line":67,"column":6},"end":{"line":69,"column":null}},"27":{"start":{"line":68,"column":8},"end":{"line":68,"column":null}},"28":{"start":{"line":72,"column":23},"end":{"line":73,"column":null}},"29":{"start":{"line":73,"column":8},"end":{"line":73,"column":35}},"30":{"start":{"line":76,"column":6},"end":{"line":76,"column":null}},"31":{"start":{"line":79,"column":4},"end":{"line":83,"column":null}},"32":{"start":{"line":86,"column":29},"end":{"line":113,"column":null}},"33":{"start":{"line":87,"column":16},"end":{"line":87,"column":null}},"34":{"start":{"line":99,"column":28},"end":{"line":99,"column":null}},"35":{"start":{"line":101,"column":6},"end":{"line":112,"column":null}},"36":{"start":{"line":115,"column":4},"end":{"line":126,"column":null}},"37":{"start":{"line":129,"column":4},"end":{"line":129,"column":null}},"38":{"start":{"line":130,"column":4},"end":{"line":133,"column":null}},"39":{"start":{"line":139,"column":2},"end":{"line":146,"column":null}}},"fnMap":{"0":{"name":"GET","decl":{"start":{"line":5,"column":22},"end":{"line":5,"column":26}},"loc":{"start":{"line":5,"column":46},"end":{"line":135,"column":null}}},"1":{"name":"(anonymous_4)","decl":{"start":{"line":65,"column":51},"end":{"line":65,"column":52}},"loc":{"start":{"line":65,"column":52},"end":{"line":77,"column":null}}},"2":{"name":"(anonymous_5)","decl":{"start":{"line":72,"column":45},"end":{"line":72,"column":null}},"loc":{"start":{"line":73,"column":8},"end":{"line":73,"column":35}}},"3":{"name":"(anonymous_6)","decl":{"start":{"line":86,"column":48},"end":{"line":86,"column":49}},"loc":{"start":{"line":86,"column":49},"end":{"line":113,"column":null}}},"4":{"name":"OPTIONS","decl":{"start":{"line":138,"column":22},"end":{"line":138,"column":null}},"loc":{"start":{"line":138,"column":22},"end":{"line":147,"column":null}}}},"branchMap":{"0":{"loc":{"start":{"line":10,"column":28},"end":{"line":10,"column":null}},"type":"binary-expr","locations":[{"start":{"line":10,"column":28},"end":{"line":10,"column":58}},{"start":{"line":10,"column":58},"end":{"line":10,"column":null}}]},"1":{"loc":{"start":{"line":14,"column":4},"end":{"line":19,"column":null}},"type":"if","locations":[{"start":{"line":14,"column":4},"end":{"line":19,"column":null}},{"start":{},"end":{}}]},"2":{"loc":{"start":{"line":14,"column":8},"end":{"line":14,"column":32}},"type":"binary-expr","locations":[{"start":{"line":14,"column":8},"end":{"line":14,"column":22}},{"start":{"line":14,"column":22},"end":{"line":14,"column":32}}]},"3":{"loc":{"start":{"line":27,"column":4},"end":{"line":33,"column":null}},"type":"if","locations":[{"start":{"line":27,"column":4},"end":{"line":33,"column":null}},{"start":{},"end":{}}]},"4":{"loc":{"start":{"line":52,"column":6},"end":{"line":58,"column":null}},"type":"if","locations":[{"start":{"line":52,"column":6},"end":{"line":58,"column":null}},{"start":{"line":56,"column":13},"end":{"line":58,"column":null}}]},"5":{"loc":{"start":{"line":57,"column":27},"end":{"line":57,"column":37}},"type":"binary-expr","locations":[{"start":{"line":57,"column":27},"end":{"line":57,"column":35}},{"start":{"line":57,"column":35},"end":{"line":57,"column":37}}]},"6":{"loc":{"start":{"line":65,"column":28},"end":{"line":65,"column":42}},"type":"binary-expr","locations":[{"start":{"line":65,"column":28},"end":{"line":65,"column":40}},{"start":{"line":65,"column":40},"end":{"line":65,"column":42}}]},"7":{"loc":{"start":{"line":67,"column":6},"end":{"line":69,"column":null}},"type":"if","locations":[{"start":{"line":67,"column":6},"end":{"line":69,"column":null}},{"start":{},"end":{}}]},"8":{"loc":{"start":{"line":67,"column":10},"end":{"line":67,"column":51}},"type":"binary-expr","locations":[{"start":{"line":67,"column":10},"end":{"line":67,"column":23}},{"start":{"line":67,"column":27},"end":{"line":67,"column":51}}]},"9":{"loc":{"start":{"line":80,"column":19},"end":{"line":80,"column":null}},"type":"binary-expr","locations":[{"start":{"line":80,"column":19},"end":{"line":80,"column":39}},{"start":{"line":80,"column":39},"end":{"line":80,"column":null}}]},"10":{"loc":{"start":{"line":99,"column":28},"end":{"line":99,"column":null}},"type":"binary-expr","locations":[{"start":{"line":99,"column":28},"end":{"line":99,"column":51}},{"start":{"line":99,"column":51},"end":{"line":99,"column":75}},{"start":{"line":99,"column":75},"end":{"line":99,"column":null}}]},"11":{"loc":{"start":{"line":104,"column":21},"end":{"line":104,"column":104}},"type":"binary-expr","locations":[{"start":{"line":104,"column":21},"end":{"line":104,"column":34}},{"start":{"line":104,"column":38},"end":{"line":104,"column":104}}]},"12":{"loc":{"start":{"line":106,"column":22},"end":{"line":106,"column":null}},"type":"binary-expr","locations":[{"start":{"line":106,"column":22},"end":{"line":106,"column":35}},{"start":{"line":106,"column":39},"end":{"line":106,"column":null}}]},"13":{"loc":{"start":{"line":108,"column":19},"end":{"line":108,"column":36}},"type":"binary-expr","locations":[{"start":{"line":108,"column":19},"end":{"line":108,"column":30}},{"start":{"line":108,"column":34},"end":{"line":108,"column":36}}]},"14":{"loc":{"start":{"line":109,"column":24},"end":{"line":109,"column":null}},"type":"cond-expr","locations":[{"start":{"line":109,"column":58},"end":{"line":109,"column":69}},{"start":{"line":109,"column":72},"end":{"line":109,"column":null}}]},"15":{"loc":{"start":{"line":109,"column":24},"end":{"line":109,"column":58}},"type":"binary-expr","locations":[{"start":{"line":109,"column":24},"end":{"line":109,"column":32}},{"start":{"line":109,"column":36},"end":{"line":109,"column":58}}]},"16":{"loc":{"start":{"line":110,"column":16},"end":{"line":110,"column":30}},"type":"binary-expr","locations":[{"start":{"line":110,"column":16},"end":{"line":110,"column":24}},{"start":{"line":110,"column":28},"end":{"line":110,"column":30}}]},"17":{"loc":{"start":{"line":119,"column":21},"end":{"line":119,"column":null}},"type":"binary-expr","locations":[{"start":{"line":119,"column":21},"end":{"line":119,"column":41}},{"start":{"line":119,"column":41},"end":{"line":119,"column":null}}]},"18":{"loc":{"start":{"line":132,"column":13},"end":{"line":132,"column":null}},"type":"cond-expr","locations":[{"start":{"line":132,"column":38},"end":{"line":132,"column":51}},{"start":{"line":132,"column":54},"end":{"line":132,"column":null}}]}},"s":{"0":8,"1":2,"2":1,"3":1,"4":8,"5":8,"6":8,"7":8,"8":8,"9":8,"10":8,"11":2,"12":6,"13":5,"14":1,"15":1,"16":4,"17":4,"18":4,"19":4,"20":0,"21":0,"22":4,"23":0,"24":0,"25":4,"26":4,"27":1,"28":3,"29":0,"30":3,"31":4,"32":4,"33":3,"34":3,"35":3,"36":4,"37":1,"38":1,"39":2},"f":{"0":8,"1":4,"2":0,"3":3,"4":2},"b":{"0":[8,7],"1":[2,6],"2":[8,7],"3":[1,4],"4":[0,4],"5":[4,0],"6":[4,0],"7":[1,3],"8":[4,4],"9":[4,1],"10":[3,3,3],"11":[3,0],"12":[3,3],"13":[3,0],"14":[3,0],"15":[3,3],"16":[3,0],"17":[4,1],"18":[1,0]}}
,"/Users/lukatenbosch/Downloads/heiwahouse/heiwa-page/app/api/surf-camps/route.ts": {"path":"/Users/lukatenbosch/Downloads/heiwahouse/heiwa-page/app/api/surf-camps/route.ts","statementMap":{"0":{"start":{"line":5,"column":22},"end":{"line":5,"column":null}},"1":{"start":{"line":39,"column":22},"end":{"line":39,"column":null}},"2":{"start":{"line":1,"column":29},"end":{"line":1,"column":null}},"3":{"start":{"line":2,"column":25},"end":{"line":2,"column":null}},"4":{"start":{"line":6,"column":2},"end":{"line":35,"column":null}},"5":{"start":{"line":8,"column":55},"end":{"line":12,"column":null}},"6":{"start":{"line":14,"column":4},"end":{"line":20,"column":null}},"7":{"start":{"line":15,"column":6},"end":{"line":15,"column":null}},"8":{"start":{"line":16,"column":6},"end":{"line":19,"column":null}},"9":{"start":{"line":22,"column":4},"end":{"line":27,"column":null}},"10":{"start":{"line":30,"column":4},"end":{"line":30,"column":null}},"11":{"start":{"line":31,"column":4},"end":{"line":34,"column":null}},"12":{"start":{"line":40,"column":2},"end":{"line":47,"column":null}}},"fnMap":{"0":{"name":"GET","decl":{"start":{"line":5,"column":22},"end":{"line":5,"column":null}},"loc":{"start":{"line":5,"column":22},"end":{"line":36,"column":null}}},"1":{"name":"OPTIONS","decl":{"start":{"line":39,"column":22},"end":{"line":39,"column":null}},"loc":{"start":{"line":39,"column":22},"end":{"line":48,"column":null}}}},"branchMap":{"0":{"loc":{"start":{"line":14,"column":4},"end":{"line":20,"column":null}},"type":"if","locations":[{"start":{"line":14,"column":4},"end":{"line":20,"column":null}},{"start":{},"end":{}}]},"1":{"loc":{"start":{"line":25,"column":20},"end":{"line":25,"column":35}},"type":"binary-expr","locations":[{"start":{"line":25,"column":20},"end":{"line":25,"column":33}},{"start":{"line":25,"column":33},"end":{"line":25,"column":35}}]},"2":{"loc":{"start":{"line":33,"column":13},"end":{"line":33,"column":null}},"type":"cond-expr","locations":[{"start":{"line":33,"column":38},"end":{"line":33,"column":51}},{"start":{"line":33,"column":54},"end":{"line":33,"column":null}}]}},"s":{"0":9,"1":2,"2":1,"3":1,"4":9,"5":9,"6":6,"7":1,"8":1,"9":5,"10":3,"11":3,"12":2},"f":{"0":9,"1":2},"b":{"0":[1,5],"1":[5,1],"2":[2,1]}}
}
