TN:
SF:app/layout.tsx
FN:80,RootLayout
FNF:1
FNH:0
FNDA:0,RootLayout
DA:2,0
DA:3,0
DA:4,0
DA:5,0
DA:6,0
DA:7,0
DA:8,0
DA:9,0
DA:10,0
DA:11,0
DA:12,0
DA:14,0
DA:20,0
DA:80,0
LF:14
LH:0
BRF:0
BRH:0
end_of_record
TN:
SF:app/page.tsx
FN:18,HomePage
FN:180,(anonymous_5)
FN:326,(anonymous_6)
FN:348,(anonymous_7)
FN:370,(anonymous_8)
FNF:5
FNH:0
FNDA:0,HomePage
FNDA:0,(anonymous_5)
FNDA:0,(anonymous_6)
FNDA:0,(anonymous_7)
FNDA:0,(anonymous_8)
DA:2,0
DA:3,0
DA:4,0
DA:5,0
DA:6,0
DA:7,0
DA:8,0
DA:9,0
DA:10,0
DA:11,0
DA:13,0
DA:18,0
DA:20,0
DA:27,0
DA:181,0
DA:327,0
DA:349,0
DA:371,0
LF:18
LH:0
BRDA:327,0,0,0
BRDA:327,0,1,0
BRDA:371,1,0,0
BRDA:371,1,1,0
BRF:4
BRH:0
end_of_record
TN:
SF:app/admin/layout.tsx
FN:21,AdminLayout
FN:37,(anonymous_5)
FNF:2
FNH:0
FNDA:0,AdminLayout
FNDA:0,(anonymous_5)
DA:2,0
DA:3,0
DA:5,0
DA:10,0
DA:21,0
DA:38,0
DA:39,0
LF:7
LH:0
BRF:0
BRH:0
end_of_record
TN:
SF:app/admin/page.tsx
FN:22,AdminDashboard
FN:32,(anonymous_4)
FN:86,(anonymous_5)
FNF:3
FNH:0
FNDA:0,AdminDashboard
FNDA:0,(anonymous_4)
FNDA:0,(anonymous_5)
DA:2,0
DA:4,0
DA:9,0
DA:16,0
DA:22,0
DA:33,0
DA:34,0
DA:87,0
LF:8
LH:0
BRDA:46,0,0,0
BRDA:46,0,1,0
BRDA:102,1,0,0
BRDA:102,1,1,0
BRF:4
BRH:0
end_of_record
TN:
SF:app/admin/add-ons/page.tsx
FN:16,AdminAddOnsPage
FN:71,(anonymous_3)
FN:86,(anonymous_4)
FN:135,(anonymous_5)
FN:146,(anonymous_6)
FN:157,(anonymous_7)
FN:196,(anonymous_8)
FN:253,(anonymous_9)
FN:254,(anonymous_10)
FN:263,(anonymous_11)
FNF:10
FNH:0
FNDA:0,AdminAddOnsPage
FNDA:0,(anonymous_3)
FNDA:0,(anonymous_4)
FNDA:0,(anonymous_5)
FNDA:0,(anonymous_6)
FNDA:0,(anonymous_7)
FNDA:0,(anonymous_8)
FNDA:0,(anonymous_9)
FNDA:0,(anonymous_10)
FNDA:0,(anonymous_11)
DA:1,0
DA:2,0
DA:3,0
DA:16,0
DA:18,0
DA:71,0
DA:72,0
DA:86,0
DA:87,0
DA:89,0
DA:91,0
DA:93,0
DA:95,0
DA:97,0
DA:135,0
DA:146,0
DA:157,0
DA:197,0
DA:254,0
DA:255,0
DA:263,0
LF:21
LH:0
BRDA:87,0,0,0
BRDA:87,0,1,0
BRDA:87,0,2,0
BRDA:87,0,3,0
BRDA:87,0,4,0
BRDA:216,1,0,0
BRDA:216,1,1,0
BRDA:220,2,0,0
BRDA:220,2,1,0
BRDA:222,3,0,0
BRDA:222,3,1,0
BRDA:227,4,0,0
BRDA:227,4,1,0
BRDA:229,5,0,0
BRDA:229,5,1,0
BRDA:263,6,0,0
BRDA:263,6,1,0
BRF:17
BRH:0
end_of_record
TN:
SF:app/admin/add-ons/[id]/page.tsx
FN:20,EditAddOnPage
FN:36,(anonymous_5)
FN:39,(anonymous_6)
FN:56,(anonymous_7)
FN:63,(anonymous_8)
FN:71,(anonymous_9)
FN:72,(anonymous_10)
FN:75,(anonymous_11)
FN:94,(anonymous_12)
FN:112,(anonymous_13)
FN:144,(anonymous_14)
FN:159,(anonymous_15)
FN:184,(anonymous_16)
FN:199,(anonymous_17)
FN:223,(anonymous_18)
FN:241,(anonymous_19)
FN:254,(anonymous_20)
FN:278,(anonymous_21)
FN:289,(anonymous_22)
FN:337,(anonymous_23)
FNF:20
FNH:0
FNDA:0,EditAddOnPage
FNDA:0,(anonymous_5)
FNDA:0,(anonymous_6)
FNDA:0,(anonymous_7)
FNDA:0,(anonymous_8)
FNDA:0,(anonymous_9)
FNDA:0,(anonymous_10)
FNDA:0,(anonymous_11)
FNDA:0,(anonymous_12)
FNDA:0,(anonymous_13)
FNDA:0,(anonymous_14)
FNDA:0,(anonymous_15)
FNDA:0,(anonymous_16)
FNDA:0,(anonymous_17)
FNDA:0,(anonymous_18)
FNDA:0,(anonymous_19)
FNDA:0,(anonymous_20)
FNDA:0,(anonymous_21)
FNDA:0,(anonymous_22)
FNDA:0,(anonymous_23)
DA:3,0
DA:4,0
DA:5,0
DA:20,0
DA:21,0
DA:22,0
DA:23,0
DA:36,0
DA:39,0
DA:40,0
DA:52,0
DA:56,0
DA:57,0
DA:59,0
DA:60,0
DA:63,0
DA:64,0
DA:67,0
DA:68,0
DA:71,0
DA:72,0
DA:75,0
DA:76,0
DA:90,0
DA:94,0
DA:112,0
DA:144,0
DA:159,0
DA:184,0
DA:199,0
DA:223,0
DA:241,0
DA:254,0
DA:278,0
DA:289,0
DA:337,0
LF:36
LH:0
BRDA:64,0,0,0
BRDA:64,0,1,0
BRDA:90,1,0,0
BRDA:90,1,1,0
BRDA:198,2,0,0
BRDA:198,2,1,0
BRDA:223,3,0,0
BRDA:223,3,1,0
BRDA:240,4,0,0
BRDA:240,4,1,0
BRDA:241,5,0,0
BRDA:241,5,1,0
BRDA:253,6,0,0
BRDA:253,6,1,0
BRDA:277,7,0,0
BRDA:277,7,1,0
BRDA:312,8,0,0
BRDA:313,9,0,0
BRDA:323,10,0,0
BRDA:323,10,1,0
BRDA:325,11,0,0
BRDA:325,11,1,0
BRF:22
BRH:0
end_of_record
TN:
SF:app/admin/add-ons/new/page.tsx
FN:7,NewAddOnPage
FN:21,(anonymous_5)
FN:28,(anonymous_6)
FN:29,(anonymous_7)
FN:32,(anonymous_8)
FN:50,(anonymous_9)
FN:72,(anonymous_10)
FN:88,(anonymous_11)
FN:113,(anonymous_12)
FN:129,(anonymous_13)
FN:154,(anonymous_14)
FN:172,(anonymous_15)
FN:185,(anonymous_16)
FN:209,(anonymous_17)
FN:221,(anonymous_18)
FN:269,(anonymous_19)
FNF:16
FNH:0
FNDA:0,NewAddOnPage
FNDA:0,(anonymous_5)
FNDA:0,(anonymous_6)
FNDA:0,(anonymous_7)
FNDA:0,(anonymous_8)
FNDA:0,(anonymous_9)
FNDA:0,(anonymous_10)
FNDA:0,(anonymous_11)
FNDA:0,(anonymous_12)
FNDA:0,(anonymous_13)
FNDA:0,(anonymous_14)
FNDA:0,(anonymous_15)
FNDA:0,(anonymous_16)
FNDA:0,(anonymous_17)
FNDA:0,(anonymous_18)
FNDA:0,(anonymous_19)
DA:3,0
DA:4,0
DA:5,0
DA:7,0
DA:8,0
DA:9,0
DA:21,0
DA:22,0
DA:24,0
DA:25,0
DA:28,0
DA:29,0
DA:32,0
DA:33,0
DA:50,0
DA:72,0
DA:88,0
DA:113,0
DA:129,0
DA:154,0
DA:172,0
DA:185,0
DA:209,0
DA:221,0
DA:269,0
LF:25
LH:0
BRDA:154,0,0,0
BRDA:154,0,1,0
BRDA:239,1,0,0
BRDA:239,1,1,0
BRDA:241,2,0,0
BRDA:241,2,1,0
BRDA:244,3,0,0
BRDA:245,4,0,0
BRDA:255,5,0,0
BRDA:255,5,1,0
BRDA:257,6,0,0
BRDA:257,6,1,0
BRF:12
BRH:0
end_of_record
TN:
SF:app/admin/bookings/page.tsx
FN:24,BookingsPage
FN:36,(anonymous_2)
FN:40,(anonymous_3)
FN:57,(anonymous_4)
FN:61,(anonymous_5)
FN:69,(anonymous_6)
FN:75,(anonymous_7)
FN:81,(anonymous_8)
FN:84,(anonymous_9)
FN:99,(anonymous_10)
FN:110,(anonymous_11)
FN:117,(anonymous_12)
FN:130,(anonymous_13)
FN:143,(anonymous_14)
FN:195,(anonymous_15)
FN:218,(anonymous_16)
FN:218,(anonymous_17)
FN:233,(anonymous_18)
FN:233,(anonymous_19)
FN:246,(anonymous_20)
FN:246,(anonymous_21)
FN:262,(anonymous_22)
FN:274,(anonymous_23)
FN:312,(anonymous_24)
FN:356,(anonymous_25)
FN:362,(anonymous_26)
FN:368,(anonymous_27)
FNF:27
FNH:0
FNDA:0,BookingsPage
FNDA:0,(anonymous_2)
FNDA:0,(anonymous_3)
FNDA:0,(anonymous_4)
FNDA:0,(anonymous_5)
FNDA:0,(anonymous_6)
FNDA:0,(anonymous_7)
FNDA:0,(anonymous_8)
FNDA:0,(anonymous_9)
FNDA:0,(anonymous_10)
FNDA:0,(anonymous_11)
FNDA:0,(anonymous_12)
FNDA:0,(anonymous_13)
FNDA:0,(anonymous_14)
FNDA:0,(anonymous_15)
FNDA:0,(anonymous_16)
FNDA:0,(anonymous_17)
FNDA:0,(anonymous_18)
FNDA:0,(anonymous_19)
FNDA:0,(anonymous_20)
FNDA:0,(anonymous_21)
FNDA:0,(anonymous_22)
FNDA:0,(anonymous_23)
FNDA:0,(anonymous_24)
FNDA:0,(anonymous_25)
FNDA:0,(anonymous_26)
FNDA:0,(anonymous_27)
DA:3,0
DA:4,0
DA:5,0
DA:24,0
DA:25,0
DA:26,0
DA:27,0
DA:28,0
DA:34,0
DA:36,0
DA:37,0
DA:40,0
DA:41,0
DA:42,0
DA:43,0
DA:45,0
DA:46,0
DA:48,0
DA:51,0
DA:53,0
DA:57,0
DA:58,0
DA:60,0
DA:61,0
DA:62,0
DA:65,0
DA:69,0
DA:70,0
DA:72,0
DA:74,0
DA:75,0
DA:77,0
DA:81,0
DA:82,0
DA:84,0
DA:99,0
DA:101,0
DA:102,0
DA:103,0
DA:104,0
DA:105,0
DA:106,0
DA:107,0
DA:110,0
DA:111,0
DA:112,0
DA:113,0
DA:114,0
DA:117,0
DA:118,0
DA:130,0
DA:131,0
DA:133,0
DA:135,0
DA:137,0
DA:139,0
DA:143,0
DA:144,0
DA:146,0
DA:148,0
DA:150,0
DA:154,0
DA:168,0
DA:195,0
DA:218,0
DA:233,0
DA:246,0
DA:262,0
DA:274,0
DA:313,0
DA:356,0
DA:362,0
DA:368,0
LF:73
LH:0
BRDA:45,0,0,0
BRDA:45,0,1,0
BRDA:46,1,0,0
BRDA:46,1,1,0
BRDA:62,2,0,0
BRDA:62,2,1,0
BRDA:70,3,0,0
BRDA:70,3,1,0
BRDA:111,4,0,0
BRDA:111,4,1,0
BRDA:111,5,0,0
BRDA:111,5,1,0
BRDA:112,6,0,0
BRDA:112,6,1,0
BRDA:112,7,0,0
BRDA:112,7,1,0
BRDA:113,8,0,0
BRDA:113,8,1,0
BRDA:113,9,0,0
BRDA:113,9,1,0
BRDA:131,10,0,0
BRDA:131,10,1,0
BRDA:131,10,2,0
BRDA:131,10,3,0
BRDA:144,11,0,0
BRDA:144,11,1,0
BRDA:144,11,2,0
BRDA:154,12,0,0
BRDA:154,12,1,0
BRDA:168,13,0,0
BRDA:168,13,1,0
BRDA:195,14,0,0
BRDA:195,14,1,0
BRDA:199,15,0,0
BRDA:199,15,1,0
BRDA:261,16,0,0
BRDA:265,17,0,0
BRDA:265,17,1,0
BRDA:271,18,0,0
BRDA:271,18,1,0
BRDA:272,19,0,0
BRDA:272,19,1,0
BRDA:328,20,0,0
BRDA:328,20,1,0
BRDA:330,21,0,0
BRDA:330,21,1,0
BRDA:383,22,0,0
BRF:47
BRH:0
end_of_record
TN:
SF:app/admin/gallery/page.tsx
FN:20,AdminGalleryPage
FN:93,(anonymous_6)
FN:95,(anonymous_7)
FN:100,(anonymous_8)
FN:117,(anonymous_9)
FN:134,(anonymous_10)
FN:142,(anonymous_11)
FN:188,(anonymous_12)
FN:198,(anonymous_13)
FN:208,(anonymous_14)
FN:223,(anonymous_15)
FN:232,(anonymous_16)
FN:246,(anonymous_17)
FN:254,(anonymous_18)
FN:268,(anonymous_19)
FN:338,(anonymous_20)
FN:386,(anonymous_21)
FN:409,(anonymous_22)
FNF:18
FNH:0
FNDA:0,AdminGalleryPage
FNDA:0,(anonymous_6)
FNDA:0,(anonymous_7)
FNDA:0,(anonymous_8)
FNDA:0,(anonymous_9)
FNDA:0,(anonymous_10)
FNDA:0,(anonymous_11)
FNDA:0,(anonymous_12)
FNDA:0,(anonymous_13)
FNDA:0,(anonymous_14)
FNDA:0,(anonymous_15)
FNDA:0,(anonymous_16)
FNDA:0,(anonymous_17)
FNDA:0,(anonymous_18)
FNDA:0,(anonymous_19)
FNDA:0,(anonymous_20)
FNDA:0,(anonymous_21)
FNDA:0,(anonymous_22)
DA:1,0
DA:2,0
DA:3,0
DA:4,0
DA:20,0
DA:21,0
DA:22,0
DA:23,0
DA:26,0
DA:93,0
DA:94,0
DA:95,0
DA:96,0
DA:97,0
DA:100,0
DA:101,0
DA:117,0
DA:118,0
DA:120,0
DA:122,0
DA:124,0
DA:126,0
DA:128,0
DA:130,0
DA:134,0
DA:135,0
DA:136,0
DA:137,0
DA:138,0
DA:139,0
DA:142,0
DA:143,0
DA:188,0
DA:198,0
DA:208,0
DA:223,0
DA:232,0
DA:246,0
DA:254,0
DA:269,0
DA:339,0
DA:387,0
DA:409,0
LF:43
LH:0
BRDA:94,0,0,0
BRDA:94,0,1,0
BRDA:96,1,0,0
BRDA:96,1,1,0
BRDA:97,2,0,0
BRDA:97,2,1,0
BRDA:118,3,0,0
BRDA:118,3,1,0
BRDA:118,3,2,0
BRDA:118,3,3,0
BRDA:118,3,4,0
BRDA:118,3,5,0
BRDA:135,4,0,0
BRDA:135,4,1,0
BRDA:248,5,0,0
BRDA:248,5,1,0
BRDA:256,6,0,0
BRDA:256,6,1,0
BRDA:267,7,0,0
BRDA:272,8,0,0
BRDA:273,9,0,0
BRDA:273,9,1,0
BRDA:306,10,0,0
BRDA:306,10,1,0
BRDA:308,11,0,0
BRDA:308,11,1,0
BRDA:315,12,0,0
BRDA:315,12,1,0
BRDA:317,13,0,0
BRDA:317,13,1,0
BRDA:332,14,0,0
BRDA:343,15,0,0
BRDA:391,16,0,0
BRDA:392,17,0,0
BRDA:392,17,1,0
BRDA:410,18,0,0
BRDA:410,18,1,0
BRDA:416,19,0,0
BRDA:416,19,1,0
BRDA:418,20,0,0
BRDA:418,20,1,0
BRDA:431,21,0,0
BRDA:440,22,0,0
BRDA:440,22,1,0
BRDA:442,23,0,0
BRDA:442,23,1,0
BRDA:469,24,0,0
BRF:47
BRH:0
end_of_record
TN:
SF:app/admin/gallery/[id]/page.tsx
FN:22,EditMediaPage
FN:40,(anonymous_6)
FN:43,(anonymous_7)
FN:61,(anonymous_8)
FN:68,(anonymous_9)
FN:76,(anonymous_10)
FN:78,(anonymous_11)
FN:86,(anonymous_12)
FN:87,(anonymous_13)
FN:89,(anonymous_14)
FN:93,(anonymous_15)
FN:110,(anonymous_16)
FN:118,(anonymous_17)
FN:132,(anonymous_18)
FN:150,(anonymous_19)
FN:206,(anonymous_20)
FN:214,(anonymous_21)
FN:244,(anonymous_22)
FN:244,(anonymous_23)
FN:259,(anonymous_24)
FN:259,(anonymous_25)
FN:283,(anonymous_26)
FN:291,(anonymous_27)
FN:304,(anonymous_28)
FN:307,(anonymous_29)
FN:336,(anonymous_30)
FN:336,(anonymous_31)
FN:370,(anonymous_32)
FNF:28
FNH:0
FNDA:0,EditMediaPage
FNDA:0,(anonymous_6)
FNDA:0,(anonymous_7)
FNDA:0,(anonymous_8)
FNDA:0,(anonymous_9)
FNDA:0,(anonymous_10)
FNDA:0,(anonymous_11)
FNDA:0,(anonymous_12)
FNDA:0,(anonymous_13)
FNDA:0,(anonymous_14)
FNDA:0,(anonymous_15)
FNDA:0,(anonymous_16)
FNDA:0,(anonymous_17)
FNDA:0,(anonymous_18)
FNDA:0,(anonymous_19)
FNDA:0,(anonymous_20)
FNDA:0,(anonymous_21)
FNDA:0,(anonymous_22)
FNDA:0,(anonymous_23)
FNDA:0,(anonymous_24)
FNDA:0,(anonymous_25)
FNDA:0,(anonymous_26)
FNDA:0,(anonymous_27)
FNDA:0,(anonymous_28)
FNDA:0,(anonymous_29)
FNDA:0,(anonymous_30)
FNDA:0,(anonymous_31)
FNDA:0,(anonymous_32)
DA:3,0
DA:4,0
DA:5,0
DA:6,0
DA:22,0
DA:23,0
DA:24,0
DA:25,0
DA:38,0
DA:40,0
DA:43,0
DA:44,0
DA:57,0
DA:61,0
DA:62,0
DA:64,0
DA:65,0
DA:68,0
DA:69,0
DA:72,0
DA:73,0
DA:76,0
DA:77,0
DA:78,0
DA:82,0
DA:86,0
DA:87,0
DA:89,0
DA:93,0
DA:94,0
DA:110,0
DA:111,0
DA:112,0
DA:113,0
DA:114,0
DA:115,0
DA:118,0
DA:119,0
DA:128,0
DA:132,0
DA:150,0
DA:206,0
DA:215,0
DA:216,0
DA:217,0
DA:218,0
DA:244,0
DA:259,0
DA:284,0
DA:291,0
DA:304,0
DA:308,0
DA:309,0
DA:310,0
DA:336,0
DA:370,0
LF:56
LH:0
BRDA:69,0,0,0
BRDA:69,0,1,0
BRDA:77,1,0,0
BRDA:77,1,1,0
BRDA:77,2,0,0
BRDA:77,2,1,0
BRDA:111,3,0,0
BRDA:111,3,1,0
BRDA:128,4,0,0
BRDA:128,4,1,0
BRDA:175,5,0,0
BRDA:176,6,0,0
BRDA:176,6,1,0
BRDA:194,7,0,0
BRDA:194,7,1,0
BRDA:196,8,0,0
BRDA:308,9,0,0
BRDA:308,9,1,0
BRDA:359,10,0,0
BRDA:359,10,1,0
BRF:20
BRH:0
end_of_record
TN:
SF:app/admin/gallery/upload/page.tsx
FN:16,UploadMediaPage
FN:23,(anonymous_5)
FN:26,(anonymous_6)
FN:31,(anonymous_7)
FN:43,(anonymous_8)
FN:49,(anonymous_9)
FN:54,(anonymous_10)
FN:59,(anonymous_11)
FN:60,(anonymous_12)
FN:68,(anonymous_13)
FN:69,(anonymous_14)
FN:69,(anonymous_15)
FN:74,(anonymous_16)
FN:80,(anonymous_17)
FN:81,(anonymous_18)
FN:84,(anonymous_19)
FN:92,(anonymous_20)
FN:95,(anonymous_21)
FN:105,(anonymous_22)
FN:122,(anonymous_23)
FN:133,(anonymous_24)
FN:154,(anonymous_25)
FN:165,(anonymous_26)
FN:180,(anonymous_27)
FN:207,(anonymous_28)
FN:216,(anonymous_29)
FN:229,(anonymous_30)
FN:248,(anonymous_31)
FN:255,(anonymous_32)
FN:268,(anonymous_33)
FN:278,(anonymous_34)
FN:296,(anonymous_35)
FN:315,(anonymous_36)
FNF:33
FNH:0
FNDA:0,UploadMediaPage
FNDA:0,(anonymous_5)
FNDA:0,(anonymous_6)
FNDA:0,(anonymous_7)
FNDA:0,(anonymous_8)
FNDA:0,(anonymous_9)
FNDA:0,(anonymous_10)
FNDA:0,(anonymous_11)
FNDA:0,(anonymous_12)
FNDA:0,(anonymous_13)
FNDA:0,(anonymous_14)
FNDA:0,(anonymous_15)
FNDA:0,(anonymous_16)
FNDA:0,(anonymous_17)
FNDA:0,(anonymous_18)
FNDA:0,(anonymous_19)
FNDA:0,(anonymous_20)
FNDA:0,(anonymous_21)
FNDA:0,(anonymous_22)
FNDA:0,(anonymous_23)
FNDA:0,(anonymous_24)
FNDA:0,(anonymous_25)
FNDA:0,(anonymous_26)
FNDA:0,(anonymous_27)
FNDA:0,(anonymous_28)
FNDA:0,(anonymous_29)
FNDA:0,(anonymous_30)
FNDA:0,(anonymous_31)
FNDA:0,(anonymous_32)
FNDA:0,(anonymous_33)
FNDA:0,(anonymous_34)
FNDA:0,(anonymous_35)
FNDA:0,(anonymous_36)
DA:3,0
DA:4,0
DA:5,0
DA:16,0
DA:17,0
DA:18,0
DA:19,0
DA:20,0
DA:21,0
DA:23,0
DA:24,0
DA:26,0
DA:27,0
DA:28,0
DA:29,0
DA:31,0
DA:43,0
DA:44,0
DA:45,0
DA:46,0
DA:49,0
DA:50,0
DA:51,0
DA:54,0
DA:55,0
DA:56,0
DA:59,0
DA:60,0
DA:61,0
DA:62,0
DA:63,0
DA:64,0
DA:68,0
DA:69,0
DA:70,0
DA:74,0
DA:75,0
DA:76,0
DA:80,0
DA:81,0
DA:84,0
DA:85,0
DA:87,0
DA:89,0
DA:92,0
DA:95,0
DA:97,0
DA:99,0
DA:101,0
DA:105,0
DA:106,0
DA:122,0
DA:123,0
DA:124,0
DA:125,0
DA:126,0
DA:127,0
DA:133,0
DA:154,0
DA:165,0
DA:181,0
DA:207,0
DA:216,0
DA:229,0
DA:249,0
DA:255,0
DA:269,0
DA:270,0
DA:271,0
DA:272,0
DA:279,0
DA:280,0
DA:281,0
DA:296,0
DA:315,0
LF:75
LH:0
BRDA:24,0,0,0
BRDA:24,0,1,0
BRDA:27,1,0,0
BRDA:27,1,1,0
BRDA:27,2,0,0
BRDA:27,2,1,0
BRDA:70,3,0,0
BRDA:70,3,1,0
BRDA:75,4,0,0
BRDA:75,4,1,0
BRDA:75,5,0,0
BRDA:75,5,1,0
BRDA:123,6,0,0
BRDA:123,6,1,0
BRDA:142,7,0,0
BRDA:142,7,1,0
BRDA:174,8,0,0
BRDA:187,9,0,0
BRDA:269,10,0,0
BRDA:269,10,1,0
BRDA:311,11,0,0
BRDA:326,12,0,0
BRDA:333,13,0,0
BRDA:333,13,1,0
BRF:24
BRH:0
end_of_record
TN:
SF:app/admin/homepage/page.tsx
FN:22,HomepageCMSPage
FN:29,(anonymous_5)
FN:32,(anonymous_6)
FN:96,(anonymous_7)
FN:101,(anonymous_8)
FN:111,(anonymous_9)
FN:112,(anonymous_10)
FN:112,(anonymous_11)
FN:117,(anonymous_12)
FN:134,(anonymous_13)
FN:155,(anonymous_14)
FN:173,(anonymous_15)
FN:180,(anonymous_16)
FN:208,(anonymous_17)
FN:230,(anonymous_18)
FN:282,(anonymous_19)
FN:294,(anonymous_20)
FN:306,(anonymous_21)
FN:320,(anonymous_22)
FN:332,(anonymous_23)
FN:347,(anonymous_24)
FN:359,(anonymous_25)
FN:373,(anonymous_26)
FN:390,(anonymous_27)
FN:397,(anonymous_28)
FN:398,(anonymous_29)
FN:407,(anonymous_30)
FN:408,(anonymous_31)
FNF:28
FNH:0
FNDA:0,HomepageCMSPage
FNDA:0,(anonymous_5)
FNDA:0,(anonymous_6)
FNDA:0,(anonymous_7)
FNDA:0,(anonymous_8)
FNDA:0,(anonymous_9)
FNDA:0,(anonymous_10)
FNDA:0,(anonymous_11)
FNDA:0,(anonymous_12)
FNDA:0,(anonymous_13)
FNDA:0,(anonymous_14)
FNDA:0,(anonymous_15)
FNDA:0,(anonymous_16)
FNDA:0,(anonymous_17)
FNDA:0,(anonymous_18)
FNDA:0,(anonymous_19)
FNDA:0,(anonymous_20)
FNDA:0,(anonymous_21)
FNDA:0,(anonymous_22)
FNDA:0,(anonymous_23)
FNDA:0,(anonymous_24)
FNDA:0,(anonymous_25)
FNDA:0,(anonymous_26)
FNDA:0,(anonymous_27)
FNDA:0,(anonymous_28)
FNDA:0,(anonymous_29)
FNDA:0,(anonymous_30)
FNDA:0,(anonymous_31)
DA:3,0
DA:4,0
DA:5,0
DA:22,0
DA:23,0
DA:24,0
DA:25,0
DA:26,0
DA:27,0
DA:29,0
DA:32,0
DA:33,0
DA:92,0
DA:96,0
DA:97,0
DA:98,0
DA:100,0
DA:101,0
DA:102,0
DA:104,0
DA:105,0
DA:107,0
DA:111,0
DA:112,0
DA:113,0
DA:117,0
DA:118,0
DA:134,0
DA:135,0
DA:137,0
DA:139,0
DA:141,0
DA:143,0
DA:145,0
DA:147,0
DA:151,0
DA:155,0
DA:173,0
DA:180,0
DA:209,0
DA:230,0
DA:282,0
DA:294,0
DA:306,0
DA:320,0
DA:332,0
DA:347,0
DA:359,0
DA:373,0
DA:390,0
DA:398,0
DA:399,0
DA:408,0
DA:409,0
LF:54
LH:0
BRDA:113,0,0,0
BRDA:113,0,1,0
BRDA:135,1,0,0
BRDA:135,1,1,0
BRDA:135,1,2,0
BRDA:135,1,3,0
BRDA:135,1,4,0
BRDA:135,1,5,0
BRDA:151,2,0,0
BRDA:151,2,1,0
BRDA:184,3,0,0
BRDA:184,3,1,0
BRDA:192,4,0,0
BRDA:243,5,0,0
BRDA:246,6,0,0
BRDA:249,7,0,0
BRDA:252,8,0,0
BRDA:258,9,0,0
BRDA:264,10,0,0
BRDA:264,10,1,0
BRDA:293,11,0,0
BRDA:293,11,1,0
BRDA:305,12,0,0
BRDA:305,12,1,0
BRDA:319,13,0,0
BRDA:319,13,1,0
BRDA:331,14,0,0
BRDA:331,14,1,0
BRDA:346,15,0,0
BRDA:346,15,1,0
BRDA:358,16,0,0
BRDA:358,16,1,0
BRDA:373,17,0,0
BRDA:373,17,1,0
BRDA:408,18,0,0
BRDA:408,18,1,0
BRF:36
BRH:0
end_of_record
TN:
SF:app/admin/rooms/page.tsx
FN:18,RoomsPage
FN:23,(anonymous_3)
FN:27,(anonymous_4)
FN:44,(anonymous_5)
FN:51,(anonymous_6)
FN:57,(anonymous_7)
FN:61,(anonymous_8)
FN:77,(anonymous_9)
FN:119,(anonymous_10)
FN:168,(anonymous_11)
FN:176,(anonymous_12)
FNF:11
FNH:0
FNDA:0,RoomsPage
FNDA:0,(anonymous_3)
FNDA:0,(anonymous_4)
FNDA:0,(anonymous_5)
FNDA:0,(anonymous_6)
FNDA:0,(anonymous_7)
FNDA:0,(anonymous_8)
FNDA:0,(anonymous_9)
FNDA:0,(anonymous_10)
FNDA:0,(anonymous_11)
FNDA:0,(anonymous_12)
DA:3,0
DA:4,0
DA:5,0
DA:6,0
DA:18,0
DA:19,0
DA:20,0
DA:21,0
DA:23,0
DA:24,0
DA:27,0
DA:28,0
DA:29,0
DA:30,0
DA:32,0
DA:33,0
DA:35,0
DA:38,0
DA:40,0
DA:44,0
DA:45,0
DA:47,0
DA:49,0
DA:51,0
DA:53,0
DA:57,0
DA:58,0
DA:60,0
DA:61,0
DA:62,0
DA:65,0
DA:69,0
DA:78,0
DA:85,0
DA:120,0
DA:168,0
DA:176,0
LF:37
LH:0
BRDA:32,0,0,0
BRDA:32,0,1,0
BRDA:45,1,0,0
BRDA:45,1,1,0
BRDA:62,2,0,0
BRDA:62,2,1,0
BRDA:69,3,0,0
BRDA:69,3,1,0
BRDA:85,4,0,0
BRDA:85,4,1,0
BRDA:129,5,0,0
BRDA:129,5,1,0
BRDA:133,6,0,0
BRDA:133,6,1,0
BRDA:178,7,0,0
BRDA:178,7,1,0
BRDA:183,8,0,0
BRDA:183,8,1,0
BRDA:190,9,0,0
BRF:19
BRH:0
end_of_record
TN:
SF:app/admin/rooms/new/page.tsx
FN:19,NewRoomPage
FN:49,(anonymous_3)
FN:59,(anonymous_4)
FN:70,(anonymous_5)
FN:72,(anonymous_6)
FN:77,(anonymous_7)
FN:79,(anonymous_8)
FN:118,(anonymous_9)
FN:118,(anonymous_10)
FN:135,(anonymous_11)
FN:135,(anonymous_12)
FN:150,(anonymous_13)
FN:150,(anonymous_14)
FN:167,(anonymous_15)
FN:167,(anonymous_16)
FN:179,(anonymous_17)
FN:184,(anonymous_18)
FN:201,(anonymous_19)
FN:201,(anonymous_20)
FN:213,(anonymous_21)
FN:213,(anonymous_22)
FNF:21
FNH:0
FNDA:0,NewRoomPage
FNDA:0,(anonymous_3)
FNDA:0,(anonymous_4)
FNDA:0,(anonymous_5)
FNDA:0,(anonymous_6)
FNDA:0,(anonymous_7)
FNDA:0,(anonymous_8)
FNDA:0,(anonymous_9)
FNDA:0,(anonymous_10)
FNDA:0,(anonymous_11)
FNDA:0,(anonymous_12)
FNDA:0,(anonymous_13)
FNDA:0,(anonymous_14)
FNDA:0,(anonymous_15)
FNDA:0,(anonymous_16)
FNDA:0,(anonymous_17)
FNDA:0,(anonymous_18)
FNDA:0,(anonymous_19)
FNDA:0,(anonymous_20)
FNDA:0,(anonymous_21)
FNDA:0,(anonymous_22)
DA:3,0
DA:4,0
DA:5,0
DA:6,0
DA:19,0
DA:20,0
DA:21,0
DA:31,0
DA:32,0
DA:34,0
DA:49,0
DA:50,0
DA:51,0
DA:52,0
DA:54,0
DA:56,0
DA:59,0
DA:62,0
DA:64,0
DA:66,0
DA:70,0
DA:71,0
DA:72,0
DA:77,0
DA:79,0
DA:118,0
DA:135,0
DA:150,0
DA:167,0
DA:180,0
DA:184,0
DA:201,0
DA:213,0
LF:33
LH:0
BRDA:71,0,0,0
BRDA:71,0,1,0
BRDA:223,1,0,0
BRDA:243,2,0,0
BRDA:243,2,1,0
BRF:5
BRH:0
end_of_record
TN:
SF:app/admin/surf-camps/page.tsx
FN:23,SurfCampsPage
FN:28,(anonymous_3)
FN:32,(anonymous_4)
FN:49,(anonymous_5)
FN:55,(anonymous_6)
FN:61,(anonymous_7)
FN:65,(anonymous_8)
FN:73,(anonymous_9)
FN:81,(anonymous_10)
FN:96,(anonymous_11)
FN:138,(anonymous_12)
FN:211,(anonymous_13)
FN:219,(anonymous_14)
FNF:13
FNH:0
FNDA:0,SurfCampsPage
FNDA:0,(anonymous_3)
FNDA:0,(anonymous_4)
FNDA:0,(anonymous_5)
FNDA:0,(anonymous_6)
FNDA:0,(anonymous_7)
FNDA:0,(anonymous_8)
FNDA:0,(anonymous_9)
FNDA:0,(anonymous_10)
FNDA:0,(anonymous_11)
FNDA:0,(anonymous_12)
FNDA:0,(anonymous_13)
FNDA:0,(anonymous_14)
DA:3,0
DA:4,0
DA:5,0
DA:6,0
DA:23,0
DA:24,0
DA:25,0
DA:26,0
DA:28,0
DA:29,0
DA:32,0
DA:33,0
DA:34,0
DA:35,0
DA:37,0
DA:38,0
DA:40,0
DA:43,0
DA:45,0
DA:49,0
DA:50,0
DA:52,0
DA:54,0
DA:55,0
DA:57,0
DA:61,0
DA:62,0
DA:64,0
DA:65,0
DA:66,0
DA:69,0
DA:73,0
DA:74,0
DA:81,0
DA:82,0
DA:83,0
DA:84,0
DA:85,0
DA:88,0
DA:97,0
DA:104,0
DA:139,0
DA:140,0
DA:211,0
DA:219,0
LF:45
LH:0
BRDA:37,0,0,0
BRDA:37,0,1,0
BRDA:38,1,0,0
BRDA:38,1,1,0
BRDA:50,2,0,0
BRDA:50,2,1,0
BRDA:66,3,0,0
BRDA:66,3,1,0
BRDA:83,4,0,0
BRDA:83,4,1,0
BRDA:84,5,0,0
BRDA:84,5,1,0
BRDA:88,6,0,0
BRDA:88,6,1,0
BRDA:104,7,0,0
BRDA:104,7,1,0
BRDA:144,8,0,0
BRDA:143,9,0,0
BRDA:143,9,1,0
BRDA:156,10,0,0
BRDA:156,10,1,0
BRDA:160,11,0,0
BRDA:160,11,1,0
BRDA:221,12,0,0
BRDA:221,12,1,0
BRDA:226,13,0,0
BRDA:226,13,1,0
BRDA:234,14,0,0
BRF:28
BRH:0
end_of_record
TN:
SF:app/admin/surf-camps/new/page.tsx
FN:37,NewSurfCampPage
FN:55,(anonymous_3)
FN:65,(anonymous_4)
FN:76,(anonymous_5)
FN:78,(anonymous_6)
FN:83,(anonymous_7)
FN:85,(anonymous_8)
FN:90,(anonymous_9)
FN:92,(anonymous_10)
FN:100,(anonymous_11)
FN:101,(anonymous_12)
FN:103,(anonymous_13)
FN:107,(anonymous_14)
FN:110,(anonymous_15)
FN:117,(anonymous_16)
FN:118,(anonymous_17)
FN:120,(anonymous_18)
FN:158,(anonymous_19)
FN:158,(anonymous_20)
FN:172,(anonymous_21)
FN:172,(anonymous_22)
FN:175,(anonymous_23)
FN:191,(anonymous_24)
FN:191,(anonymous_25)
FN:208,(anonymous_26)
FN:208,(anonymous_27)
FN:222,(anonymous_28)
FN:222,(anonymous_29)
FN:241,(anonymous_30)
FN:241,(anonymous_31)
FN:257,(anonymous_32)
FN:257,(anonymous_33)
FN:274,(anonymous_34)
FN:282,(anonymous_35)
FN:295,(anonymous_36)
FN:300,(anonymous_37)
FN:313,(anonymous_38)
FN:335,(anonymous_39)
FN:344,(anonymous_40)
FN:370,(anonymous_41)
FN:370,(anonymous_42)
FNF:41
FNH:0
FNDA:0,NewSurfCampPage
FNDA:0,(anonymous_3)
FNDA:0,(anonymous_4)
FNDA:0,(anonymous_5)
FNDA:0,(anonymous_6)
FNDA:0,(anonymous_7)
FNDA:0,(anonymous_8)
FNDA:0,(anonymous_9)
FNDA:0,(anonymous_10)
FNDA:0,(anonymous_11)
FNDA:0,(anonymous_12)
FNDA:0,(anonymous_13)
FNDA:0,(anonymous_14)
FNDA:0,(anonymous_15)
FNDA:0,(anonymous_16)
FNDA:0,(anonymous_17)
FNDA:0,(anonymous_18)
FNDA:0,(anonymous_19)
FNDA:0,(anonymous_20)
FNDA:0,(anonymous_21)
FNDA:0,(anonymous_22)
FNDA:0,(anonymous_23)
FNDA:0,(anonymous_24)
FNDA:0,(anonymous_25)
FNDA:0,(anonymous_26)
FNDA:0,(anonymous_27)
FNDA:0,(anonymous_28)
FNDA:0,(anonymous_29)
FNDA:0,(anonymous_30)
FNDA:0,(anonymous_31)
FNDA:0,(anonymous_32)
FNDA:0,(anonymous_33)
FNDA:0,(anonymous_34)
FNDA:0,(anonymous_35)
FNDA:0,(anonymous_36)
FNDA:0,(anonymous_37)
FNDA:0,(anonymous_38)
FNDA:0,(anonymous_39)
FNDA:0,(anonymous_40)
FNDA:0,(anonymous_41)
FNDA:0,(anonymous_42)
DA:3,0
DA:4,0
DA:5,0
DA:6,0
DA:21,0
DA:22,0
DA:37,0
DA:38,0
DA:39,0
DA:51,0
DA:52,0
DA:53,0
DA:55,0
DA:56,0
DA:57,0
DA:58,0
DA:60,0
DA:62,0
DA:65,0
DA:68,0
DA:70,0
DA:72,0
DA:76,0
DA:77,0
DA:78,0
DA:83,0
DA:85,0
DA:90,0
DA:91,0
DA:92,0
DA:96,0
DA:100,0
DA:101,0
DA:103,0
DA:107,0
DA:108,0
DA:109,0
DA:110,0
DA:117,0
DA:118,0
DA:120,0
DA:158,0
DA:172,0
DA:176,0
DA:191,0
DA:208,0
DA:222,0
DA:241,0
DA:257,0
DA:275,0
DA:282,0
DA:296,0
DA:300,0
DA:313,0
DA:336,0
DA:344,0
DA:370,0
LF:57
LH:0
BRDA:77,0,0,0
BRDA:77,0,1,0
BRDA:91,1,0,0
BRDA:91,1,1,0
BRDA:91,2,0,0
BRDA:91,2,1,0
BRDA:109,3,0,0
BRDA:109,3,1,0
BRDA:109,4,0,0
BRDA:109,4,1,0
BRDA:271,5,0,0
BRDA:333,6,0,0
BRDA:380,7,0,0
BRDA:400,8,0,0
BRDA:400,8,1,0
BRF:15
BRH:0
end_of_record
TN:
SF:app/api/add-ons/route.ts
FN:5,GET
FN:39,OPTIONS
FNF:2
FNH:0
FNDA:0,GET
FNDA:0,OPTIONS
DA:1,0
DA:2,0
DA:5,0
DA:6,0
DA:8,0
DA:15,0
DA:16,0
DA:18,0
DA:24,0
DA:30,0
DA:31,0
DA:39,0
DA:40,0
LF:13
LH:0
BRDA:15,0,0,0
BRDA:15,0,1,0
BRDA:26,1,0,0
BRDA:26,1,1,0
BRF:4
BRH:0
end_of_record
TN:
SF:app/api/bookings/route.ts
FN:5,POST
FN:76,(anonymous_4)
FN:121,(anonymous_5)
FN:145,(anonymous_6)
FN:193,OPTIONS
FNF:5
FNH:0
FNDA:0,POST
FNDA:0,(anonymous_4)
FNDA:0,(anonymous_5)
FNDA:0,(anonymous_6)
FNDA:0,OPTIONS
DA:1,0
DA:2,0
DA:5,0
DA:6,0
DA:7,0
DA:8,0
DA:21,0
DA:24,0
DA:25,0
DA:31,0
DA:32,0
DA:38,0
DA:39,0
DA:46,0
DA:61,0
DA:67,0
DA:68,0
DA:69,0
DA:76,0
DA:88,0
DA:102,0
DA:108,0
DA:109,0
DA:110,0
DA:113,0
DA:116,0
DA:119,0
DA:121,0
DA:122,0
DA:132,0
DA:136,0
DA:137,0
DA:138,0
DA:142,0
DA:143,0
DA:145,0
DA:146,0
DA:154,0
DA:158,0
DA:159,0
DA:160,0
DA:164,0
DA:167,0
DA:173,0
DA:184,0
DA:185,0
DA:193,0
DA:194,0
LF:48
LH:0
BRDA:16,0,0,0
BRDA:17,1,0,0
BRDA:24,2,0,0
BRDA:24,2,1,0
BRDA:24,3,0,0
BRDA:24,3,1,0
BRDA:24,3,2,0
BRDA:31,4,0,0
BRDA:31,4,1,0
BRDA:31,5,0,0
BRDA:31,5,1,0
BRDA:31,5,2,0
BRDA:31,5,3,0
BRDA:38,6,0,0
BRDA:38,6,1,0
BRDA:38,7,0,0
BRDA:38,7,1,0
BRDA:48,8,0,0
BRDA:48,8,1,0
BRDA:49,9,0,0
BRDA:49,9,1,0
BRDA:50,10,0,0
BRDA:50,10,1,0
BRDA:51,11,0,0
BRDA:51,11,1,0
BRDA:53,12,0,0
BRDA:53,12,1,0
BRDA:56,13,0,0
BRDA:56,13,1,0
BRDA:67,14,0,0
BRDA:67,14,1,0
BRDA:67,15,0,0
BRDA:67,15,1,0
BRDA:89,16,0,0
BRDA:89,16,1,0
BRDA:90,17,0,0
BRDA:90,17,1,0
BRDA:91,18,0,0
BRDA:91,18,1,0
BRDA:92,19,0,0
BRDA:92,19,1,0
BRDA:93,20,0,0
BRDA:93,20,1,0
BRDA:94,21,0,0
BRDA:94,21,1,0
BRDA:95,22,0,0
BRDA:95,22,1,0
BRDA:96,23,0,0
BRDA:96,23,1,0
BRDA:97,24,0,0
BRDA:97,24,1,0
BRDA:98,25,0,0
BRDA:98,25,1,0
BRDA:108,26,0,0
BRDA:108,26,1,0
BRDA:119,27,0,0
BRDA:119,27,1,0
BRDA:136,28,0,0
BRDA:136,28,1,0
BRDA:143,29,0,0
BRDA:143,29,1,0
BRDA:158,30,0,0
BRDA:158,30,1,0
BRDA:187,31,0,0
BRDA:187,31,1,0
BRF:65
BRH:0
end_of_record
TN:
SF:app/api/dates/availability/route.ts
FN:5,GET
FN:32,(anonymous_4)
FN:62,(anonymous_5)
FN:78,(anonymous_6)
FN:79,(anonymous_7)
FN:109,OPTIONS
FNF:6
FNH:0
FNDA:0,GET
FNDA:0,(anonymous_4)
FNDA:0,(anonymous_5)
FNDA:0,(anonymous_6)
FNDA:0,(anonymous_7)
FNDA:0,OPTIONS
DA:1,0
DA:2,0
DA:5,0
DA:6,0
DA:7,0
DA:8,0
DA:9,0
DA:10,0
DA:12,0
DA:14,0
DA:15,0
DA:22,0
DA:23,0
DA:24,0
DA:26,0
DA:27,0
DA:31,0
DA:34,0
DA:41,0
DA:42,0
DA:46,0
DA:52,0
DA:53,0
DA:57,0
DA:62,0
DA:63,0
DA:64,0
DA:66,0
DA:76,0
DA:78,0
DA:79,0
DA:84,0
DA:86,0
DA:100,0
DA:101,0
DA:109,0
DA:110,0
LF:37
LH:0
BRDA:10,0,0,0
BRDA:10,0,1,0
BRDA:14,1,0,0
BRDA:14,1,1,0
BRDA:14,2,0,0
BRDA:14,2,1,0
BRDA:41,3,0,0
BRDA:41,3,1,0
BRDA:52,4,0,0
BRDA:52,4,1,0
BRDA:62,5,0,0
BRDA:62,5,1,0
BRDA:62,6,0,0
BRDA:62,6,1,0
BRDA:63,7,0,0
BRDA:63,7,1,0
BRDA:63,8,0,0
BRDA:63,8,1,0
BRDA:80,9,0,0
BRDA:80,9,1,0
BRDA:103,10,0,0
BRDA:103,10,1,0
BRF:22
BRH:0
end_of_record
TN:
SF:app/api/rooms/route.ts
FN:5,GET
FN:16,(anonymous_4)
FN:32,(anonymous_5)
FN:60,(anonymous_6)
FN:89,OPTIONS
FNF:5
FNH:0
FNDA:0,GET
FNDA:0,(anonymous_4)
FNDA:0,(anonymous_5)
FNDA:0,(anonymous_6)
FNDA:0,OPTIONS
DA:1,0
DA:2,0
DA:5,0
DA:6,0
DA:7,0
DA:10,0
DA:16,0
DA:17,0
DA:20,0
DA:21,0
DA:22,0
DA:28,0
DA:29,0
DA:32,0
DA:44,0
DA:46,0
DA:60,0
DA:65,0
DA:72,0
DA:80,0
DA:81,0
DA:89,0
DA:90,0
LF:23
LH:0
BRDA:16,0,0,0
BRDA:16,0,1,0
BRDA:17,1,0,0
BRDA:17,1,1,0
BRDA:20,2,0,0
BRDA:20,2,1,0
BRDA:44,3,0,0
BRDA:44,3,1,0
BRDA:44,3,2,0
BRDA:49,4,0,0
BRDA:49,4,1,0
BRDA:51,5,0,0
BRDA:51,5,1,0
BRDA:53,6,0,0
BRDA:53,6,1,0
BRDA:54,7,0,0
BRDA:54,7,1,0
BRDA:54,8,0,0
BRDA:54,8,1,0
BRDA:55,9,0,0
BRDA:55,9,1,0
BRDA:69,10,0,0
BRDA:69,10,1,0
BRDA:83,11,0,0
BRDA:83,11,1,0
BRF:25
BRH:0
end_of_record
TN:
SF:app/api/rooms/availability/route.ts
FN:5,GET
FN:65,(anonymous_4)
FN:72,(anonymous_5)
FN:86,(anonymous_6)
FN:138,OPTIONS
FNF:5
FNH:0
FNDA:0,GET
FNDA:0,(anonymous_4)
FNDA:0,(anonymous_5)
FNDA:0,(anonymous_6)
FNDA:0,OPTIONS
DA:1,0
DA:2,0
DA:5,0
DA:6,0
DA:7,0
DA:8,0
DA:9,0
DA:10,0
DA:12,0
DA:14,0
DA:15,0
DA:22,0
DA:27,0
DA:28,0
DA:29,0
DA:42,0
DA:44,0
DA:45,0
DA:52,0
DA:54,0
DA:55,0
DA:57,0
DA:60,0
DA:61,0
DA:65,0
DA:67,0
DA:68,0
DA:72,0
DA:73,0
DA:76,0
DA:79,0
DA:86,0
DA:87,0
DA:99,0
DA:101,0
DA:115,0
DA:129,0
DA:130,0
DA:138,0
DA:139,0
LF:40
LH:0
BRDA:10,0,0,0
BRDA:10,0,1,0
BRDA:14,1,0,0
BRDA:14,1,1,0
BRDA:14,2,0,0
BRDA:14,2,1,0
BRDA:27,3,0,0
BRDA:27,3,1,0
BRDA:52,4,0,0
BRDA:52,4,1,0
BRDA:57,5,0,0
BRDA:57,5,1,0
BRDA:65,6,0,0
BRDA:65,6,1,0
BRDA:67,7,0,0
BRDA:67,7,1,0
BRDA:67,8,0,0
BRDA:67,8,1,0
BRDA:80,9,0,0
BRDA:80,9,1,0
BRDA:99,10,0,0
BRDA:99,10,1,0
BRDA:99,10,2,0
BRDA:104,11,0,0
BRDA:104,11,1,0
BRDA:106,12,0,0
BRDA:106,12,1,0
BRDA:108,13,0,0
BRDA:108,13,1,0
BRDA:109,14,0,0
BRDA:109,14,1,0
BRDA:109,15,0,0
BRDA:109,15,1,0
BRDA:110,16,0,0
BRDA:110,16,1,0
BRDA:119,17,0,0
BRDA:119,17,1,0
BRDA:132,18,0,0
BRDA:132,18,1,0
BRF:39
BRH:0
end_of_record
TN:
SF:app/api/surf-camps/route.ts
FN:5,GET
FN:39,OPTIONS
FNF:2
FNH:0
FNDA:0,GET
FNDA:0,OPTIONS
DA:1,0
DA:2,0
DA:5,0
DA:6,0
DA:8,0
DA:14,0
DA:15,0
DA:16,0
DA:22,0
DA:30,0
DA:31,0
DA:39,0
DA:40,0
LF:13
LH:0
BRDA:14,0,0,0
BRDA:14,0,1,0
BRDA:25,1,0,0
BRDA:25,1,1,0
BRDA:33,2,0,0
BRDA:33,2,1,0
BRF:6
BRH:0
end_of_record
TN:
SF:app/booking/page.tsx
FN:8,BookingPage
FNF:1
FNH:0
FNDA:0,BookingPage
DA:3,0
DA:8,0
LF:2
LH:0
BRF:0
BRH:0
end_of_record
TN:
SF:app/privacy/page.tsx
FN:8,PrivacyPage
FNF:1
FNH:0
FNDA:0,PrivacyPage
DA:3,0
DA:8,0
LF:2
LH:0
BRF:0
BRH:0
end_of_record
TN:
SF:app/rooms/page.tsx
FN:4,RoomsPage
FNF:1
FNH:0
FNDA:0,RoomsPage
DA:1,0
DA:2,0
DA:4,0
DA:6,0
LF:4
LH:0
BRF:0
BRH:0
end_of_record
TN:
SF:app/rooms/rooms-grid.tsx
FN:17,RoomsGrid
FN:30,(anonymous_3)
FN:54,(anonymous_4)
FN:62,(anonymous_5)
FN:65,(anonymous_6)
FN:84,(anonymous_7)
FN:94,(anonymous_8)
FNF:7
FNH:0
FNDA:0,RoomsGrid
FNDA:0,(anonymous_3)
FNDA:0,(anonymous_4)
FNDA:0,(anonymous_5)
FNDA:0,(anonymous_6)
FNDA:0,(anonymous_7)
FNDA:0,(anonymous_8)
DA:3,0
DA:4,0
DA:5,0
DA:6,0
DA:7,0
DA:8,0
DA:9,0
DA:17,0
DA:18,0
DA:21,0
DA:30,0
DA:32,0
DA:33,0
DA:34,0
DA:35,0
DA:36,0
DA:37,0
DA:38,0
DA:41,0
DA:52,0
DA:54,0
DA:63,0
DA:65,0
DA:85,0
DA:95,0
LF:25
LH:0
BRDA:17,0,0,0
BRDA:33,1,0,0
BRDA:33,1,1,0
BRDA:33,2,0,0
BRDA:33,2,1,0
BRDA:33,2,2,0
BRDA:35,3,0,0
BRDA:35,3,1,0
BRDA:37,4,0,0
BRDA:37,4,1,0
BRDA:43,5,0,0
BRDA:43,5,1,0
BRDA:43,6,0,0
BRDA:43,6,1,0
BRDA:44,7,0,0
BRDA:44,7,1,0
BRDA:44,7,2,0
BRDA:45,8,0,0
BRDA:45,8,1,0
BRDA:48,9,0,0
BRDA:48,9,1,0
BRDA:48,10,0,0
BRDA:48,10,1,0
BRDA:48,11,0,0
BRDA:48,11,1,0
BRDA:48,12,0,0
BRDA:48,12,1,0
BRDA:52,13,0,0
BRDA:52,13,1,0
BRDA:67,14,0,0
BRDA:67,14,1,0
BRDA:83,15,0,0
BRDA:89,16,0,0
BRDA:123,17,0,0
BRDA:123,17,1,0
BRDA:125,18,0,0
BRDA:128,19,0,0
BRDA:128,19,1,0
BRF:38
BRH:0
end_of_record
TN:
SF:app/rooms/[id]/not-found.tsx
FN:4,RoomNotFound
FNF:1
FNH:0
FNDA:0,RoomNotFound
DA:1,0
DA:2,0
DA:4,0
LF:3
LH:0
BRF:0
BRH:0
end_of_record
TN:
SF:app/rooms/[id]/page.tsx
FN:18,generateStaticParams
FN:20,(anonymous_6)
FN:25,generateMetadata
FN:28,(anonymous_8)
FN:42,RoomDetailPage
FN:45,(anonymous_10)
FN:52,(anonymous_11)
FN:92,(anonymous_12)
FN:94,(anonymous_13)
FN:166,(anonymous_14)
FN:181,(anonymous_15)
FN:251,(anonymous_16)
FNF:12
FNH:0
FNDA:0,generateStaticParams
FNDA:0,(anonymous_6)
FNDA:0,generateMetadata
FNDA:0,(anonymous_8)
FNDA:0,RoomDetailPage
FNDA:0,(anonymous_10)
FNDA:0,(anonymous_11)
FNDA:0,(anonymous_12)
FNDA:0,(anonymous_13)
FNDA:0,(anonymous_14)
FNDA:0,(anonymous_15)
FNDA:0,(anonymous_16)
DA:2,0
DA:3,0
DA:4,0
DA:5,0
DA:6,0
DA:7,0
DA:8,0
DA:9,0
DA:18,0
DA:19,0
DA:20,0
DA:25,0
DA:26,0
DA:27,0
DA:28,0
DA:30,0
DA:31,0
DA:36,0
DA:42,0
DA:43,0
DA:44,0
DA:45,0
DA:47,0
DA:48,0
DA:52,0
DA:53,0
DA:54,0
DA:57,0
DA:58,0
DA:62,0
DA:91,0
DA:92,0
DA:94,0
DA:167,0
DA:182,0
DA:252,0
LF:36
LH:0
BRDA:30,0,0,0
BRDA:30,0,1,0
BRDA:38,1,0,0
BRDA:38,1,1,0
BRDA:47,2,0,0
BRDA:47,2,1,0
BRDA:53,3,0,0
BRDA:53,3,1,0
BRDA:54,4,0,0
BRDA:54,4,1,0
BRDA:54,4,2,0
BRDA:54,4,3,0
BRDA:54,4,4,0
BRDA:58,5,0,0
BRDA:58,5,1,0
BRDA:58,6,0,0
BRDA:58,6,1,0
BRDA:58,6,2,0
BRDA:60,7,0,0
BRDA:60,7,1,0
BRDA:64,8,0,0
BRDA:64,8,1,0
BRDA:65,9,0,0
BRDA:65,9,1,0
BRDA:65,10,0,0
BRDA:65,10,1,0
BRDA:66,11,0,0
BRDA:66,11,1,0
BRDA:66,12,0,0
BRDA:66,12,1,0
BRDA:67,13,0,0
BRDA:67,13,1,0
BRDA:68,14,0,0
BRDA:68,14,1,0
BRDA:69,15,0,0
BRDA:69,15,1,0
BRDA:70,16,0,0
BRDA:70,16,1,0
BRDA:70,17,0,0
BRDA:70,17,1,0
BRDA:70,18,0,0
BRDA:70,18,1,0
BRDA:71,19,0,0
BRDA:71,19,1,0
BRDA:96,20,0,0
BRDA:96,20,1,0
BRDA:97,21,0,0
BRDA:97,21,1,0
BRDA:126,22,0,0
BRDA:126,22,1,0
BRDA:128,23,0,0
BRDA:247,24,0,0
BRDA:277,25,0,0
BRDA:277,25,1,0
BRF:54
BRH:0
end_of_record
TN:
SF:app/surf/page.tsx
FN:12,SurfPage
FN:312,(anonymous_5)
FNF:2
FNH:0
FNDA:0,SurfPage
FNDA:0,(anonymous_5)
DA:2,0
DA:3,0
DA:4,0
DA:5,0
DA:7,0
DA:12,0
DA:13,0
DA:313,0
LF:8
LH:0
BRF:0
BRH:0
end_of_record
TN:
SF:app/surf-weeks/page.tsx
FN:12,SurfWeeksPage
FN:201,(anonymous_5)
FN:261,(anonymous_6)
FN:276,(anonymous_7)
FN:305,(anonymous_8)
FN:311,(anonymous_9)
FN:321,(anonymous_10)
FN:349,(anonymous_11)
FNF:8
FNH:0
FNDA:0,SurfWeeksPage
FNDA:0,(anonymous_5)
FNDA:0,(anonymous_6)
FNDA:0,(anonymous_7)
FNDA:0,(anonymous_8)
FNDA:0,(anonymous_9)
FNDA:0,(anonymous_10)
FNDA:0,(anonymous_11)
DA:2,0
DA:3,0
DA:4,0
DA:5,0
DA:7,0
DA:12,0
DA:14,0
DA:29,0
DA:75,0
DA:112,0
DA:202,0
DA:262,0
DA:263,0
DA:277,0
DA:306,0
DA:312,0
DA:322,0
DA:350,0
LF:18
LH:0
BRDA:271,0,0,0
BRDA:274,1,0,0
BRDA:309,2,0,0
BRDA:317,3,0,0
BRDA:331,4,0,0
BRDA:335,5,0,0
BRF:6
BRH:0
end_of_record
TN:
SF:app/terms/page.tsx
FN:8,TermsPage
FNF:1
FNH:0
FNDA:0,TermsPage
DA:3,0
DA:8,0
LF:2
LH:0
BRF:0
BRH:0
end_of_record
TN:
SF:app/test-rooms/page.tsx
FN:13,TestRoomsPage
FN:18,(anonymous_2)
FN:22,(anonymous_3)
FN:26,(anonymous_4)
FN:35,(anonymous_5)
FN:39,(anonymous_6)
FN:57,(anonymous_7)
FNF:7
FNH:0
FNDA:0,TestRoomsPage
FNDA:0,(anonymous_2)
FNDA:0,(anonymous_3)
FNDA:0,(anonymous_4)
FNDA:0,(anonymous_5)
FNDA:0,(anonymous_6)
FNDA:0,(anonymous_7)
DA:3,0
DA:13,0
DA:14,0
DA:15,0
DA:16,0
DA:18,0
DA:19,0
DA:21,0
DA:23,0
DA:24,0
DA:27,0
DA:28,0
DA:29,0
DA:30,0
DA:32,0
DA:36,0
DA:37,0
DA:40,0
DA:41,0
DA:45,0
DA:49,0
DA:58,0
LF:22
LH:0
BRDA:28,0,0,0
BRDA:28,0,1,0
BRDA:28,1,0,0
BRDA:28,1,1,0
BRDA:45,2,0,0
BRDA:45,2,1,0
BRDA:49,3,0,0
BRDA:49,3,1,0
BRF:8
BRH:0
end_of_record
TN:
SF:app/the-spot/page.tsx
FN:11,TheSpotPage
FNF:1
FNH:0
FNDA:0,TheSpotPage
DA:2,0
DA:3,0
DA:4,0
DA:6,0
DA:11,0
DA:13,0
DA:27,0
DA:35,0
DA:44,0
DA:50,0
LF:10
LH:0
BRF:0
BRH:0
end_of_record
TN:
SF:components/booking-button.tsx
FN:11,BookingButton
FN:14,(anonymous_2)
FNF:2
FNH:0
FNDA:0,BookingButton
FNDA:0,(anonymous_2)
DA:3,0
DA:11,0
DA:12,0
DA:14,0
DA:15,0
DA:17,0
DA:19,0
DA:20,0
LF:8
LH:0
BRDA:17,0,0,0
BRDA:17,0,1,0
BRF:2
BRH:0
end_of_record
TN:
SF:components/booking-widget.tsx
FNF:0
FNH:0
DA:4,0
LF:1
LH:0
BRF:0
BRH:0
end_of_record
TN:
SF:components/card-grid.tsx
FN:9,CardGrid
FN:23,(anonymous_3)
FNF:2
FNH:0
FNDA:0,CardGrid
FNDA:0,(anonymous_3)
DA:3,0
DA:4,0
DA:5,0
DA:6,0
DA:9,0
DA:10,0
DA:24,0
LF:7
LH:0
BRDA:9,0,0,0
BRDA:9,1,0,0
BRDA:49,2,0,0
BRDA:58,3,0,0
BRF:4
BRH:0
end_of_record
TN:
SF:components/error-boundary.tsx
FN:15,(anonymous_4)
FN:50,(anonymous_5)
FN:51,(anonymous_6)
FN:23,(anonymous_7)
FN:30,(anonymous_8)
FN:59,(anonymous_9)
FN:79,(anonymous_10)
FN:156,(anonymous_11)
FNF:8
FNH:0
FNDA:0,(anonymous_4)
FNDA:0,(anonymous_5)
FNDA:0,(anonymous_6)
FNDA:0,(anonymous_7)
FNDA:0,(anonymous_8)
FNDA:0,(anonymous_9)
FNDA:0,(anonymous_10)
FNDA:0,(anonymous_11)
DA:3,0
DA:16,0
DA:17,0
DA:24,0
DA:31,0
DA:33,0
DA:38,0
DA:41,0
DA:42,0
DA:43,0
DA:51,0
DA:60,0
DA:61,0
DA:62,0
DA:69,0
DA:79,0
DA:80,0
DA:156,0
DA:166,0
DA:168,0
DA:171,0
LF:21
LH:0
BRDA:41,0,0,0
BRDA:41,0,1,0
BRDA:41,1,0,0
BRDA:41,1,1,0
BRDA:60,2,0,0
BRDA:60,2,1,0
BRDA:61,3,0,0
BRDA:61,3,1,0
BRDA:80,4,0,0
BRDA:80,4,1,0
BRDA:102,5,0,0
BRDA:102,5,1,0
BRDA:105,6,0,0
BRDA:105,6,1,0
BRDA:140,7,0,0
BRDA:166,8,0,0
BRDA:166,8,1,0
BRF:17
BRH:0
end_of_record
TN:
SF:components/floating-booking-widget.tsx
FN:6,FloatingBookingWidget
FN:36,(anonymous_2)
FNF:2
FNH:0
FNDA:0,FloatingBookingWidget
FNDA:0,(anonymous_2)
DA:3,0
DA:4,0
DA:6,0
DA:7,0
DA:37,0
DA:38,0
LF:6
LH:0
BRDA:12,0,0,0
BRDA:26,1,0,0
BRDA:26,1,1,0
BRDA:37,2,0,0
BRDA:37,2,1,0
BRF:5
BRH:0
end_of_record
TN:
SF:components/floating-check-availability.tsx
FN:5,FloatingCheckAvailability
FN:6,(anonymous_2)
FNF:2
FNH:0
FNDA:0,FloatingCheckAvailability
FNDA:0,(anonymous_2)
DA:3,0
DA:5,0
DA:6,0
DA:8,0
LF:4
LH:0
BRF:0
BRH:0
end_of_record
TN:
SF:components/footer.tsx
FN:9,Footer
FN:12,(anonymous_3)
FN:13,(anonymous_4)
FN:15,(anonymous_5)
FN:51,(anonymous_6)
FNF:5
FNH:0
FNDA:0,Footer
FNDA:0,(anonymous_3)
FNDA:0,(anonymous_4)
FNDA:0,(anonymous_5)
FNDA:0,(anonymous_6)
DA:3,0
DA:4,0
DA:5,0
DA:6,0
DA:9,0
DA:10,0
DA:12,0
DA:13,0
DA:14,0
DA:17,0
DA:52,0
LF:11
LH:0
BRF:0
BRH:0
end_of_record
TN:
SF:components/hero.tsx
FN:6,renderBackgroundMedia
FN:46,Hero
FN:81,(anonymous_4)
FNF:3
FNH:0
FNDA:0,renderBackgroundMedia
FNDA:0,Hero
FNDA:0,(anonymous_4)
DA:1,0
DA:2,0
DA:3,0
DA:7,0
DA:27,0
DA:46,0
DA:82,0
LF:7
LH:0
BRDA:7,0,0,0
BRDA:7,0,1,0
BRDA:27,1,0,0
BRDA:27,1,1,0
BRDA:79,2,0,0
BRDA:79,2,1,0
BRF:6
BRH:0
end_of_record
TN:
SF:components/navigation-wrapper.tsx
FN:6,NavigationWrapper
FNF:1
FNH:0
FNDA:0,NavigationWrapper
DA:3,0
DA:4,0
DA:6,0
DA:7,0
LF:4
LH:0
BRF:0
BRH:0
end_of_record
TN:
SF:components/navigation.tsx
FN:12,Navigation
FN:17,(anonymous_3)
FN:19,(anonymous_4)
FN:21,(anonymous_5)
FN:28,(anonymous_6)
FN:29,(anonymous_7)
FN:48,(anonymous_8)
FN:102,(anonymous_9)
FN:103,(anonymous_10)
FN:151,(anonymous_11)
FN:185,(anonymous_12)
FN:186,(anonymous_13)
FN:218,(anonymous_14)
FN:243,(anonymous_15)
FN:249,(anonymous_16)
FN:250,(anonymous_17)
FNF:16
FNH:0
FNDA:0,Navigation
FNDA:0,(anonymous_3)
FNDA:0,(anonymous_4)
FNDA:0,(anonymous_5)
FNDA:0,(anonymous_6)
FNDA:0,(anonymous_7)
FNDA:0,(anonymous_8)
FNDA:0,(anonymous_9)
FNDA:0,(anonymous_10)
FNDA:0,(anonymous_11)
FNDA:0,(anonymous_12)
FNDA:0,(anonymous_13)
FNDA:0,(anonymous_14)
FNDA:0,(anonymous_15)
FNDA:0,(anonymous_16)
FNDA:0,(anonymous_17)
DA:3,0
DA:4,0
DA:5,0
DA:6,0
DA:7,0
DA:9,0
DA:10,0
DA:12,0
DA:13,0
DA:14,0
DA:15,0
DA:17,0
DA:18,0
DA:19,0
DA:20,0
DA:23,0
DA:28,0
DA:29,0
DA:32,0
DA:49,0
DA:102,0
DA:103,0
DA:152,0
DA:185,0
DA:186,0
DA:219,0
DA:244,0
DA:245,0
DA:249,0
DA:250,0
LF:30
LH:0
BRDA:14,0,0,0
BRDA:14,0,1,0
BRDA:18,1,0,0
BRDA:18,1,1,0
BRDA:43,2,0,0
BRDA:54,3,0,0
BRDA:54,3,1,0
BRDA:58,4,0,0
BRDA:58,4,1,0
BRDA:59,5,0,0
BRDA:59,5,1,0
BRDA:120,6,0,0
BRDA:157,7,0,0
BRDA:157,7,1,0
BRDA:161,8,0,0
BRDA:161,8,1,0
BRDA:162,9,0,0
BRDA:162,9,1,0
BRDA:203,10,0,0
BRDA:214,11,0,0
BRDA:224,12,0,0
BRDA:224,12,1,0
BRDA:229,13,0,0
BRDA:229,13,1,0
BRDA:230,14,0,0
BRDA:230,14,1,0
BRF:26
BRH:0
end_of_record
TN:
SF:components/providers.tsx
FN:6,Providers
FNF:1
FNH:0
FNDA:0,Providers
DA:4,0
DA:6,0
LF:2
LH:0
BRF:0
BRH:0
end_of_record
TN:
SF:components/video-embed.tsx
FN:9,VideoEmbed
FN:21,(anonymous_3)
FN:23,(anonymous_4)
FN:36,(anonymous_5)
FN:39,(anonymous_6)
FN:43,(anonymous_7)
FNF:6
FNH:0
FNDA:0,VideoEmbed
FNDA:0,(anonymous_3)
FNDA:0,(anonymous_4)
FNDA:0,(anonymous_5)
FNDA:0,(anonymous_6)
FNDA:0,(anonymous_7)
DA:3,0
DA:4,0
DA:5,0
DA:6,0
DA:9,0
DA:16,0
DA:17,0
DA:18,0
DA:21,0
DA:22,0
DA:24,0
DA:25,0
DA:26,0
DA:32,0
DA:33,0
DA:36,0
DA:39,0
DA:40,0
DA:43,0
DA:44,0
DA:45,0
DA:46,0
DA:47,0
DA:48,0
DA:49,0
DA:51,0
LF:26
LH:0
BRDA:11,0,0,0
BRDA:14,1,0,0
BRDA:24,2,0,0
BRDA:24,2,1,0
BRDA:32,3,0,0
BRDA:32,3,1,0
BRDA:44,4,0,0
BRDA:44,4,1,0
BRDA:47,5,0,0
BRDA:47,5,1,0
BRDA:63,6,0,0
BRDA:64,7,0,0
BRDA:64,7,1,0
BRF:13
BRH:0
end_of_record
TN:
SF:components/BookingWidget/BookingWidget.tsx
FN:32,BookingWidget
FN:41,(anonymous_2)
FN:50,(anonymous_3)
FN:65,(anonymous_4)
FN:71,(anonymous_5)
FN:75,(anonymous_6)
FN:81,(anonymous_7)
FN:91,(anonymous_8)
FN:97,(anonymous_9)
FNF:9
FNH:0
FNDA:0,BookingWidget
FNDA:0,(anonymous_2)
FNDA:0,(anonymous_3)
FNDA:0,(anonymous_4)
FNDA:0,(anonymous_5)
FNDA:0,(anonymous_6)
FNDA:0,(anonymous_7)
FNDA:0,(anonymous_8)
FNDA:0,(anonymous_9)
DA:3,0
DA:4,0
DA:5,0
DA:6,0
DA:7,0
DA:8,0
DA:9,0
DA:10,0
DA:11,0
DA:12,0
DA:13,0
DA:14,0
DA:32,0
DA:37,0
DA:38,0
DA:39,0
DA:41,0
DA:43,0
DA:44,0
DA:45,0
DA:48,0
DA:50,0
DA:51,0
DA:52,0
DA:53,0
DA:58,0
DA:59,0
DA:63,0
DA:65,0
DA:66,0
DA:67,0
DA:71,0
DA:72,0
DA:75,0
DA:76,0
DA:77,0
DA:78,0
DA:81,0
DA:82,0
DA:84,0
DA:87,0
DA:91,0
DA:92,0
DA:93,0
DA:97,0
DA:98,0
DA:101,0
DA:114,0
DA:124,0
LF:49
LH:0
BRDA:34,0,0,0
BRDA:43,1,0,0
BRDA:43,1,1,0
BRDA:48,2,0,0
BRDA:48,2,1,0
BRDA:52,3,0,0
BRDA:52,3,1,0
BRDA:52,4,0,0
BRDA:52,4,1,0
BRDA:82,5,0,0
BRDA:82,5,1,0
BRDA:92,6,0,0
BRDA:92,6,1,0
BRDA:101,7,0,0
BRDA:101,7,1,0
BRDA:106,8,0,0
BRDA:106,8,1,0
BRDA:107,9,0,0
BRDA:107,9,1,0
BRDA:129,10,0,0
BRDA:141,11,0,0
BRDA:149,12,0,0
BRDA:149,12,1,0
BRDA:156,13,0,0
BRDA:214,14,0,0
BRDA:214,14,1,0
BRDA:222,15,0,0
BRDA:222,15,1,0
BRDA:247,16,0,0
BRDA:267,17,0,0
BRDA:267,17,1,0
BRDA:270,18,0,0
BRDA:270,18,1,0
BRDA:275,19,0,0
BRDA:275,19,1,0
BRF:35
BRH:0
end_of_record
TN:
SF:components/BookingWidget/BookingWidget_backup.tsx
FN:20,BookingWidget
FN:25,(anonymous_2)
FN:30,(anonymous_3)
FN:37,(anonymous_4)
FN:47,(anonymous_5)
FN:53,(anonymous_6)
FNF:6
FNH:0
FNDA:0,BookingWidget
FNDA:0,(anonymous_2)
FNDA:0,(anonymous_3)
FNDA:0,(anonymous_4)
FNDA:0,(anonymous_5)
FNDA:0,(anonymous_6)
DA:3,0
DA:4,0
DA:5,0
DA:6,0
DA:7,0
DA:8,0
DA:9,0
DA:10,0
DA:11,0
DA:12,0
DA:13,0
DA:14,0
DA:20,0
DA:21,0
DA:22,0
DA:23,0
DA:25,0
DA:26,0
DA:27,0
DA:30,0
DA:31,0
DA:32,0
DA:33,0
DA:34,0
DA:37,0
DA:38,0
DA:40,0
DA:43,0
DA:47,0
DA:48,0
DA:49,0
DA:53,0
DA:54,0
DA:56,0
DA:66,0
LF:35
LH:0
BRDA:20,0,0,0
BRDA:38,1,0,0
BRDA:38,1,1,0
BRDA:48,2,0,0
BRDA:48,2,1,0
BRDA:71,3,0,0
BRDA:96,4,0,0
BRDA:134,5,0,0
BRDA:134,5,1,0
BRDA:142,6,0,0
BRDA:142,6,1,0
BRDA:167,7,0,0
BRDA:187,8,0,0
BRDA:187,8,1,0
BRDA:190,9,0,0
BRDA:190,9,1,0
BRDA:195,10,0,0
BRDA:195,10,1,0
BRF:18
BRH:0
end_of_record
TN:
SF:components/BookingWidget/StandaloneWidget.tsx
FN:21,StandaloneWidget
FN:32,(anonymous_7)
FN:34,(anonymous_8)
FNF:3
FNH:0
FNDA:0,StandaloneWidget
FNDA:0,(anonymous_7)
FNDA:0,(anonymous_8)
DA:3,0
DA:4,0
DA:21,0
DA:28,0
DA:29,0
DA:30,0
DA:32,0
DA:34,0
DA:35,0
DA:37,0
DA:39,0
DA:41,0
DA:53,0
DA:54,0
DA:56,0
DA:63,0
DA:64,0
DA:65,0
DA:69,0
DA:73,0
DA:110,0
DA:311,0
DA:312,0
DA:315,0
LF:24
LH:0
BRDA:23,0,0,0
BRDA:24,1,0,0
BRDA:25,2,0,0
BRDA:39,3,0,0
BRDA:39,3,1,0
BRDA:63,4,0,0
BRDA:63,4,1,0
BRDA:73,5,0,0
BRDA:73,5,1,0
BRDA:99,6,0,0
BRDA:99,6,1,0
BRDA:110,7,0,0
BRDA:110,7,1,0
BRDA:110,8,0,0
BRDA:110,8,1,0
BRDA:311,9,0,0
BRDA:311,9,1,0
BRF:17
BRH:0
end_of_record
TN:
SF:components/BookingWidget/components/BankWireInstructions.tsx
FN:10,BankWireInstructions
FN:23,(anonymous_2)
FN:27,(anonymous_3)
FN:33,(anonymous_4)
FN:76,(anonymous_5)
FN:95,(anonymous_6)
FN:114,(anonymous_7)
FN:143,(anonymous_8)
FNF:8
FNH:0
FNDA:0,BankWireInstructions
FNDA:0,(anonymous_2)
FNDA:0,(anonymous_3)
FNDA:0,(anonymous_4)
FNDA:0,(anonymous_5)
FNDA:0,(anonymous_6)
FNDA:0,(anonymous_7)
FNDA:0,(anonymous_8)
DA:1,0
DA:2,0
DA:10,0
DA:11,0
DA:13,0
DA:21,0
DA:23,0
DA:24,0
DA:25,0
DA:26,0
DA:27,0
DA:29,0
DA:33,0
DA:34,0
DA:76,0
DA:95,0
DA:114,0
DA:143,0
LF:18
LH:0
BRDA:21,0,0,0
BRDA:21,0,1,0
BRDA:81,1,0,0
BRDA:100,2,0,0
BRDA:119,3,0,0
BRDA:148,4,0,0
BRF:6
BRH:0
end_of_record
TN:
SF:components/BookingWidget/components/PaymentMethodSelector.tsx
FN:8,PaymentMethodSelector
FN:33,(anonymous_2)
FN:40,(anonymous_3)
FNF:3
FNH:0
FNDA:0,PaymentMethodSelector
FNDA:0,(anonymous_2)
FNDA:0,(anonymous_3)
DA:1,0
DA:8,0
DA:9,0
DA:34,0
DA:35,0
DA:37,0
DA:40,0
LF:7
LH:0
BRDA:46,0,0,0
BRDA:46,0,1,0
BRDA:56,1,0,0
BRDA:56,1,1,0
BRDA:78,2,0,0
BRF:5
BRH:0
end_of_record
TN:
SF:components/BookingWidget/components/RoomImageGallery.tsx
FN:16,RoomImageGallery
FN:31,(anonymous_5)
FN:32,(anonymous_6)
FN:35,(anonymous_7)
FN:36,(anonymous_8)
FN:39,(anonymous_9)
FN:70,(anonymous_10)
FN:98,(anonymous_11)
FN:101,(anonymous_12)
FN:112,(anonymous_13)
FN:162,(anonymous_14)
FN:185,RoomThumbnail
FN:195,(anonymous_16)
FN:214,RoomHeroImage
FN:224,(anonymous_18)
FNF:15
FNH:0
FNDA:0,RoomImageGallery
FNDA:0,(anonymous_5)
FNDA:0,(anonymous_6)
FNDA:0,(anonymous_7)
FNDA:0,(anonymous_8)
FNDA:0,(anonymous_9)
FNDA:0,(anonymous_10)
FNDA:0,(anonymous_11)
FNDA:0,(anonymous_12)
FNDA:0,(anonymous_13)
FNDA:0,(anonymous_14)
FNDA:0,RoomThumbnail
FNDA:0,(anonymous_16)
FNDA:0,RoomHeroImage
FNDA:0,(anonymous_18)
DA:1,0
DA:2,0
DA:16,0
DA:27,0
DA:29,0
DA:31,0
DA:32,0
DA:35,0
DA:36,0
DA:39,0
DA:40,0
DA:71,0
DA:72,0
DA:99,0
DA:101,0
DA:113,0
DA:114,0
DA:163,0
DA:185,0
DA:196,0
DA:197,0
DA:214,0
DA:225,0
DA:226,0
LF:24
LH:0
BRDA:29,0,0,0
BRDA:29,0,1,0
BRDA:29,1,0,0
BRDA:29,1,1,0
BRDA:77,2,0,0
BRDA:96,3,0,0
BRDA:103,4,0,0
BRDA:103,4,1,0
BRDA:130,5,0,0
BRDA:135,6,0,0
BRDA:141,7,0,0
BRDA:150,8,0,0
BRDA:158,9,0,0
BRDA:158,9,1,0
BRDA:185,10,0,0
BRDA:214,11,0,0
BRF:16
BRH:0
end_of_record
TN:
SF:components/BookingWidget/hooks/useAddOns.ts
FN:27,useAddOns
FN:34,(anonymous_2)
FN:35,(anonymous_3)
FN:60,(anonymous_4)
FN:61,(anonymous_5)
FN:68,(anonymous_6)
FN:69,(anonymous_7)
FN:73,(anonymous_8)
FN:78,(anonymous_9)
FN:98,(anonymous_10)
FN:99,(anonymous_11)
FN:105,(anonymous_12)
FNF:12
FNH:0
FNDA:0,useAddOns
FNDA:0,(anonymous_2)
FNDA:0,(anonymous_3)
FNDA:0,(anonymous_4)
FNDA:0,(anonymous_5)
FNDA:0,(anonymous_6)
FNDA:0,(anonymous_7)
FNDA:0,(anonymous_8)
FNDA:0,(anonymous_9)
FNDA:0,(anonymous_10)
FNDA:0,(anonymous_11)
FNDA:0,(anonymous_12)
DA:1,0
DA:3,0
DA:27,0
DA:28,0
DA:29,0
DA:30,0
DA:31,0
DA:34,0
DA:35,0
DA:36,0
DA:37,0
DA:38,0
DA:40,0
DA:41,0
DA:42,0
DA:45,0
DA:46,0
DA:47,0
DA:49,0
DA:50,0
DA:52,0
DA:56,0
DA:60,0
DA:61,0
DA:62,0
DA:65,0
DA:66,0
DA:68,0
DA:69,0
DA:71,0
DA:73,0
DA:76,0
DA:78,0
DA:79,0
DA:85,0
DA:98,0
DA:99,0
DA:100,0
DA:105,0
DA:106,0
DA:109,0
LF:41
LH:0
BRDA:41,0,0,0
BRDA:41,0,1,0
BRDA:46,1,0,0
BRDA:46,1,1,0
BRDA:50,2,0,0
BRDA:50,2,1,0
BRDA:62,3,0,0
BRDA:62,3,1,0
BRDA:65,4,0,0
BRDA:65,4,1,0
BRDA:71,5,0,0
BRDA:71,5,1,0
BRDA:76,6,0,0
BRDA:76,6,1,0
BRDA:79,7,0,0
BRDA:79,7,1,0
BRF:16
BRH:0
end_of_record
TN:
SF:components/BookingWidget/hooks/useBookingFlow.ts
FN:34,bookingReducer
FN:81,(anonymous_2)
FN:94,(anonymous_3)
FN:96,(anonymous_4)
FN:125,useBookingFlow
FN:129,(anonymous_6)
FN:157,(anonymous_7)
FN:163,(anonymous_8)
FN:169,(anonymous_9)
FN:173,(anonymous_10)
FN:177,(anonymous_11)
FN:181,(anonymous_12)
FN:185,(anonymous_13)
FN:189,(anonymous_14)
FN:193,(anonymous_15)
FN:197,(anonymous_16)
FN:201,(anonymous_17)
FN:205,(anonymous_18)
FN:209,(anonymous_19)
FN:213,(anonymous_20)
FN:217,(anonymous_21)
FN:221,(anonymous_22)
FN:225,(anonymous_23)
FN:229,(anonymous_24)
FN:233,(anonymous_25)
FN:237,(anonymous_26)
FN:241,(anonymous_27)
FN:259,(anonymous_28)
FN:267,(anonymous_29)
FN:278,(anonymous_30)
FN:305,(anonymous_31)
FNF:31
FNH:0
FNDA:0,bookingReducer
FNDA:0,(anonymous_2)
FNDA:0,(anonymous_3)
FNDA:0,(anonymous_4)
FNDA:0,useBookingFlow
FNDA:0,(anonymous_6)
FNDA:0,(anonymous_7)
FNDA:0,(anonymous_8)
FNDA:0,(anonymous_9)
FNDA:0,(anonymous_10)
FNDA:0,(anonymous_11)
FNDA:0,(anonymous_12)
FNDA:0,(anonymous_13)
FNDA:0,(anonymous_14)
FNDA:0,(anonymous_15)
FNDA:0,(anonymous_16)
FNDA:0,(anonymous_17)
FNDA:0,(anonymous_18)
FNDA:0,(anonymous_19)
FNDA:0,(anonymous_20)
FNDA:0,(anonymous_21)
FNDA:0,(anonymous_22)
FNDA:0,(anonymous_23)
FNDA:0,(anonymous_24)
FNDA:0,(anonymous_25)
FNDA:0,(anonymous_26)
FNDA:0,(anonymous_27)
FNDA:0,(anonymous_28)
FNDA:0,(anonymous_29)
FNDA:0,(anonymous_30)
FNDA:0,(anonymous_31)
DA:1,0
DA:3,0
DA:4,0
DA:6,0
DA:35,0
DA:37,0
DA:40,0
DA:47,0
DA:54,0
DA:61,0
DA:64,0
DA:67,0
DA:70,0
DA:73,0
DA:79,0
DA:81,0
DA:85,0
DA:88,0
DA:91,0
DA:94,0
DA:95,0
DA:96,0
DA:99,0
DA:102,0
DA:105,0
DA:108,0
DA:114,0
DA:115,0
DA:118,0
DA:121,0
DA:125,0
DA:126,0
DA:129,0
DA:130,0
DA:132,0
DA:133,0
DA:137,0
DA:138,0
DA:141,0
DA:142,0
DA:144,0
DA:146,0
DA:149,0
DA:150,0
DA:153,0
DA:154,0
DA:155,0
DA:157,0
DA:158,0
DA:159,0
DA:163,0
DA:164,0
DA:165,0
DA:169,0
DA:170,0
DA:173,0
DA:174,0
DA:177,0
DA:178,0
DA:181,0
DA:182,0
DA:185,0
DA:186,0
DA:189,0
DA:190,0
DA:193,0
DA:194,0
DA:197,0
DA:198,0
DA:201,0
DA:202,0
DA:205,0
DA:206,0
DA:209,0
DA:210,0
DA:213,0
DA:214,0
DA:217,0
DA:218,0
DA:221,0
DA:222,0
DA:225,0
DA:226,0
DA:229,0
DA:230,0
DA:233,0
DA:234,0
DA:237,0
DA:238,0
DA:241,0
DA:242,0
DA:244,0
DA:246,0
DA:249,0
DA:250,0
DA:252,0
DA:255,0
DA:259,0
DA:260,0
DA:263,0
DA:266,0
DA:267,0
DA:270,0
DA:273,0
DA:278,0
DA:279,0
DA:280,0
DA:281,0
DA:284,0
DA:285,0
DA:286,0
DA:292,0
DA:293,0
DA:296,0
DA:298,0
DA:299,0
DA:301,0
DA:305,0
DA:306,0
DA:307,0
DA:308,0
DA:311,0
DA:312,0
DA:313,0
DA:314,0
DA:325,0
DA:326,0
DA:329,0
DA:331,0
DA:332,0
DA:334,0
DA:338,0
LF:132
LH:0
BRDA:35,0,0,0
BRDA:35,0,1,0
BRDA:35,0,2,0
BRDA:35,0,3,0
BRDA:35,0,4,0
BRDA:35,0,5,0
BRDA:35,0,6,0
BRDA:35,0,7,0
BRDA:35,0,8,0
BRDA:35,0,9,0
BRDA:35,0,10,0
BRDA:35,0,11,0
BRDA:35,0,12,0
BRDA:35,0,13,0
BRDA:35,0,14,0
BRDA:35,0,15,0
BRDA:35,0,16,0
BRDA:35,0,17,0
BRDA:35,0,18,0
BRDA:35,0,19,0
BRDA:95,1,0,0
BRDA:95,1,1,0
BRDA:96,2,0,0
BRDA:96,2,1,0
BRDA:132,3,0,0
BRDA:132,3,1,0
BRDA:137,4,0,0
BRDA:137,4,1,0
BRDA:141,5,0,0
BRDA:141,5,1,0
BRDA:144,6,0,0
BRDA:144,6,1,0
BRDA:158,7,0,0
BRDA:158,7,1,0
BRDA:164,8,0,0
BRDA:164,8,1,0
BRDA:244,9,0,0
BRDA:244,9,1,0
BRDA:244,9,2,0
BRDA:244,9,3,0
BRDA:244,9,4,0
BRDA:244,9,5,0
BRDA:244,9,6,0
BRDA:244,9,7,0
BRDA:249,10,0,0
BRDA:249,10,1,0
BRDA:252,11,0,0
BRDA:252,11,1,0
BRDA:252,11,2,0
BRDA:252,11,3,0
BRDA:266,12,0,0
BRDA:266,12,1,0
BRDA:267,13,0,0
BRDA:267,13,1,0
BRDA:267,13,2,0
BRDA:279,14,0,0
BRDA:279,14,1,0
BRDA:279,15,0,0
BRDA:279,15,1,0
BRDA:292,16,0,0
BRDA:292,16,1,0
BRDA:293,17,0,0
BRDA:293,17,1,0
BRDA:306,18,0,0
BRDA:306,18,1,0
BRDA:306,19,0,0
BRDA:306,19,1,0
BRDA:306,19,2,0
BRDA:320,20,0,0
BRDA:320,20,1,0
BRDA:325,21,0,0
BRDA:325,21,1,0
BRDA:326,22,0,0
BRDA:326,22,1,0
BRF:74
BRH:0
end_of_record
TN:
SF:components/BookingWidget/hooks/useDateAvailability.ts
FN:37,useDateAvailability
FN:46,(anonymous_2)
FN:83,(anonymous_3)
FN:100,(anonymous_4)
FN:101,(anonymous_5)
FN:106,(anonymous_6)
FN:110,(anonymous_7)
FN:114,(anonymous_8)
FN:122,(anonymous_9)
FN:136,(anonymous_10)
FN:141,(anonymous_11)
FN:166,(anonymous_12)
FN:166,(anonymous_13)
FN:166,(anonymous_14)
FN:167,(anonymous_15)
FN:167,(anonymous_16)
FN:167,(anonymous_17)
FN:168,(anonymous_18)
FN:169,(anonymous_19)
FNF:19
FNH:0
FNDA:0,useDateAvailability
FNDA:0,(anonymous_2)
FNDA:0,(anonymous_3)
FNDA:0,(anonymous_4)
FNDA:0,(anonymous_5)
FNDA:0,(anonymous_6)
FNDA:0,(anonymous_7)
FNDA:0,(anonymous_8)
FNDA:0,(anonymous_9)
FNDA:0,(anonymous_10)
FNDA:0,(anonymous_11)
FNDA:0,(anonymous_12)
FNDA:0,(anonymous_13)
FNDA:0,(anonymous_14)
FNDA:0,(anonymous_15)
FNDA:0,(anonymous_16)
FNDA:0,(anonymous_17)
FNDA:0,(anonymous_18)
FNDA:0,(anonymous_19)
DA:1,0
DA:2,0
DA:37,0
DA:38,0
DA:40,0
DA:41,0
DA:42,0
DA:43,0
DA:44,0
DA:46,0
DA:47,0
DA:50,0
DA:51,0
DA:52,0
DA:53,0
DA:56,0
DA:57,0
DA:59,0
DA:60,0
DA:66,0
DA:68,0
DA:69,0
DA:72,0
DA:74,0
DA:75,0
DA:78,0
DA:79,0
DA:80,0
DA:83,0
DA:88,0
DA:91,0
DA:92,0
DA:93,0
DA:94,0
DA:96,0
DA:100,0
DA:101,0
DA:102,0
DA:103,0
DA:106,0
DA:107,0
DA:110,0
DA:111,0
DA:114,0
DA:115,0
DA:116,0
DA:117,0
DA:119,0
DA:120,0
DA:121,0
DA:122,0
DA:124,0
DA:130,0
DA:133,0
DA:136,0
DA:137,0
DA:141,0
DA:142,0
DA:143,0
DA:144,0
DA:145,0
DA:147,0
DA:148,0
DA:150,0
DA:154,0
DA:166,0
DA:167,0
DA:168,0
DA:170,0
DA:171,0
LF:70
LH:0
BRDA:37,0,0,0
BRDA:38,1,0,0
BRDA:38,2,0,0
BRDA:38,3,0,0
BRDA:51,4,0,0
BRDA:51,4,1,0
BRDA:51,5,0,0
BRDA:51,5,1,0
BRDA:68,6,0,0
BRDA:68,6,1,0
BRDA:74,7,0,0
BRDA:74,7,1,0
BRDA:75,8,0,0
BRDA:75,8,1,0
BRDA:91,9,0,0
BRDA:91,9,1,0
BRDA:102,10,0,0
BRDA:102,10,1,0
BRDA:103,11,0,0
BRDA:103,11,1,0
BRDA:126,12,0,0
BRDA:126,12,1,0
BRDA:126,13,0,0
BRDA:126,13,1,0
BRDA:127,14,0,0
BRDA:127,14,1,0
BRDA:142,15,0,0
BRDA:142,15,1,0
BRDA:168,16,0,0
BRDA:168,16,1,0
BRDA:170,17,0,0
BRDA:170,17,1,0
BRF:32
BRH:0
end_of_record
TN:
SF:components/BookingWidget/hooks/usePortalModal.ts
FN:3,usePortalModal
FN:6,(anonymous_2)
FN:27,(anonymous_3)
FN:35,(anonymous_4)
FN:51,(anonymous_5)
FNF:5
FNH:0
FNDA:0,usePortalModal
FNDA:0,(anonymous_2)
FNDA:0,(anonymous_3)
FNDA:0,(anonymous_4)
FNDA:0,(anonymous_5)
DA:1,0
DA:3,0
DA:4,0
DA:6,0
DA:7,0
DA:10,0
DA:11,0
DA:12,0
DA:13,0
DA:14,0
DA:23,0
DA:25,0
DA:27,0
DA:29,0
DA:30,0
DA:35,0
DA:37,0
DA:38,0
DA:39,0
DA:40,0
DA:41,0
DA:44,0
DA:45,0
DA:46,0
DA:47,0
DA:51,0
DA:52,0
DA:53,0
DA:57,0
LF:29
LH:0
BRDA:7,0,0,0
BRDA:7,0,1,0
BRDA:11,1,0,0
BRDA:11,1,1,0
BRDA:29,2,0,0
BRDA:29,2,1,0
BRDA:29,3,0,0
BRDA:29,3,1,0
BRDA:37,4,0,0
BRDA:37,4,1,0
BRDA:40,5,0,0
BRDA:40,5,1,0
BRDA:46,6,0,0
BRDA:46,6,1,0
BRF:14
BRH:0
end_of_record
TN:
SF:components/BookingWidget/hooks/useRooms.ts
FN:19,useRooms
FN:30,(anonymous_2)
FN:56,(anonymous_3)
FN:78,(anonymous_4)
FN:148,(anonymous_5)
FN:157,(anonymous_6)
FNF:6
FNH:0
FNDA:0,useRooms
FNDA:0,(anonymous_2)
FNDA:0,(anonymous_3)
FNDA:0,(anonymous_4)
FNDA:0,(anonymous_5)
FNDA:0,(anonymous_6)
DA:1,0
DA:3,0
DA:19,0
DA:20,0
DA:21,0
DA:22,0
DA:23,0
DA:27,0
DA:28,0
DA:30,0
DA:31,0
DA:32,0
DA:33,0
DA:38,0
DA:39,0
DA:42,0
DA:43,0
DA:44,0
DA:46,0
DA:47,0
DA:55,0
DA:56,0
DA:58,0
DA:60,0
DA:65,0
DA:67,0
DA:68,0
DA:71,0
DA:73,0
DA:75,0
DA:78,0
DA:81,0
DA:82,0
DA:83,0
DA:84,0
DA:86,0
DA:90,0
DA:91,0
DA:92,0
DA:93,0
DA:94,0
DA:97,0
DA:98,0
DA:100,0
DA:104,0
DA:111,0
DA:124,0
DA:127,0
DA:128,0
DA:131,0
DA:132,0
DA:133,0
DA:135,0
DA:138,0
DA:139,0
DA:140,0
DA:142,0
DA:144,0
DA:148,0
DA:149,0
DA:153,0
DA:157,0
LF:62
LH:0
BRDA:27,0,0,0
BRDA:27,0,1,0
BRDA:28,1,0,0
BRDA:28,1,1,0
BRDA:42,2,0,0
BRDA:42,2,1,0
BRDA:42,3,0,0
BRDA:42,3,1,0
BRDA:60,4,0,0
BRDA:60,4,1,0
BRDA:67,5,0,0
BRDA:67,5,1,0
BRDA:73,6,0,0
BRDA:73,6,1,0
BRDA:73,7,0,0
BRDA:73,7,1,0
BRDA:73,7,2,0
BRDA:75,8,0,0
BRDA:75,8,1,0
BRDA:81,9,0,0
BRDA:81,9,1,0
BRDA:83,10,0,0
BRDA:83,10,1,0
BRDA:91,11,0,0
BRDA:91,11,1,0
BRDA:91,12,0,0
BRDA:91,12,1,0
BRDA:91,12,2,0
BRDA:93,13,0,0
BRDA:93,13,1,0
BRDA:97,14,0,0
BRDA:97,14,1,0
BRDA:106,15,0,0
BRDA:106,15,1,0
BRDA:114,16,0,0
BRDA:114,16,1,0
BRDA:118,17,0,0
BRDA:118,17,1,0
BRDA:132,18,0,0
BRDA:132,18,1,0
BRDA:132,19,0,0
BRDA:132,19,1,0
BRDA:139,20,0,0
BRDA:139,20,1,0
BRF:44
BRH:0
end_of_record
TN:
SF:components/BookingWidget/hooks/useSurfCamps.ts
FN:12,useSurfCamps
FN:17,(anonymous_2)
FN:24,(anonymous_3)
FN:43,(anonymous_4)
FN:85,(anonymous_5)
FN:93,(anonymous_6)
FNF:6
FNH:0
FNDA:0,useSurfCamps
FNDA:0,(anonymous_2)
FNDA:0,(anonymous_3)
FNDA:0,(anonymous_4)
FNDA:0,(anonymous_5)
FNDA:0,(anonymous_6)
DA:1,0
DA:3,0
DA:12,0
DA:13,0
DA:14,0
DA:15,0
DA:17,0
DA:18,0
DA:19,0
DA:20,0
DA:23,0
DA:24,0
DA:26,0
DA:28,0
DA:33,0
DA:35,0
DA:36,0
DA:39,0
DA:41,0
DA:43,0
DA:61,0
DA:64,0
DA:65,0
DA:68,0
DA:69,0
DA:70,0
DA:72,0
DA:75,0
DA:76,0
DA:77,0
DA:79,0
DA:81,0
DA:85,0
DA:86,0
DA:89,0
DA:93,0
LF:36
LH:0
BRDA:35,0,0,0
BRDA:35,0,1,0
BRDA:41,1,0,0
BRDA:41,1,1,0
BRDA:41,2,0,0
BRDA:41,2,1,0
BRDA:53,3,0,0
BRDA:53,3,1,0
BRDA:56,4,0,0
BRDA:56,4,1,0
BRDA:57,5,0,0
BRDA:57,5,1,0
BRDA:58,6,0,0
BRDA:58,6,1,0
BRDA:69,7,0,0
BRDA:69,7,1,0
BRDA:69,8,0,0
BRDA:69,8,1,0
BRDA:76,9,0,0
BRDA:76,9,1,0
BRF:20
BRH:0
end_of_record
TN:
SF:components/BookingWidget/lib/api.ts
FN:14,safeWindow
FN:22,getApiSettings
FN:34,joinUrl
FN:41,apiFetch
FN:51,(anonymous_9)
FN:61,getApiBase
FN:65,getApiKey
FNF:7
FNH:0
FNDA:0,safeWindow
FNDA:0,getApiSettings
FNDA:0,joinUrl
FNDA:0,apiFetch
FNDA:0,(anonymous_9)
FNDA:0,getApiBase
FNDA:0,getApiKey
DA:15,0
DA:16,0
DA:18,0
DA:22,0
DA:23,0
DA:24,0
DA:25,0
DA:26,0
DA:35,0
DA:36,0
DA:37,0
DA:38,0
DA:41,0
DA:42,0
DA:43,0
DA:45,0
DA:46,0
DA:47,0
DA:49,0
DA:50,0
DA:51,0
DA:53,0
DA:54,0
DA:55,0
DA:57,0
DA:61,0
DA:62,0
DA:65,0
DA:66,0
LF:29
LH:0
BRDA:16,0,0,0
BRDA:16,0,1,0
BRDA:25,1,0,0
BRDA:25,1,1,0
BRDA:28,2,0,0
BRDA:28,2,1,0
BRDA:28,2,2,0
BRDA:30,3,0,0
BRDA:30,3,1,0
BRDA:30,3,2,0
BRDA:35,4,0,0
BRDA:35,4,1,0
BRDA:36,5,0,0
BRDA:36,5,1,0
BRDA:37,6,0,0
BRDA:37,6,1,0
BRDA:41,7,0,0
BRDA:43,8,0,0
BRDA:43,8,1,0
BRDA:45,9,0,0
BRDA:45,9,1,0
BRDA:46,10,0,0
BRDA:46,10,1,0
BRDA:47,11,0,0
BRDA:47,11,1,0
BRDA:47,12,0,0
BRDA:47,12,1,0
BRDA:49,13,0,0
BRDA:49,13,1,0
BRDA:50,14,0,0
BRDA:50,14,1,0
BRDA:62,15,0,0
BRDA:62,15,1,0
BRDA:66,16,0,0
BRDA:66,16,1,0
BRF:35
BRH:0
end_of_record
TN:
SF:components/BookingWidget/steps/AddOnsSelection.tsx
FN:14,AddOnsSelection
FN:19,(anonymous_2)
FN:26,(anonymous_3)
FN:34,(anonymous_4)
FN:64,(anonymous_5)
FN:74,(anonymous_6)
FN:82,(anonymous_7)
FN:83,(anonymous_8)
FN:95,(anonymous_9)
FN:129,(anonymous_10)
FN:180,(anonymous_11)
FN:200,(anonymous_12)
FN:235,(anonymous_13)
FNF:13
FNH:0
FNDA:0,AddOnsSelection
FNDA:0,(anonymous_2)
FNDA:0,(anonymous_3)
FNDA:0,(anonymous_4)
FNDA:0,(anonymous_5)
FNDA:0,(anonymous_6)
FNDA:0,(anonymous_7)
FNDA:0,(anonymous_8)
FNDA:0,(anonymous_9)
FNDA:0,(anonymous_10)
FNDA:0,(anonymous_11)
FNDA:0,(anonymous_12)
FNDA:0,(anonymous_13)
DA:1,0
DA:2,0
DA:4,0
DA:14,0
DA:15,0
DA:16,0
DA:19,0
DA:20,0
DA:21,0
DA:26,0
DA:27,0
DA:34,0
DA:35,0
DA:36,0
DA:39,0
DA:43,0
DA:44,0
DA:48,0
DA:51,0
DA:52,0
DA:53,0
DA:55,0
DA:64,0
DA:65,0
DA:74,0
DA:75,0
DA:82,0
DA:83,0
DA:84,0
DA:87,0
DA:96,0
DA:105,0
DA:130,0
DA:131,0
DA:133,0
DA:180,0
DA:200,0
DA:236,0
LF:38
LH:0
BRDA:20,0,0,0
BRDA:20,0,1,0
BRDA:43,1,0,0
BRDA:43,1,1,0
BRDA:43,2,0,0
BRDA:43,2,1,0
BRDA:84,3,0,0
BRDA:84,3,1,0
BRDA:87,4,0,0
BRDA:87,4,1,0
BRDA:105,5,0,0
BRDA:105,5,1,0
BRDA:128,6,0,0
BRDA:138,7,0,0
BRDA:138,7,1,0
BRDA:170,8,0,0
BRDA:201,9,0,0
BRDA:201,9,1,0
BRDA:231,10,0,0
BRF:19
BRH:0
end_of_record
TN:
SF:components/BookingWidget/steps/ExperienceSelection.tsx
FN:39,ExperienceSelection
FN:40,(anonymous_2)
FN:63,(anonymous_3)
FN:70,(anonymous_4)
FN:146,(anonymous_5)
FNF:5
FNH:0
FNDA:0,ExperienceSelection
FNDA:0,(anonymous_2)
FNDA:0,(anonymous_3)
FNDA:0,(anonymous_4)
FNDA:0,(anonymous_5)
DA:1,0
DA:12,0
DA:39,0
DA:40,0
DA:42,0
DA:43,0
DA:64,0
DA:65,0
DA:67,0
DA:70,0
DA:147,0
LF:11
LH:0
BRDA:77,0,0,0
BRDA:77,0,1,0
BRDA:86,1,0,0
BRDA:86,1,1,0
BRDA:102,2,0,0
BRDA:102,2,1,0
BRDA:108,3,0,0
BRDA:108,3,1,0
BRDA:164,4,0,0
BRF:9
BRH:0
end_of_record
TN:
SF:components/BookingWidget/steps/GuestDetails.tsx
FN:21,GuestDetails
FN:28,(anonymous_2)
FN:61,(anonymous_3)
FN:64,(anonymous_4)
FN:71,(anonymous_5)
FN:75,(anonymous_6)
FN:78,(anonymous_7)
FN:82,(anonymous_8)
FN:103,(anonymous_9)
FN:117,(anonymous_10)
FN:147,(anonymous_11)
FN:148,(anonymous_12)
FN:151,(anonymous_13)
FN:177,(anonymous_14)
FN:182,(anonymous_15)
FN:196,(anonymous_16)
FN:229,(anonymous_17)
FN:247,(anonymous_18)
FN:265,(anonymous_19)
FN:301,(anonymous_20)
FN:319,(anonymous_21)
FN:335,(anonymous_22)
FN:345,(anonymous_23)
FNF:23
FNH:0
FNDA:0,GuestDetails
FNDA:0,(anonymous_2)
FNDA:0,(anonymous_3)
FNDA:0,(anonymous_4)
FNDA:0,(anonymous_5)
FNDA:0,(anonymous_6)
FNDA:0,(anonymous_7)
FNDA:0,(anonymous_8)
FNDA:0,(anonymous_9)
FNDA:0,(anonymous_10)
FNDA:0,(anonymous_11)
FNDA:0,(anonymous_12)
FNDA:0,(anonymous_13)
FNDA:0,(anonymous_14)
FNDA:0,(anonymous_15)
FNDA:0,(anonymous_16)
FNDA:0,(anonymous_17)
FNDA:0,(anonymous_18)
FNDA:0,(anonymous_19)
FNDA:0,(anonymous_20)
FNDA:0,(anonymous_21)
FNDA:0,(anonymous_22)
FNDA:0,(anonymous_23)
DA:1,0
DA:2,0
DA:21,0
DA:22,0
DA:23,0
DA:24,0
DA:25,0
DA:28,0
DA:29,0
DA:30,0
DA:31,0
DA:32,0
DA:33,0
DA:36,0
DA:42,0
DA:45,0
DA:55,0
DA:56,0
DA:61,0
DA:62,0
DA:64,0
DA:65,0
DA:66,0
DA:71,0
DA:72,0
DA:73,0
DA:75,0
DA:76,0
DA:78,0
DA:82,0
DA:83,0
DA:85,0
DA:86,0
DA:88,0
DA:89,0
DA:91,0
DA:92,0
DA:93,0
DA:94,0
DA:96,0
DA:97,0
DA:100,0
DA:103,0
DA:104,0
DA:105,0
DA:106,0
DA:109,0
DA:110,0
DA:111,0
DA:112,0
DA:113,0
DA:117,0
DA:118,0
DA:119,0
DA:121,0
DA:123,0
DA:124,0
DA:125,0
DA:126,0
DA:130,0
DA:131,0
DA:132,0
DA:134,0
DA:144,0
DA:147,0
DA:148,0
DA:151,0
DA:152,0
DA:177,0
DA:182,0
DA:197,0
DA:229,0
DA:247,0
DA:265,0
DA:301,0
DA:319,0
DA:335,0
DA:345,0
LF:78
LH:0
BRDA:29,0,0,0
BRDA:29,0,1,0
BRDA:36,1,0,0
BRDA:36,1,1,0
BRDA:36,2,0,0
BRDA:36,2,1,0
BRDA:36,2,2,0
BRDA:36,2,3,0
BRDA:36,2,4,0
BRDA:36,2,5,0
BRDA:36,2,6,0
BRDA:46,3,0,0
BRDA:46,3,1,0
BRDA:47,4,0,0
BRDA:47,4,1,0
BRDA:48,5,0,0
BRDA:48,5,1,0
BRDA:49,6,0,0
BRDA:49,6,1,0
BRDA:50,7,0,0
BRDA:50,7,1,0
BRDA:51,8,0,0
BRDA:51,8,1,0
BRDA:62,9,0,0
BRDA:62,9,1,0
BRDA:64,10,0,0
BRDA:64,10,1,0
BRDA:73,11,0,0
BRDA:73,11,1,0
BRDA:73,12,0,0
BRDA:73,12,1,0
BRDA:85,13,0,0
BRDA:85,13,1,0
BRDA:88,14,0,0
BRDA:88,14,1,0
BRDA:91,15,0,0
BRDA:91,15,1,0
BRDA:93,16,0,0
BRDA:93,16,1,0
BRDA:96,17,0,0
BRDA:96,17,1,0
BRDA:110,18,0,0
BRDA:110,18,1,0
BRDA:121,19,0,0
BRDA:121,19,1,0
BRDA:140,20,0,0
BRDA:140,20,1,0
BRDA:141,21,0,0
BRDA:141,21,1,0
BRDA:151,22,0,0
BRDA:151,22,1,0
BRDA:151,22,2,0
BRDA:160,23,0,0
BRDA:160,23,1,0
BRDA:165,24,0,0
BRDA:165,24,1,0
BRDA:174,25,0,0
BRDA:174,25,1,0
BRDA:194,26,0,0
BRDA:204,27,0,0
BRDA:204,27,1,0
BRDA:209,28,0,0
BRDA:267,29,0,0
BRDA:267,29,1,0
BRDA:267,30,0,0
BRDA:267,30,1,0
BRDA:274,31,0,0
BRDA:277,32,0,0
BRDA:285,33,0,0
BRDA:285,33,1,0
BRDA:357,34,0,0
BRDA:368,35,0,0
BRF:72
BRH:0
end_of_record
TN:
SF:components/BookingWidget/steps/OptionSelection.tsx
FN:20,OptionSelection
FN:50,(anonymous_2)
FN:66,(anonymous_3)
FN:82,(anonymous_4)
FN:92,(anonymous_5)
FN:104,(anonymous_6)
FN:119,(anonymous_7)
FN:121,(anonymous_8)
FN:151,(anonymous_9)
FN:157,(anonymous_10)
FN:165,(anonymous_11)
FN:170,(anonymous_12)
FN:174,(anonymous_13)
FN:182,(anonymous_14)
FN:190,(anonymous_15)
FN:233,(anonymous_16)
FN:244,(anonymous_17)
FN:310,(anonymous_18)
FN:342,(anonymous_19)
FN:389,(anonymous_20)
FN:402,(anonymous_21)
FN:431,(anonymous_22)
FN:444,(anonymous_23)
FN:459,(anonymous_24)
FN:479,(anonymous_25)
FN:500,(anonymous_26)
FN:514,(anonymous_27)
FN:558,(anonymous_28)
FN:584,(anonymous_29)
FN:617,(anonymous_30)
FN:622,(anonymous_31)
FN:639,(anonymous_32)
FN:650,(anonymous_33)
FN:671,(anonymous_34)
FN:703,(anonymous_35)
FN:732,(anonymous_36)
FN:749,(anonymous_37)
FN:829,(anonymous_38)
FNF:38
FNH:0
FNDA:0,OptionSelection
FNDA:0,(anonymous_2)
FNDA:0,(anonymous_3)
FNDA:0,(anonymous_4)
FNDA:0,(anonymous_5)
FNDA:0,(anonymous_6)
FNDA:0,(anonymous_7)
FNDA:0,(anonymous_8)
FNDA:0,(anonymous_9)
FNDA:0,(anonymous_10)
FNDA:0,(anonymous_11)
FNDA:0,(anonymous_12)
FNDA:0,(anonymous_13)
FNDA:0,(anonymous_14)
FNDA:0,(anonymous_15)
FNDA:0,(anonymous_16)
FNDA:0,(anonymous_17)
FNDA:0,(anonymous_18)
FNDA:0,(anonymous_19)
FNDA:0,(anonymous_20)
FNDA:0,(anonymous_21)
FNDA:0,(anonymous_22)
FNDA:0,(anonymous_23)
FNDA:0,(anonymous_24)
FNDA:0,(anonymous_25)
FNDA:0,(anonymous_26)
FNDA:0,(anonymous_27)
FNDA:0,(anonymous_28)
FNDA:0,(anonymous_29)
FNDA:0,(anonymous_30)
FNDA:0,(anonymous_31)
FNDA:0,(anonymous_32)
FNDA:0,(anonymous_33)
FNDA:0,(anonymous_34)
FNDA:0,(anonymous_35)
FNDA:0,(anonymous_36)
FNDA:0,(anonymous_37)
FNDA:0,(anonymous_38)
DA:1,0
DA:2,0
DA:4,0
DA:5,0
DA:6,0
DA:7,0
DA:20,0
DA:22,0
DA:27,0
DA:32,0
DA:33,0
DA:36,0
DA:37,0
DA:38,0
DA:39,0
DA:42,0
DA:45,0
DA:50,0
DA:51,0
DA:52,0
DA:53,0
DA:54,0
DA:57,0
DA:58,0
DA:59,0
DA:60,0
DA:66,0
DA:67,0
DA:69,0
DA:74,0
DA:75,0
DA:78,0
DA:79,0
DA:80,0
DA:82,0
DA:83,0
DA:84,0
DA:87,0
DA:88,0
DA:92,0
DA:93,0
DA:94,0
DA:96,0
DA:97,0
DA:98,0
DA:99,0
DA:104,0
DA:105,0
DA:106,0
DA:108,0
DA:109,0
DA:110,0
DA:111,0
DA:119,0
DA:120,0
DA:121,0
DA:122,0
DA:124,0
DA:125,0
DA:126,0
DA:128,0
DA:129,0
DA:130,0
DA:131,0
DA:135,0
DA:137,0
DA:138,0
DA:139,0
DA:142,0
DA:143,0
DA:144,0
DA:145,0
DA:146,0
DA:147,0
DA:151,0
DA:152,0
DA:153,0
DA:157,0
DA:158,0
DA:159,0
DA:160,0
DA:161,0
DA:165,0
DA:166,0
DA:170,0
DA:171,0
DA:174,0
DA:175,0
DA:182,0
DA:183,0
DA:190,0
DA:191,0
DA:193,0
DA:194,0
DA:196,0
DA:198,0
DA:199,0
DA:200,0
DA:202,0
DA:203,0
DA:204,0
DA:205,0
DA:208,0
DA:210,0
DA:213,0
DA:234,0
DA:243,0
DA:244,0
DA:245,0
DA:246,0
DA:248,0
DA:310,0
DA:342,0
DA:389,0
DA:402,0
DA:431,0
DA:444,0
DA:460,0
DA:461,0
DA:462,0
DA:480,0
DA:481,0
DA:482,0
DA:483,0
DA:484,0
DA:487,0
DA:488,0
DA:489,0
DA:490,0
DA:491,0
DA:494,0
DA:496,0
DA:500,0
DA:514,0
DA:559,0
DA:585,0
DA:586,0
DA:618,0
DA:619,0
DA:620,0
DA:621,0
DA:623,0
DA:624,0
DA:625,0
DA:626,0
DA:640,0
DA:641,0
DA:642,0
DA:644,0
DA:645,0
DA:647,0
DA:650,0
DA:671,0
DA:704,0
DA:705,0
DA:706,0
DA:707,0
DA:733,0
DA:750,0
DA:751,0
DA:829,0
LF:161
LH:0
BRDA:23,0,0,0
BRDA:23,0,1,0
BRDA:24,1,0,0
BRDA:24,1,1,0
BRDA:25,2,0,0
BRDA:25,2,1,0
BRDA:43,3,0,0
BRDA:43,3,1,0
BRDA:46,4,0,0
BRDA:46,4,1,0
BRDA:51,5,0,0
BRDA:51,5,1,0
BRDA:53,6,0,0
BRDA:53,6,1,0
BRDA:57,7,0,0
BRDA:57,7,1,0
BRDA:59,8,0,0
BRDA:59,8,1,0
BRDA:67,9,0,0
BRDA:67,9,1,0
BRDA:67,10,0,0
BRDA:67,10,1,0
BRDA:74,11,0,0
BRDA:74,11,1,0
BRDA:74,12,0,0
BRDA:74,12,1,0
BRDA:74,12,2,0
BRDA:78,13,0,0
BRDA:78,13,1,0
BRDA:79,14,0,0
BRDA:79,14,1,0
BRDA:80,15,0,0
BRDA:80,15,1,0
BRDA:87,16,0,0
BRDA:87,16,1,0
BRDA:94,17,0,0
BRDA:94,17,1,0
BRDA:94,18,0,0
BRDA:94,18,1,0
BRDA:98,19,0,0
BRDA:98,19,1,0
BRDA:106,20,0,0
BRDA:106,20,1,0
BRDA:106,21,0,0
BRDA:106,21,1,0
BRDA:110,22,0,0
BRDA:110,22,1,0
BRDA:120,23,0,0
BRDA:120,23,1,0
BRDA:122,24,0,0
BRDA:122,24,1,0
BRDA:125,25,0,0
BRDA:125,25,1,0
BRDA:126,26,0,0
BRDA:126,26,1,0
BRDA:126,27,0,0
BRDA:126,27,1,0
BRDA:131,28,0,0
BRDA:131,28,1,0
BRDA:131,29,0,0
BRDA:131,29,1,0
BRDA:137,30,0,0
BRDA:137,30,1,0
BRDA:138,31,0,0
BRDA:138,31,1,0
BRDA:138,32,0,0
BRDA:138,32,1,0
BRDA:142,33,0,0
BRDA:142,33,1,0
BRDA:143,34,0,0
BRDA:143,34,1,0
BRDA:158,35,0,0
BRDA:158,35,1,0
BRDA:176,36,0,0
BRDA:176,36,1,0
BRDA:177,37,0,0
BRDA:177,37,1,0
BRDA:178,38,0,0
BRDA:178,38,1,0
BRDA:191,39,0,0
BRDA:191,39,1,0
BRDA:193,40,0,0
BRDA:193,40,1,0
BRDA:194,41,0,0
BRDA:194,41,1,0
BRDA:196,42,0,0
BRDA:196,42,1,0
BRDA:196,43,0,0
BRDA:196,43,1,0
BRDA:202,44,0,0
BRDA:202,44,1,0
BRDA:203,45,0,0
BRDA:203,45,1,0
BRDA:203,45,2,0
BRDA:210,46,0,0
BRDA:210,46,1,0
BRDA:213,47,0,0
BRDA:213,47,1,0
BRDA:218,48,0,0
BRDA:218,48,1,0
BRDA:223,49,0,0
BRDA:223,49,1,0
BRDA:243,50,0,0
BRDA:243,50,1,0
BRDA:245,51,0,0
BRDA:245,51,1,0
BRDA:256,52,0,0
BRDA:256,52,1,0
BRDA:260,53,0,0
BRDA:260,53,1,0
BRDA:279,54,0,0
BRDA:279,54,1,0
BRDA:282,55,0,0
BRDA:282,55,1,0
BRDA:290,56,0,0
BRDA:312,57,0,0
BRDA:312,57,1,0
BRDA:312,58,0,0
BRDA:312,58,1,0
BRDA:318,59,0,0
BRDA:318,59,1,0
BRDA:324,60,0,0
BRDA:324,60,1,0
BRDA:341,61,0,0
BRDA:341,61,1,0
BRDA:344,62,0,0
BRDA:344,62,1,0
BRDA:344,63,0,0
BRDA:344,63,1,0
BRDA:350,64,0,0
BRDA:350,64,1,0
BRDA:356,65,0,0
BRDA:356,65,1,0
BRDA:366,66,0,0
BRDA:366,66,1,0
BRDA:366,66,2,0
BRDA:416,67,0,0
BRDA:455,68,0,0
BRDA:455,68,1,0
BRDA:478,69,0,0
BRDA:481,70,0,0
BRDA:481,70,1,0
BRDA:488,71,0,0
BRDA:488,71,1,0
BRDA:488,72,0,0
BRDA:488,72,1,0
BRDA:490,73,0,0
BRDA:490,73,1,0
BRDA:491,74,0,0
BRDA:491,74,1,0
BRDA:502,75,0,0
BRDA:502,75,1,0
BRDA:503,76,0,0
BRDA:503,76,1,0
BRDA:511,77,0,0
BRDA:510,78,0,0
BRDA:510,78,1,0
BRDA:556,79,0,0
BRDA:556,79,1,0
BRDA:567,80,0,0
BRDA:577,81,0,0
BRDA:577,81,1,0
BRDA:582,82,0,0
BRDA:582,82,1,0
BRDA:590,83,0,0
BRDA:590,83,1,0
BRDA:598,84,0,0
BRDA:612,85,0,0
BRDA:611,86,0,0
BRDA:611,86,1,0
BRDA:611,86,2,0
BRDA:617,87,0,0
BRDA:617,87,1,0
BRDA:626,88,0,0
BRDA:626,88,1,0
BRDA:633,89,0,0
BRDA:638,90,0,0
BRDA:657,91,0,0
BRDA:657,91,1,0
BRDA:668,92,0,0
BRDA:667,93,0,0
BRDA:667,93,1,0
BRDA:677,94,0,0
BRDA:677,94,1,0
BRDA:697,95,0,0
BRDA:697,95,1,0
BRDA:697,96,0,0
BRDA:697,96,1,0
BRDA:699,97,0,0
BRDA:699,97,1,0
BRDA:699,98,0,0
BRDA:699,98,1,0
BRDA:702,99,0,0
BRDA:702,99,1,0
BRDA:703,100,0,0
BRDA:703,100,1,0
BRDA:703,101,0,0
BRDA:703,101,1,0
BRDA:707,102,0,0
BRDA:707,102,1,0
BRDA:730,103,0,0
BRDA:730,103,1,0
BRDA:741,104,0,0
BRDA:747,105,0,0
BRDA:747,105,1,0
BRDA:755,106,0,0
BRDA:755,106,1,0
BRDA:764,107,0,0
BRDA:801,108,0,0
BRDA:804,109,0,0
BRDA:804,109,1,0
BRDA:812,110,0,0
BRDA:812,110,1,0
BRF:213
BRH:0
end_of_record
TN:
SF:components/BookingWidget/steps/ReviewAndPay.tsx
FN:17,ReviewAndPay
FN:24,(anonymous_2)
FN:26,(anonymous_3)
FN:47,(anonymous_4)
FN:55,(anonymous_5)
FN:64,(anonymous_6)
FN:69,(anonymous_7)
FN:85,(anonymous_8)
FN:217,(anonymous_9)
FN:250,(anonymous_10)
FN:320,(anonymous_11)
FNF:11
FNH:0
FNDA:0,ReviewAndPay
FNDA:0,(anonymous_2)
FNDA:0,(anonymous_3)
FNDA:0,(anonymous_4)
FNDA:0,(anonymous_5)
FNDA:0,(anonymous_6)
FNDA:0,(anonymous_7)
FNDA:0,(anonymous_8)
FNDA:0,(anonymous_9)
FNDA:0,(anonymous_10)
FNDA:0,(anonymous_11)
DA:1,0
DA:2,0
DA:4,0
DA:5,0
DA:6,0
DA:17,0
DA:18,0
DA:19,0
DA:20,0
DA:21,0
DA:24,0
DA:25,0
DA:26,0
DA:27,0
DA:28,0
DA:29,0
DA:30,0
DA:31,0
DA:33,0
DA:43,0
DA:44,0
DA:47,0
DA:48,0
DA:55,0
DA:56,0
DA:64,0
DA:65,0
DA:66,0
DA:68,0
DA:69,0
DA:75,0
DA:76,0
DA:78,0
DA:79,0
DA:80,0
DA:85,0
DA:91,0
DA:92,0
DA:93,0
DA:101,0
DA:104,0
DA:109,0
DA:114,0
DA:115,0
DA:116,0
DA:119,0
DA:126,0
DA:128,0
DA:131,0
DA:134,0
DA:136,0
DA:218,0
DA:251,0
DA:320,0
LF:54
LH:0
BRDA:25,0,0,0
BRDA:25,0,1,0
BRDA:27,1,0,0
BRDA:27,1,1,0
BRDA:78,2,0,0
BRDA:78,2,1,0
BRDA:78,3,0,0
BRDA:78,3,1,0
BRDA:78,3,2,0
BRDA:78,3,3,0
BRDA:88,4,0,0
BRDA:88,4,1,0
BRDA:91,5,0,0
BRDA:91,5,1,0
BRDA:91,6,0,0
BRDA:91,6,1,0
BRDA:97,7,0,0
BRDA:97,7,1,0
BRDA:106,8,0,0
BRDA:106,8,1,0
BRDA:115,9,0,0
BRDA:115,9,1,0
BRDA:115,10,0,0
BRDA:115,10,1,0
BRDA:116,11,0,0
BRDA:116,11,1,0
BRDA:126,12,0,0
BRDA:126,12,1,0
BRDA:126,13,0,0
BRDA:126,13,1,0
BRDA:134,14,0,0
BRDA:134,14,1,0
BRDA:157,15,0,0
BRDA:157,15,1,0
BRDA:162,16,0,0
BRDA:162,16,1,0
BRDA:165,17,0,0
BRDA:165,17,1,0
BRDA:171,18,0,0
BRDA:171,18,1,0
BRDA:178,19,0,0
BRDA:194,20,0,0
BRDA:194,20,1,0
BRDA:205,21,0,0
BRDA:205,21,1,0
BRDA:226,22,0,0
BRDA:242,23,0,0
BRDA:276,24,0,0
BRDA:276,24,1,0
BRDA:282,25,0,0
BRDA:306,26,0,0
BRDA:345,27,0,0
BRDA:354,28,0,0
BRDA:358,29,0,0
BRDA:358,29,1,0
BRDA:373,30,0,0
BRDA:378,31,0,0
BRDA:392,32,0,0
BRDA:392,32,1,0
BRF:59
BRH:0
end_of_record
TN:
SF:components/BookingWidget/steps/RoomAssignment.tsx
FN:16,RoomAssignment
FN:32,(anonymous_2)
FN:33,(anonymous_3)
FN:34,(anonymous_4)
FN:35,(anonymous_5)
FN:39,(anonymous_6)
FN:40,(anonymous_7)
FN:44,(anonymous_8)
FN:58,(anonymous_9)
FN:73,(anonymous_10)
FN:74,(anonymous_11)
FN:77,(anonymous_12)
FN:89,(anonymous_13)
FN:96,(anonymous_14)
FN:97,(anonymous_15)
FN:102,(anonymous_16)
FN:115,(anonymous_17)
FN:163,(anonymous_18)
FN:177,(anonymous_19)
FN:179,(anonymous_20)
FN:196,(anonymous_21)
FN:240,(anonymous_22)
FN:248,(anonymous_23)
FN:264,(anonymous_24)
FN:267,(anonymous_25)
FN:293,(anonymous_26)
FN:308,(anonymous_27)
FNF:27
FNH:0
FNDA:0,RoomAssignment
FNDA:0,(anonymous_2)
FNDA:0,(anonymous_3)
FNDA:0,(anonymous_4)
FNDA:0,(anonymous_5)
FNDA:0,(anonymous_6)
FNDA:0,(anonymous_7)
FNDA:0,(anonymous_8)
FNDA:0,(anonymous_9)
FNDA:0,(anonymous_10)
FNDA:0,(anonymous_11)
FNDA:0,(anonymous_12)
FNDA:0,(anonymous_13)
FNDA:0,(anonymous_14)
FNDA:0,(anonymous_15)
FNDA:0,(anonymous_16)
FNDA:0,(anonymous_17)
FNDA:0,(anonymous_18)
FNDA:0,(anonymous_19)
FNDA:0,(anonymous_20)
FNDA:0,(anonymous_21)
FNDA:0,(anonymous_22)
FNDA:0,(anonymous_23)
FNDA:0,(anonymous_24)
FNDA:0,(anonymous_25)
FNDA:0,(anonymous_26)
FNDA:0,(anonymous_27)
DA:1,0
DA:2,0
DA:4,0
DA:5,0
DA:16,0
DA:17,0
DA:23,0
DA:26,0
DA:27,0
DA:28,0
DA:29,0
DA:32,0
DA:33,0
DA:34,0
DA:35,0
DA:36,0
DA:39,0
DA:40,0
DA:41,0
DA:44,0
DA:45,0
DA:47,0
DA:48,0
DA:51,0
DA:53,0
DA:58,0
DA:59,0
DA:61,0
DA:64,0
DA:69,0
DA:73,0
DA:74,0
DA:75,0
DA:77,0
DA:79,0
DA:81,0
DA:84,0
DA:89,0
DA:90,0
DA:92,0
DA:96,0
DA:97,0
DA:98,0
DA:102,0
DA:103,0
DA:104,0
DA:106,0
DA:107,0
DA:111,0
DA:115,0
DA:116,0
DA:117,0
DA:118,0
DA:119,0
DA:122,0
DA:133,0
DA:164,0
DA:178,0
DA:179,0
DA:180,0
DA:182,0
DA:196,0
DA:241,0
DA:248,0
DA:265,0
DA:267,0
DA:293,0
DA:308,0
LF:68
LH:0
BRDA:41,0,0,0
BRDA:41,0,1,0
BRDA:45,1,0,0
BRDA:45,1,1,0
BRDA:47,2,0,0
BRDA:47,2,1,0
BRDA:51,3,0,0
BRDA:51,3,1,0
BRDA:59,4,0,0
BRDA:59,4,1,0
BRDA:75,5,0,0
BRDA:75,5,1,0
BRDA:79,6,0,0
BRDA:79,6,1,0
BRDA:90,7,0,0
BRDA:90,7,1,0
BRDA:98,8,0,0
BRDA:98,8,1,0
BRDA:106,9,0,0
BRDA:106,9,1,0
BRDA:106,10,0,0
BRDA:106,10,1,0
BRDA:106,10,2,0
BRDA:116,11,0,0
BRDA:116,11,1,0
BRDA:122,12,0,0
BRDA:122,12,1,0
BRDA:133,13,0,0
BRDA:133,13,1,0
BRDA:156,14,0,0
BRDA:186,15,0,0
BRDA:186,15,1,0
BRDA:193,16,0,0
BRDA:192,17,0,0
BRDA:192,17,1,0
BRDA:229,18,0,0
BRDA:229,18,1,0
BRDA:236,19,0,0
BRDA:236,19,1,0
BRDA:260,20,0,0
BRDA:260,20,1,0
BRDA:278,21,0,0
BRF:42
BRH:0
end_of_record
TN:
SF:components/BookingWidget/steps/SurfWeekRoomSelection.tsx
FN:16,(anonymous_1)
FN:26,(anonymous_2)
FN:34,SurfWeekRoomSelection
FN:53,(anonymous_4)
FN:61,(anonymous_5)
FN:62,(anonymous_6)
FN:93,(anonymous_7)
FN:98,(anonymous_8)
FN:122,(anonymous_9)
FN:144,(anonymous_10)
FN:151,(anonymous_11)
FN:167,(anonymous_12)
FN:211,(anonymous_13)
FN:239,(anonymous_14)
FN:240,(anonymous_15)
FN:243,(anonymous_16)
FN:284,(anonymous_17)
FN:288,(anonymous_18)
FN:289,(anonymous_19)
FN:322,(anonymous_20)
FNF:20
FNH:0
FNDA:0,(anonymous_1)
FNDA:0,(anonymous_2)
FNDA:0,SurfWeekRoomSelection
FNDA:0,(anonymous_4)
FNDA:0,(anonymous_5)
FNDA:0,(anonymous_6)
FNDA:0,(anonymous_7)
FNDA:0,(anonymous_8)
FNDA:0,(anonymous_9)
FNDA:0,(anonymous_10)
FNDA:0,(anonymous_11)
FNDA:0,(anonymous_12)
FNDA:0,(anonymous_13)
FNDA:0,(anonymous_14)
FNDA:0,(anonymous_15)
FNDA:0,(anonymous_16)
FNDA:0,(anonymous_17)
FNDA:0,(anonymous_18)
FNDA:0,(anonymous_19)
FNDA:0,(anonymous_20)
DA:1,0
DA:2,0
DA:4,0
DA:5,0
DA:16,0
DA:18,0
DA:19,0
DA:21,0
DA:26,0
DA:34,0
DA:35,0
DA:38,0
DA:39,0
DA:40,0
DA:41,0
DA:44,0
DA:51,0
DA:55,0
DA:56,0
DA:57,0
DA:61,0
DA:62,0
DA:63,0
DA:64,0
DA:65,0
DA:66,0
DA:70,0
DA:82,0
DA:93,0
DA:94,0
DA:95,0
DA:98,0
DA:99,0
DA:101,0
DA:102,0
DA:105,0
DA:106,0
DA:107,0
DA:108,0
DA:109,0
DA:110,0
DA:112,0
DA:122,0
DA:123,0
DA:145,0
DA:146,0
DA:148,0
DA:151,0
DA:167,0
DA:212,0
DA:240,0
DA:244,0
DA:245,0
DA:284,0
DA:289,0
DA:290,0
DA:322,0
LF:57
LH:0
BRDA:19,0,0,0
BRDA:19,0,1,0
BRDA:30,1,0,0
BRDA:30,1,1,0
BRDA:55,2,0,0
BRDA:55,2,1,0
BRDA:55,3,0,0
BRDA:55,3,1,0
BRDA:56,4,0,0
BRDA:56,4,1,0
BRDA:56,5,0,0
BRDA:56,5,1,0
BRDA:63,6,0,0
BRDA:63,6,1,0
BRDA:70,7,0,0
BRDA:70,7,1,0
BRDA:82,8,0,0
BRDA:82,8,1,0
BRDA:99,9,0,0
BRDA:99,9,1,0
BRDA:99,10,0,0
BRDA:99,10,1,0
BRDA:154,11,0,0
BRDA:154,11,1,0
BRDA:178,12,0,0
BRDA:192,13,0,0
BRDA:227,14,0,0
BRDA:227,14,1,0
BRDA:229,15,0,0
BRDA:241,16,0,0
BRDA:241,16,1,0
BRDA:249,17,0,0
BRDA:249,17,1,0
BRDA:255,18,0,0
BRDA:265,19,0,0
BRDA:278,20,0,0
BRDA:290,21,0,0
BRDA:290,21,1,0
BRDA:292,22,0,0
BRF:39
BRH:0
end_of_record
TN:
SF:components/BookingWidget/types/config.ts
FN:43,getWidgetConfig
FNF:1
FNH:0
FNDA:0,getWidgetConfig
DA:31,0
DA:43,0
DA:44,0
DA:45,0
DA:46,0
DA:57,0
LF:6
LH:0
BRDA:44,0,0,0
BRDA:44,0,1,0
BRDA:44,1,0,0
BRDA:44,1,1,0
BRDA:45,2,0,0
BRDA:45,2,1,0
BRDA:49,3,0,0
BRDA:49,3,1,0
BRDA:50,4,0,0
BRDA:50,4,1,0
BRDA:51,5,0,0
BRDA:51,5,1,0
BRDA:52,6,0,0
BRDA:52,6,1,0
BRDA:53,7,0,0
BRDA:53,7,1,0
BRF:16
BRH:0
end_of_record
TN:
SF:components/BookingWidget/ui/ProgressIndicator.tsx
FN:20,ProgressIndicator
FN:30,(anonymous_3)
FNF:2
FNH:0
FNDA:0,ProgressIndicator
FNDA:0,(anonymous_3)
DA:1,0
DA:2,0
DA:10,0
DA:20,0
DA:22,0
DA:23,0
DA:31,0
DA:32,0
DA:33,0
DA:34,0
DA:35,0
DA:37,0
LF:12
LH:0
BRDA:22,0,0,0
BRDA:22,0,1,0
BRDA:23,1,0,0
BRDA:23,1,1,0
BRDA:40,2,0,0
BRDA:44,3,0,0
BRDA:44,3,1,0
BRDA:50,4,0,0
BRDA:71,5,0,0
BRDA:71,5,1,0
BRDA:73,6,0,0
BRDA:73,6,1,0
BRDA:79,7,0,0
BRDA:91,8,0,0
BRDA:102,9,0,0
BRDA:112,10,0,0
BRDA:112,10,1,0
BRDA:114,11,0,0
BRDA:114,11,1,0
BRF:19
BRH:0
end_of_record
TN:
SF:components/animations/fade-in-section.tsx
FN:13,FadeInSection
FN:23,(anonymous_2)
FNF:2
FNH:0
FNDA:0,FadeInSection
FNDA:0,(anonymous_2)
DA:3,0
DA:4,0
DA:13,0
DA:19,0
DA:20,0
DA:21,0
DA:23,0
DA:24,0
DA:25,0
LF:9
LH:0
BRDA:15,0,0,0
BRDA:16,1,0,0
BRDA:17,2,0,0
BRDA:24,3,0,0
BRDA:24,3,1,0
BRF:5
BRH:0
end_of_record
TN:
SF:components/ui/accordion.tsx
FNF:0
FNH:0
DA:3,0
DA:4,0
DA:5,0
DA:7,0
DA:9,0
DA:21,0
DA:41,0
DA:55,0
DA:57,0
LF:9
LH:0
BRF:0
BRH:0
end_of_record
TN:
SF:components/ui/activity-card.tsx
FN:17,ActivityCard
FN:49,ActivitiesCarousel
FN:68,(anonymous_6)
FNF:3
FNH:0
FNDA:0,ActivityCard
FNDA:0,ActivitiesCarousel
FNDA:0,(anonymous_6)
DA:3,0
DA:17,0
DA:49,0
DA:69,0
LF:4
LH:0
BRDA:17,0,0,0
BRDA:49,1,0,0
BRF:2
BRH:0
end_of_record
TN:
SF:components/ui/alert.tsx
FNF:0
FNH:0
DA:1,0
DA:2,0
DA:3,0
DA:5,0
DA:32,0
DA:44,0
DA:56,0
DA:58,0
LF:8
LH:0
BRF:0
BRH:0
end_of_record
TN:
SF:components/ui/animated-counter.tsx
FN:14,AnimatedCounter
FN:25,(anonymous_2)
FN:31,(anonymous_3)
FN:45,(anonymous_4)
FNF:4
FNH:0
FNDA:0,AnimatedCounter
FNDA:0,(anonymous_2)
FNDA:0,(anonymous_3)
FNDA:0,(anonymous_4)
DA:3,0
DA:4,0
DA:14,0
DA:21,0
DA:22,0
DA:23,0
DA:25,0
DA:26,0
DA:28,0
DA:31,0
DA:32,0
DA:33,0
DA:34,0
DA:36,0
DA:38,0
DA:39,0
DA:43,0
DA:45,0
LF:18
LH:0
BRDA:17,0,0,0
BRDA:18,1,0,0
BRDA:19,2,0,0
BRDA:26,3,0,0
BRDA:26,3,1,0
BRDA:32,4,0,0
BRDA:32,4,1,0
BRDA:38,5,0,0
BRDA:38,5,1,0
BRF:9
BRH:0
end_of_record
TN:
SF:components/ui/animated-hero-heading.tsx
FN:11,AnimatedHeroHeading
FN:14,(anonymous_2)
FN:46,(anonymous_3)
FNF:3
FNH:0
FNDA:0,AnimatedHeroHeading
FNDA:0,(anonymous_2)
FNDA:0,(anonymous_3)
DA:3,0
DA:4,0
DA:11,0
DA:12,0
DA:14,0
DA:15,0
DA:18,0
DA:20,0
DA:31,0
DA:47,0
LF:10
LH:0
BRDA:11,0,0,0
BRDA:44,1,0,0
BRDA:44,1,1,0
BRF:3
BRH:0
end_of_record
TN:
SF:components/ui/animated-link.tsx
FN:14,AnimatedLink
FNF:1
FNH:0
FNDA:0,AnimatedLink
DA:3,0
DA:4,0
DA:5,0
DA:14,0
LF:4
LH:0
BRDA:17,0,0,0
BRDA:18,1,0,0
BRDA:24,2,0,0
BRDA:24,2,1,0
BRF:4
BRH:0
end_of_record
TN:
SF:components/ui/badge.tsx
FN:30,Badge
FNF:1
FNH:0
FNDA:0,Badge
DA:1,0
DA:2,0
DA:4,0
DA:6,0
DA:36,0
LF:5
LH:0
BRF:0
BRH:0
end_of_record
TN:
SF:components/ui/booking-calendar.tsx
FN:23,BookingCalendar
FN:28,(anonymous_5)
FN:49,(anonymous_6)
FN:51,(anonymous_7)
FN:59,(anonymous_8)
FN:60,(anonymous_9)
FN:63,(anonymous_10)
FN:64,(anonymous_11)
FN:68,(anonymous_12)
FN:76,(anonymous_13)
FN:81,(anonymous_14)
FN:87,(anonymous_15)
FN:101,(anonymous_16)
FN:141,(anonymous_17)
FN:148,(anonymous_18)
FN:162,(anonymous_19)
FN:170,(anonymous_20)
FN:177,(anonymous_21)
FN:231,(anonymous_22)
FNF:19
FNH:0
FNDA:0,BookingCalendar
FNDA:0,(anonymous_5)
FNDA:0,(anonymous_6)
FNDA:0,(anonymous_7)
FNDA:0,(anonymous_8)
FNDA:0,(anonymous_9)
FNDA:0,(anonymous_10)
FNDA:0,(anonymous_11)
FNDA:0,(anonymous_12)
FNDA:0,(anonymous_13)
FNDA:0,(anonymous_14)
FNDA:0,(anonymous_15)
FNDA:0,(anonymous_16)
FNDA:0,(anonymous_17)
FNDA:0,(anonymous_18)
FNDA:0,(anonymous_19)
FNDA:0,(anonymous_20)
FNDA:0,(anonymous_21)
FNDA:0,(anonymous_22)
DA:3,0
DA:4,0
DA:23,0
DA:24,0
DA:25,0
DA:28,0
DA:29,0
DA:30,0
DA:32,0
DA:33,0
DA:34,0
DA:35,0
DA:37,0
DA:38,0
DA:40,0
DA:41,0
DA:42,0
DA:45,0
DA:49,0
DA:50,0
DA:51,0
DA:52,0
DA:53,0
DA:54,0
DA:59,0
DA:60,0
DA:63,0
DA:64,0
DA:68,0
DA:69,0
DA:76,0
DA:77,0
DA:81,0
DA:82,0
DA:83,0
DA:87,0
DA:88,0
DA:90,0
DA:92,0
DA:94,0
DA:96,0
DA:101,0
DA:102,0
DA:142,0
DA:149,0
DA:150,0
DA:151,0
DA:153,0
DA:162,0
DA:171,0
DA:178,0
DA:179,0
DA:232,0
LF:53
LH:0
BRDA:54,0,0,0
BRDA:54,0,1,0
BRDA:88,1,0,0
BRDA:88,1,1,0
BRDA:88,1,2,0
BRDA:88,1,3,0
BRDA:158,2,0,0
BRDA:158,2,1,0
BRDA:159,3,0,0
BRDA:159,3,1,0
BRDA:186,4,0,0
BRDA:222,5,0,0
BRDA:228,6,0,0
BRDA:246,7,0,0
BRDA:246,7,1,0
BRDA:247,8,0,0
BRDA:247,8,1,0
BRF:17
BRH:0
end_of_record
TN:
SF:components/ui/booking-table.tsx
FN:19,BookingTable
FN:42,(anonymous_2)
FN:50,(anonymous_3)
FNF:3
FNH:0
FNDA:0,BookingTable
FNDA:0,(anonymous_2)
FNDA:0,(anonymous_3)
DA:3,0
DA:19,0
DA:43,0
DA:50,0
LF:4
LH:0
BRF:0
BRH:0
end_of_record
TN:
SF:components/ui/button.tsx
FN:6,(anonymous_4)
FN:38,(anonymous_5)
FNF:2
FNH:0
FNDA:0,(anonymous_4)
FNDA:0,(anonymous_5)
DA:1,0
DA:2,0
DA:3,0
DA:6,0
DA:7,0
DA:9,0
DA:21,0
DA:28,0
DA:37,0
DA:39,0
DA:50,0
DA:52,0
LF:12
LH:0
BRDA:6,0,0,0
BRDA:6,1,0,0
BRDA:28,2,0,0
BRDA:28,2,1,0
BRDA:28,3,0,0
BRDA:28,3,1,0
BRDA:38,4,0,0
BRDA:38,5,0,0
BRDA:38,6,0,0
BRDA:39,7,0,0
BRDA:39,7,1,0
BRF:11
BRH:0
end_of_record
TN:
SF:components/ui/calendar.tsx
FN:14,Calendar
FNF:1
FNH:0
FNDA:0,Calendar
DA:6,0
DA:7,0
DA:8,0
DA:10,0
DA:70,0
DA:72,0
LF:6
LH:0
BRDA:17,0,0,0
BRF:1
BRH:0
end_of_record
TN:
SF:components/ui/card.tsx
FNF:0
FNH:0
DA:1,0
DA:2,0
DA:17,0
DA:25,0
DA:40,0
DA:52,0
DA:60,0
DA:68,0
DA:70,0
LF:9
LH:0
BRF:0
BRH:0
end_of_record
TN:
SF:components/ui/checkbox.tsx
FNF:0
FNH:0
DA:3,0
DA:4,0
DA:5,0
DA:7,0
DA:28,0
DA:30,0
LF:6
LH:0
BRF:0
BRH:0
end_of_record
TN:
SF:components/ui/dialog.tsx
FNF:0
FNH:0
DA:3,0
DA:4,0
DA:5,0
DA:7,0
DA:9,0
DA:11,0
DA:13,0
DA:15,0
DA:30,0
DA:54,0
DA:68,0
DA:82,0
DA:97,0
DA:109,0
DA:112,0
DA:113,0
DA:114,0
DA:115,0
DA:116,0
DA:117,0
DA:118,0
DA:119,0
DA:120,0
DA:121,0
LF:24
LH:0
BRF:0
BRH:0
end_of_record
TN:
SF:components/ui/dropdown-menu.tsx
FN:172,(anonymous_27)
FNF:1
FNH:0
FNDA:0,(anonymous_27)
DA:3,0
DA:4,0
DA:5,0
DA:7,0
DA:9,0
DA:11,0
DA:13,0
DA:15,0
DA:17,0
DA:19,0
DA:40,0
DA:56,0
DA:76,0
DA:94,0
DA:117,0
DA:140,0
DA:158,0
DA:170,0
DA:172,0
DA:183,0
DA:186,0
DA:187,0
DA:188,0
DA:189,0
DA:190,0
DA:191,0
DA:192,0
DA:193,0
DA:194,0
DA:195,0
DA:196,0
DA:197,0
DA:198,0
DA:199,0
DA:200,0
LF:35
LH:0
BRDA:31,0,0,0
BRDA:31,0,1,0
BRDA:62,1,0,0
BRDA:88,2,0,0
BRDA:88,2,1,0
BRDA:152,3,0,0
BRDA:152,3,1,0
BRF:7
BRH:0
end_of_record
TN:
SF:components/ui/feature-card.tsx
FN:14,FeatureCard
FNF:1
FNH:0
FNDA:0,FeatureCard
DA:3,0
DA:4,0
DA:14,0
LF:3
LH:0
BRDA:14,0,0,0
BRF:1
BRH:0
end_of_record
TN:
SF:components/ui/floating-cta-button.tsx
FN:8,FloatingCTAButton
FN:11,(anonymous_3)
FN:12,(anonymous_4)
FN:18,(anonymous_5)
FNF:4
FNH:0
FNDA:0,FloatingCTAButton
FNDA:0,(anonymous_3)
FNDA:0,(anonymous_4)
FNDA:0,(anonymous_5)
DA:3,0
DA:4,0
DA:5,0
DA:6,0
DA:8,0
DA:9,0
DA:11,0
DA:12,0
DA:14,0
DA:17,0
DA:18,0
DA:21,0
LF:12
LH:0
BRDA:21,0,0,0
BRDA:21,0,1,0
BRF:2
BRH:0
end_of_record
TN:
SF:components/ui/form.tsx
FN:31,(anonymous_12)
FN:44,(anonymous_13)
FN:78,(anonymous_14)
FN:92,(anonymous_15)
FN:109,(anonymous_16)
FN:131,(anonymous_17)
FN:148,(anonymous_18)
FNF:7
FNH:0
FNDA:0,(anonymous_12)
FNDA:0,(anonymous_13)
FNDA:0,(anonymous_14)
FNDA:0,(anonymous_15)
FNDA:0,(anonymous_16)
FNDA:0,(anonymous_17)
FNDA:0,(anonymous_18)
DA:3,0
DA:5,0
DA:13,0
DA:15,0
DA:16,0
DA:18,0
DA:27,0
DA:31,0
DA:44,0
DA:45,0
DA:46,0
DA:47,0
DA:49,0
DA:51,0
DA:52,0
DA:55,0
DA:57,0
DA:71,0
DA:75,0
DA:79,0
DA:87,0
DA:89,0
DA:93,0
DA:104,0
DA:106,0
DA:110,0
DA:126,0
DA:128,0
DA:132,0
DA:143,0
DA:145,0
DA:149,0
DA:150,0
DA:152,0
DA:153,0
DA:167,0
DA:170,0
DA:171,0
DA:172,0
DA:173,0
DA:174,0
DA:175,0
DA:176,0
DA:177,0
LF:44
LH:0
BRDA:51,0,0,0
BRDA:51,0,1,0
BRDA:98,1,0,0
BRDA:98,1,1,0
BRDA:117,2,0,0
BRDA:117,2,1,0
BRDA:150,3,0,0
BRDA:150,3,1,0
BRDA:152,4,0,0
BRDA:152,4,1,0
BRF:10
BRH:0
end_of_record
TN:
SF:components/ui/host-section.tsx
FN:9,HostSection
FNF:1
[...]
DA:17,0
DA:18,0
DA:19,0
DA:21,0
DA:22,0
DA:23,0
DA:24,0
DA:28,0
LF:11
LH:0
BRDA:14,0,0,0
BRDA:15,1,0,0
BRDA:23,2,0,0
BRDA:23,2,1,0
BRF:4
BRH:0
end_of_record
TN:
SF:components/ui/performance-monitor.tsx
FN:5,PerformanceMonitor
FN:6,(anonymous_2)
FN:9,(anonymous_3)
FN:25,(anonymous_4)
FNF:4
FNH:0
FNDA:0,PerformanceMonitor
FNDA:0,(anonymous_2)
FNDA:0,(anonymous_3)
FNDA:0,(anonymous_4)
DA:3,0
DA:5,0
DA:6,0
DA:7,0
DA:9,0
DA:10,0
DA:11,0
DA:12,0
DA:14,0
DA:15,0
DA:17,0
DA:18,0
DA:23,0
DA:25,0
DA:29,0
LF:15
LH:0
BRDA:7,0,0,0
BRDA:7,0,1,0
BRDA:7,1,0,0
BRDA:7,1,1,0
BRDA:11,2,0,0
BRDA:11,2,1,0
BRDA:14,3,0,0
BRDA:14,3,1,0
BRDA:17,4,0,0
BRDA:17,4,1,0
BRF:10
BRH:0
end_of_record
TN:
SF:components/ui/popover.tsx
FNF:0
FNH:0
DA:3,0
DA:4,0
DA:6,0
DA:8,0
DA:10,0
DA:29,0
DA:31,0
LF:7
LH:0
BRDA:15,0,0,0
BRDA:15,1,0,0
BRF:2
BRH:0
end_of_record
TN:
SF:components/ui/price-badge.tsx
FN:9,PriceBadge
FNF:1
FNH:0
FNDA:0,PriceBadge
DA:1,0
DA:9,0
LF:2
LH:0
BRDA:9,0,0,0
BRF:1
BRH:0
end_of_record
TN:
SF:components/ui/progress.tsx
FNF:0
FNH:0
DA:1,0
DA:2,0
DA:26,0
DA:28,0
LF:4
LH:0
BRDA:10,0,0,0
BRDA:10,1,0,0
BRF:2
BRH:0
end_of_record
TN:
SF:components/ui/review-card.tsx
FN:19,ReviewCard
FN:20,(anonymous_4)
FN:21,(anonymous_5)
FN:76,GoogleReviews
FN:77,(anonymous_7)
FN:78,(anonymous_8)
FN:117,(anonymous_9)
FNF:7
FNH:0
FNDA:0,ReviewCard
FNDA:0,(anonymous_4)
FNDA:0,(anonymous_5)
FNDA:0,GoogleReviews
FNDA:0,(anonymous_7)
FNDA:0,(anonymous_8)
FNDA:0,(anonymous_9)
DA:3,0
DA:19,0
DA:20,0
DA:21,0
DA:22,0
DA:76,0
DA:77,0
DA:78,0
DA:79,0
DA:118,0
LF:10
LH:0
BRDA:19,0,0,0
BRDA:25,1,0,0
BRDA:25,1,1,0
BRDA:42,2,0,0
BRDA:82,3,0,0
BRDA:82,3,1,0
BRF:6
BRH:0
end_of_record
TN:
SF:components/ui/scroll-indicator.tsx
FN:5,ScrollIndicator
FNF:1
FNH:0
FNDA:0,ScrollIndicator
DA:3,0
DA:5,0
LF:2
LH:0
BRF:0
BRH:0
end_of_record
TN:
SF:components/ui/section.tsx
FN:12,Section
FNF:1
FNH:0
FNDA:0,Section
DA:1,0
DA:12,0
DA:20,0
DA:25,0
DA:30,0
LF:5
LH:0
BRDA:14,0,0,0
BRDA:15,1,0,0
BRDA:16,2,0,0
BRDA:17,3,0,0
BRDA:18,4,0,0
BRF:5
BRH:0
end_of_record
TN:
SF:components/ui/select.tsx
FNF:0
FNH:0
DA:3,0
DA:4,0
DA:5,0
DA:7,0
DA:9,0
DA:11,0
DA:13,0
DA:33,0
DA:50,0
DA:67,0
DA:100,0
DA:112,0
DA:134,0
DA:146,0
DA:149,0
DA:150,0
DA:151,0
DA:152,0
DA:153,0
DA:154,0
DA:155,0
DA:156,0
DA:157,0
DA:158,0
LF:24
LH:0
BRDA:73,0,0,0
BRDA:79,1,0,0
BRDA:79,1,1,0
BRDA:90,2,0,0
BRDA:90,2,1,0
BRF:5
BRH:0
end_of_record
TN:
SF:components/ui/separator.tsx
FNF:0
FNH:0
DA:3,0
DA:4,0
DA:6,0
DA:29,0
DA:31,0
LF:5
LH:0
BRDA:13,0,0,0
BRDA:13,1,0,0
BRDA:22,2,0,0
BRDA:22,2,1,0
BRF:4
BRH:0
end_of_record
TN:
SF:components/ui/skeleton-loaders.tsx
FN:27,Skeleton
FN:72,RoomCardSkeleton
FN:86,ReviewCardSkeleton
FN:97,(anonymous_11)
FN:108,ActivityCardSkeleton
FN:119,FeatureCardSkeleton
FN:136,HeroSkeleton
FN:152,NavigationSkeleton
FNF:8
FNH:0
FNDA:0,Skeleton
FNDA:0,RoomCardSkeleton
FNDA:0,ReviewCardSkeleton
FNDA:0,(anonymous_11)
FNDA:0,ActivityCardSkeleton
FNDA:0,FeatureCardSkeleton
FNDA:0,HeroSkeleton
FNDA:0,NavigationSkeleton
DA:3,0
DA:13,0
DA:27,0
DA:34,0
DA:36,0
DA:43,0
DA:72,0
DA:86,0
DA:98,0
DA:108,0
DA:119,0
DA:136,0
DA:152,0
LF:13
LH:0
BRDA:28,0,0,0
BRDA:29,1,0,0
BRDA:32,2,0,0
BRDA:44,3,0,0
BRDA:44,3,1,0
BRDA:45,4,0,0
BRDA:45,4,1,0
BRDA:53,5,0,0
BRDA:60,6,0,0
BRF:9
BRH:0
end_of_record
TN:
SF:components/ui/skeleton.tsx
FN:3,Skeleton
FNF:1
FNH:0
FNDA:0,Skeleton
DA:1,0
DA:15,0
LF:2
LH:0
BRF:0
BRH:0
end_of_record
TN:
SF:components/ui/skip-to-content.tsx
FN:1,SkipToContent
FNF:1
FNH:0
FNDA:0,SkipToContent
DA:1,0
LF:1
LH:0
BRF:0
BRH:0
end_of_record
TN:
SF:components/ui/slider.tsx
FNF:0
FNH:0
DA:3,0
DA:4,0
DA:6,0
DA:26,0
DA:28,0
LF:5
LH:0
BRF:0
BRH:0
end_of_record
TN:
SF:components/ui/switch.tsx
FNF:0
FNH:0
DA:1,0
DA:2,0
DA:3,0
DA:24,0
DA:26,0
LF:5
LH:0
BRF:0
BRH:0
end_of_record
TN:
SF:components/ui/table.tsx
FNF:0
FNH:0
DA:1,0
DA:2,0
DA:16,0
DA:24,0
DA:36,0
DA:48,0
DA:63,0
DA:78,0
DA:90,0
DA:102,0
DA:105,0
DA:106,0
DA:107,0
DA:108,0
DA:109,0
DA:110,0
DA:111,0
DA:112,0
LF:18
LH:0
BRF:0
BRH:0
end_of_record
TN:
SF:components/ui/tabs.tsx
FNF:0
FNH:0
DA:1,0
DA:2,0
DA:3,0
DA:5,0
DA:20,0
DA:35,0
DA:50,0
DA:52,0
LF:8
LH:0
BRF:0
BRH:0
end_of_record
TN:
SF:components/ui/textarea.tsx
FN:11,(anonymous_4)
FNF:1
FNH:0
FNDA:0,(anonymous_4)
DA:1,0
DA:2,0
DA:4,0
DA:10,0
DA:12,0
DA:25,0
DA:27,0
LF:7
LH:0
BRDA:11,0,0,0
BRDA:12,1,0,0
BRDA:12,1,1,0
BRF:3
BRH:0
end_of_record
TN:
SF:components/ui/tooltip.tsx
FNF:0
FNH:0
DA:3,0
DA:4,0
DA:6,0
DA:8,0
DA:10,0
DA:12,0
DA:28,0
DA:30,0
LF:8
LH:0
BRDA:17,0,0,0
BRF:1
BRH:0
end_of_record
TN:
SF:components/ui/urgency-messaging.tsx
FN:12,UrgencyMessage
FN:13,(anonymous_6)
FN:26,(anonymous_7)
FN:39,(anonymous_8)
FN:75,LiveBookingCount
FN:93,TrustBadge
FN:94,(anonymous_11)
FN:138,SocialProof
FN:142,(anonymous_13)
FNF:9
FNH:0
FNDA:0,UrgencyMessage
FNDA:0,(anonymous_6)
FNDA:0,(anonymous_7)
FNDA:0,(anonymous_8)
FNDA:0,LiveBookingCount
FNDA:0,TrustBadge
FNDA:0,(anonymous_11)
FNDA:0,SocialProof
FNDA:0,(anonymous_13)
DA:3,0
DA:4,0
DA:12,0
DA:13,0
DA:14,0
DA:16,0
DA:18,0
DA:20,0
DA:22,0
DA:26,0
DA:27,0
DA:35,0
DA:39,0
DA:40,0
DA:42,0
DA:46,0
DA:48,0
DA:50,0
DA:54,0
DA:75,0
DA:93,0
DA:94,0
DA:95,0
DA:97,0
DA:103,0
DA:109,0
DA:115,0
DA:119,0
DA:138,0
DA:143,0
LF:30
LH:0
BRDA:12,0,0,0
BRDA:12,1,0,0
BRDA:14,2,0,0
BRDA:14,2,1,0
BRDA:14,2,2,0
BRDA:14,2,3,0
BRDA:16,3,0,0
BRDA:16,3,1,0
BRDA:27,4,0,0
BRDA:40,5,0,0
BRDA:40,5,1,0
BRDA:40,5,2,0
BRDA:40,5,3,0
BRDA:42,6,0,0
BRDA:42,6,1,0
BRDA:54,7,0,0
BRDA:54,7,1,0
BRDA:54,8,0,0
BRDA:54,8,1,0
BRDA:75,9,0,0
BRDA:93,10,0,0
BRDA:95,11,0,0
BRDA:95,11,1,0
BRDA:95,11,2,0
BRDA:95,11,3,0
BRDA:138,12,0,0
BRDA:145,13,0,0
BRDA:145,13,1,0
BRF:28
BRH:0
end_of_record
TN:
SF:components/ui/whatsapp-button.tsx
FN:12,WhatsAppButton
FN:17,(anonymous_2)
FNF:2
FNH:0
FNDA:0,WhatsAppButton
FNDA:0,(anonymous_2)
DA:3,0
DA:4,0
DA:12,0
DA:17,0
DA:18,0
DA:19,0
DA:20,0
LF:7
LH:0
BRDA:13,0,0,0
BRDA:14,1,0,0
BRDA:15,2,0,0
BRF:3
BRH:0
end_of_record
TN:
SF:lib/admin-api.ts
FN:51,(anonymous_3)
FN:56,(anonymous_4)
FN:104,(anonymous_5)
FN:168,(anonymous_6)
FN:169,(anonymous_7)
FN:172,(anonymous_8)
FN:180,(anonymous_9)
FN:203,(anonymous_10)
FN:235,(anonymous_11)
FN:259,(anonymous_12)
FN:283,(anonymous_13)
FN:326,(anonymous_14)
FNF:12
FNH:0
FNDA:0,(anonymous_3)
FNDA:0,(anonymous_4)
FNDA:0,(anonymous_5)
FNDA:0,(anonymous_6)
FNDA:0,(anonymous_7)
FNDA:0,(anonymous_8)
FNDA:0,(anonymous_9)
FNDA:0,(anonymous_10)
FNDA:0,(anonymous_11)
FNDA:0,(anonymous_12)
FNDA:0,(anonymous_13)
FNDA:0,(anonymous_14)
DA:48,0
DA:49,0
DA:52,0
DA:53,0
DA:60,0
DA:61,0
DA:62,0
DA:66,0
DA:67,0
DA:69,0
DA:70,0
DA:78,0
DA:81,0
DA:87,0
DA:92,0
DA:95,0
DA:103,0
DA:104,0
DA:107,0
DA:109,0
DA:110,0
DA:116,0
DA:117,0
DA:120,0
DA:127,0
DA:130,0
DA:133,0
DA:141,0
DA:143,0
DA:146,0
DA:147,0
DA:150,0
DA:154,0
DA:159,0
DA:160,0
DA:161,0
DA:165,0
DA:169,0
DA:174,0
DA:181,0
DA:182,0
DA:184,0
DA:185,0
DA:186,0
DA:189,0
DA:190,0
DA:193,0
DA:195,0
DA:196,0
DA:208,0
DA:209,0
DA:215,0
DA:217,0
DA:218,0
DA:221,0
DA:222,0
DA:225,0
DA:227,0
DA:228,0
DA:236,0
DA:237,0
DA:242,0
DA:243,0
DA:246,0
DA:248,0
DA:249,0
DA:265,0
DA:267,0
DA:268,0
DA:271,0
DA:280,0
DA:282,0
DA:283,0
DA:284,0
DA:286,0
DA:293,0
DA:298,0
DA:305,0
DA:306,0
DA:311,0
DA:321,0
DA:323,0
DA:324,0
DA:327,0
DA:330,0
DA:331,0
DA:335,0
DA:336,0
DA:341,0
DA:346,0
DA:349,0
LF:91
LH:0
BRDA:52,0,0,0
BRDA:52,0,1,0
BRDA:53,1,0,0
BRDA:53,1,1,0
BRDA:58,2,0,0
BRDA:61,3,0,0
BRDA:61,3,1,0
BRDA:69,4,0,0
BRDA:69,4,1,0
BRDA:103,5,0,0
BRDA:103,5,1,0
BRDA:107,6,0,0
BRDA:107,6,1,0
BRDA:109,7,0,0
BRDA:109,7,1,0
BRDA:134,8,0,0
BRDA:134,8,1,0
BRDA:136,9,0,0
BRDA:136,9,1,0
BRDA:146,10,0,0
BRDA:146,10,1,0
BRDA:146,11,0,0
BRDA:146,11,1,0
BRDA:151,12,0,0
BRDA:151,12,1,0
BRDA:160,13,0,0
BRDA:160,13,1,0
BRDA:160,14,0,0
BRDA:160,14,1,0
BRDA:165,15,0,0
BRDA:165,15,1,0
BRDA:174,16,0,0
BRDA:174,16,1,0
BRDA:184,17,0,0
BRDA:184,17,1,0
BRDA:184,18,0,0
BRDA:184,18,1,0
BRDA:185,19,0,0
BRDA:185,19,1,0
BRDA:189,20,0,0
BRDA:189,20,1,0
BRDA:189,21,0,0
BRDA:189,21,1,0
BRDA:217,22,0,0
BRDA:217,22,1,0
BRDA:217,23,0,0
BRDA:217,23,1,0
BRDA:218,24,0,0
BRDA:218,24,1,0
BRDA:221,25,0,0
BRDA:221,25,1,0
BRDA:242,26,0,0
BRDA:242,26,1,0
BRDA:242,27,0,0
BRDA:242,27,1,0
BRDA:243,28,0,0
BRDA:243,28,1,0
BRDA:282,29,0,0
BRDA:282,29,1,0
BRDA:307,30,0,0
BRDA:307,30,1,0
BRDA:314,31,0,0
BRDA:314,31,1,0
BRDA:330,32,0,0
BRDA:330,32,1,0
BRDA:330,33,0,0
BRDA:330,33,1,0
BRF:67
BRH:0
end_of_record
TN:
SF:lib/availability.ts
FN:26,(anonymous_3)
FN:74,(anonymous_4)
FN:77,(anonymous_5)
FN:84,(anonymous_6)
FN:98,(anonymous_7)
FN:105,(anonymous_8)
FN:116,(anonymous_9)
FN:126,(anonymous_10)
FNF:8
FNH:0
FNDA:0,(anonymous_3)
FNDA:0,(anonymous_4)
FNDA:0,(anonymous_5)
FNDA:0,(anonymous_6)
FNDA:0,(anonymous_7)
FNDA:0,(anonymous_8)
FNDA:0,(anonymous_9)
FNDA:0,(anonymous_10)
DA:4,0
DA:20,0
DA:21,0
DA:27,0
DA:30,0
DA:31,0
DA:32,0
DA:35,0
DA:36,0
DA:38,0
DA:48,0
DA:50,0
DA:52,0
DA:54,0
DA:65,0
DA:67,0
DA:77,0
DA:78,0
DA:85,0
DA:86,0
DA:88,0
DA:89,0
DA:92,0
DA:99,0
DA:106,0
DA:107,0
DA:108,0
DA:117,0
DA:118,0
DA:119,0
DA:120,0
DA:127,0
DA:128,0
DA:129,0
DA:131,0
DA:132,0
DA:133,0
DA:135,0
DA:139,0
DA:149,0
DA:152,0
LF:41
LH:0
BRDA:31,0,0,0
BRDA:31,0,1,0
BRDA:31,1,0,0
BRDA:31,1,1,0
BRDA:88,2,0,0
BRDA:88,2,1,0
BRDA:88,3,0,0
BRDA:88,3,1,0
BRDA:107,4,0,0
BRDA:107,4,1,0
BRDA:117,5,0,0
BRDA:117,5,1,0
BRDA:132,6,0,0
BRDA:132,6,1,0
BRDA:143,7,0,0
BRDA:143,7,1,0
BRF:16
BRH:0
end_of_record
TN:
SF:lib/booking-calculations.ts
FN:29,calculateRoomPrice
FN:78,calculateSurfCampPrice
FN:106,calculateAddOnPrice
FN:121,calculateTotalAmount
FN:122,(anonymous_14)
FN:128,calculatePriceBreakdown
FN:160,getSeasonalRate
FN:179,isDateInRange
FN:203,formatCurrency
FN:215,calculateNights
FN:224,validateBookingDates
FN:254,applyDiscount
FNF:12
FNH:0
FNDA:0,calculateRoomPrice
FNDA:0,calculateSurfCampPrice
FNDA:0,calculateAddOnPrice
FNDA:0,calculateTotalAmount
FNDA:0,(anonymous_14)
FNDA:0,calculatePriceBreakdown
FNDA:0,getSeasonalRate
FNDA:0,isDateInRange
FNDA:0,formatCurrency
FNDA:0,calculateNights
FNDA:0,validateBookingDates
FNDA:0,applyDiscount
DA:29,0
DA:35,0
DA:38,0
DA:39,0
DA:40,0
DA:41,0
DA:42,0
DA:46,0
DA:48,0
DA:50,0
DA:51,0
DA:53,0
DA:57,0
DA:59,0
DA:60,0
DA:61,0
DA:63,0
DA:67,0
DA:78,0
DA:84,0
DA:87,0
DA:88,0
DA:92,0
DA:93,0
DA:94,0
DA:97,0
DA:106,0
DA:110,0
DA:112,0
DA:121,0
DA:122,0
DA:128,0
DA:134,0
DA:135,0
DA:136,0
DA:137,0
DA:139,0
DA:161,0
DA:163,0
DA:164,0
DA:165,0
DA:167,0
DA:168,0
DA:169,0
DA:173,0
DA:187,0
DA:188,0
DA:189,0
DA:191,0
DA:193,0
DA:196,0
DA:203,0
DA:204,0
DA:215,0
DA:216,0
DA:217,0
DA:218,0
DA:224,0
DA:228,0
DA:229,0
DA:230,0
DA:231,0
DA:233,0
DA:234,0
DA:237,0
DA:238,0
DA:241,0
DA:242,0
DA:244,0
DA:245,0
DA:248,0
DA:254,0
DA:259,0
DA:261,0
DA:262,0
DA:264,0
DA:267,0
LF:77
LH:0
BRDA:33,0,0,0
BRDA:35,1,0,0
BRDA:35,1,1,0
BRDA:35,1,2,0
BRDA:39,2,0,0
BRDA:39,2,1,0
BRDA:39,3,0,0
BRDA:39,3,1,0
BRDA:48,4,0,0
BRDA:48,4,1,0
BRDA:50,5,0,0
BRDA:50,5,1,0
BRDA:50,6,0,0
BRDA:50,6,1,0
BRDA:57,7,0,0
BRDA:57,7,1,0
BRDA:57,8,0,0
BRDA:57,8,1,0
BRDA:57,8,2,0
BRDA:60,9,0,0
BRDA:60,9,1,0
BRDA:80,10,0,0
BRDA:82,11,0,0
BRDA:87,12,0,0
BRDA:87,12,1,0
BRDA:87,13,0,0
BRDA:87,13,1,0
BRDA:92,14,0,0
BRDA:92,14,1,0
BRDA:108,15,0,0
BRDA:110,16,0,0
BRDA:110,16,1,0
BRDA:130,17,0,0
BRDA:131,18,0,0
BRDA:132,19,0,0
BRDA:161,20,0,0
BRDA:161,20,1,0
BRDA:161,21,0,0
BRDA:161,21,1,0
BRDA:168,22,0,0
BRDA:168,22,1,0
BRDA:191,23,0,0
BRDA:191,23,1,0
BRDA:193,24,0,0
BRDA:193,24,1,0
BRDA:196,25,0,0
BRDA:196,25,1,0
BRDA:203,26,0,0
BRDA:233,27,0,0
BRDA:233,27,1,0
BRDA:237,28,0,0
BRDA:237,28,1,0
BRDA:244,29,0,0
BRDA:244,29,1,0
BRDA:261,30,0,0
BRDA:261,30,1,0
BRF:56
BRH:0
end_of_record
TN:
SF:lib/booking-context.tsx
FN:13,BookingProvider
FN:16,(anonymous_4)
FN:17,(anonymous_5)
FN:26,useBooking
FNF:4
FNH:0
FNDA:0,BookingProvider
FNDA:0,(anonymous_4)
FNDA:0,(anonymous_5)
FNDA:0,useBooking
DA:3,0
DA:11,0
DA:13,0
DA:14,0
DA:16,0
DA:17,0
DA:26,0
DA:27,0
DA:28,0
DA:29,0
DA:31,0
LF:11
LH:0
BRDA:28,0,0,0
BRDA:28,0,1,0
BRF:2
BRH:0
end_of_record
TN:
SF:lib/booking-service.ts
FN:29,(anonymous_3)
FN:77,(anonymous_4)
FN:155,(anonymous_5)
FN:169,(anonymous_6)
FN:184,(anonymous_7)
FN:223,(anonymous_8)
FN:232,(anonymous_9)
FNF:7
FNH:0
FNDA:0,(anonymous_3)
FNDA:0,(anonymous_4)
FNDA:0,(anonymous_5)
FNDA:0,(anonymous_6)
FNDA:0,(anonymous_7)
FNDA:0,(anonymous_8)
FNDA:0,(anonymous_9)
DA:4,0
DA:30,0
DA:32,0
DA:33,0
DA:34,0
DA:43,0
DA:54,0
DA:63,0
DA:65,0
DA:78,0
DA:79,0
DA:82,0
DA:83,0
DA:86,0
DA:87,0
DA:88,0
DA:89,0
DA:92,0
DA:93,0
DA:96,0
DA:97,0
DA:100,0
DA:101,0
DA:104,0
DA:105,0
DA:109,0
DA:110,0
DA:111,0
DA:112,0
DA:113,0
DA:115,0
DA:116,0
DA:119,0
DA:120,0
DA:124,0
DA:125,0
DA:126,0
DA:127,0
DA:132,0
DA:133,0
DA:136,0
DA:140,0
DA:141,0
DA:144,0
DA:161,0
DA:170,0
DA:202,0
DA:206,0
DA:225,0
DA:226,0
DA:233,0
DA:234,0
DA:239,0
DA:242,0
LF:54
LH:0
BRDA:33,0,0,0
BRDA:33,0,1,0
BRDA:82,1,0,0
BRDA:82,1,1,0
BRDA:86,2,0,0
BRDA:86,2,1,0
BRDA:88,3,0,0
BRDA:88,3,1,0
BRDA:92,4,0,0
BRDA:92,4,1,0
BRDA:96,5,0,0
BRDA:96,5,1,0
BRDA:100,6,0,0
BRDA:100,6,1,0
BRDA:104,7,0,0
BRDA:104,7,1,0
BRDA:104,8,0,0
BRDA:104,8,1,0
BRDA:109,9,0,0
BRDA:109,9,1,0
BRDA:109,10,0,0
BRDA:109,10,1,0
BRDA:115,11,0,0
BRDA:115,11,1,0
BRDA:119,12,0,0
BRDA:119,12,1,0
BRDA:126,13,0,0
BRDA:126,13,1,0
BRDA:132,14,0,0
BRDA:132,14,1,0
BRDA:136,15,0,0
BRDA:136,15,1,0
BRDA:140,16,0,0
BRDA:140,16,1,0
BRF:34
BRH:0
end_of_record
TN:
SF:lib/booking-widget.ts
FN:51,(anonymous_8)
FN:56,(anonymous_9)
FN:86,(anonymous_10)
FN:115,(anonymous_11)
FN:141,(anonymous_12)
FN:170,(anonymous_13)
FN:202,(anonymous_14)
FN:205,(anonymous_15)
FN:208,(anonymous_16)
FN:211,(anonymous_17)
FNF:10
FNH:0
FNDA:0,(anonymous_8)
FNDA:0,(anonymous_9)
FNDA:0,(anonymous_10)
FNDA:0,(anonymous_11)
FNDA:0,(anonymous_12)
FNDA:0,(anonymous_13)
FNDA:0,(anonymous_14)
FNDA:0,(anonymous_15)
FNDA:0,(anonymous_16)
FNDA:0,(anonymous_17)
DA:4,0
DA:38,0
DA:48,0
DA:52,0
DA:57,0
DA:58,0
DA:65,0
DA:74,0
DA:75,0
DA:78,0
DA:80,0
DA:81,0
DA:87,0
DA:88,0
DA:94,0
DA:103,0
DA:104,0
DA:107,0
DA:109,0
DA:110,0
DA:116,0
DA:117,0
DA:123,0
DA:129,0
DA:130,0
DA:133,0
DA:135,0
DA:136,0
DA:142,0
DA:153,0
DA:171,0
DA:173,0
DA:185,0
DA:188,0
DA:189,0
DA:190,0
DA:191,0
DA:192,0
DA:193,0
DA:199,0
DA:202,0
DA:203,0
DA:205,0
DA:206,0
DA:208,0
DA:209,0
DA:211,0
DA:212,0
LF:48
LH:0
BRDA:51,0,0,0
BRDA:74,1,0,0
BRDA:74,1,1,0
BRDA:103,2,0,0
BRDA:103,2,1,0
BRDA:120,3,0,0
BRDA:120,3,1,0
BRDA:129,4,0,0
BRDA:129,4,1,0
BRDA:141,5,0,0
BRDA:170,6,0,0
BRDA:171,7,0,0
BRDA:171,7,1,0
BRDA:188,8,0,0
BRDA:188,8,1,0
BRF:15
BRH:0
end_of_record
TN:
SF:lib/cms-migrate.js
FN:16,runMigration
FNF:1
FNH:0
FNDA:0,runMigration
DA:4,0
DA:6,0
DA:7,0
DA:9,0
DA:17,0
DA:19,0
DA:21,0
DA:22,0
DA:36,0
DA:37,0
DA:41,0
DA:42,0
DA:56,0
DA:57,0
DA:61,0
DA:62,0
DA:76,0
DA:77,0
DA:81,0
DA:82,0
DA:96,0
DA:97,0
DA:100,0
DA:103,0
DA:104,0
DA:113,0
DA:114,0
DA:117,0
DA:118,0
DA:127,0
DA:128,0
DA:131,0
DA:132,0
DA:145,0
DA:146,0
DA:149,0
DA:150,0
DA:216,0
DA:217,0
DA:220,0
DA:223,0
DA:227,0
LF:42
LH:0
BRDA:36,0,0,0
BRDA:36,0,1,0
BRDA:56,1,0,0
BRDA:56,1,1,0
BRDA:76,2,0,0
BRDA:76,2,1,0
BRDA:96,3,0,0
BRDA:96,3,1,0
BRDA:113,4,0,0
BRDA:113,4,1,0
BRDA:127,5,0,0
BRDA:127,5,1,0
BRDA:145,6,0,0
BRDA:145,6,1,0
BRDA:216,7,0,0
BRDA:216,7,1,0
BRF:16
BRH:0
end_of_record
TN:
SF:lib/content.ts
FN:16,(anonymous_13)
FN:29,(anonymous_14)
FN:40,(anonymous_15)
FN:51,(anonymous_16)
FN:68,(anonymous_17)
FN:87,(anonymous_18)
FN:113,(anonymous_19)
FN:140,(anonymous_20)
FN:153,(anonymous_21)
FN:165,(anonymous_22)
FNF:10
FNH:0
FNDA:0,(anonymous_13)
FNDA:0,(anonymous_14)
FNDA:0,(anonymous_15)
FNDA:0,(anonymous_16)
FNDA:0,(anonymous_17)
FNDA:0,(anonymous_18)
FNDA:0,(anonymous_19)
FNDA:0,(anonymous_20)
FNDA:0,(anonymous_21)
FNDA:0,(anonymous_22)
DA:13,0
DA:16,0
DA:17,0
DA:18,0
DA:24,0
DA:25,0
DA:26,0
DA:29,0
DA:34,0
DA:35,0
DA:40,0
DA:48,0
DA:51,0
DA:52,0
DA:53,0
DA:59,0
DA:60,0
DA:61,0
DA:64,0
DA:65,0
DA:68,0
DA:82,0
DA:83,0
DA:84,0
DA:87,0
DA:88,0
DA:91,0
DA:105,0
DA:107,0
DA:108,0
DA:113,0
DA:137,0
DA:140,0
DA:141,0
DA:142,0
DA:148,0
DA:149,0
DA:150,0
DA:153,0
DA:159,0
DA:160,0
DA:165,0
DA:209,0
DA:212,0
DA:245,0
DA:254,0
DA:259,0
DA:280,0
LF:48
LH:0
BRDA:24,0,0,0
BRDA:24,0,1,0
BRDA:29,1,0,0
BRDA:29,1,1,0
BRDA:59,2,0,0
BRDA:59,2,1,0
BRDA:64,3,0,0
BRDA:64,3,1,0
BRDA:64,4,0,0
BRDA:64,4,1,0
BRDA:83,5,0,0
BRDA:83,5,1,0
BRDA:83,6,0,0
BRDA:83,6,1,0
BRDA:83,6,2,0
BRDA:88,7,0,0
BRDA:88,7,1,0
BRDA:96,8,0,0
BRDA:96,8,1,0
BRDA:97,9,0,0
BRDA:97,9,1,0
BRDA:98,10,0,0
BRDA:98,10,1,0
BRDA:99,11,0,0
BRDA:99,11,1,0
BRDA:99,11,2,0
BRDA:100,12,0,0
BRDA:100,12,1,0
BRDA:100,13,0,0
BRDA:100,13,1,0
BRDA:101,14,0,0
BRDA:101,14,1,0
BRDA:148,15,0,0
BRDA:148,15,1,0
BRDA:153,16,0,0
BRDA:153,16,1,0
BRDA:156,17,0,0
BRDA:156,17,1,0
BRF:38
BRH:0
end_of_record
TN:
SF:lib/payload.ts
FN:18,(anonymous_12)
FN:23,(anonymous_13)
FN:29,(anonymous_14)
FN:33,(anonymous_15)
FN:37,(anonymous_16)
FN:47,(anonymous_17)
FN:61,(anonymous_18)
FN:73,(anonymous_19)
FN:86,(anonymous_20)
FN:110,(anonymous_21)
FN:114,(anonymous_22)
FN:122,(anonymous_23)
FN:136,(anonymous_24)
FN:141,(anonymous_25)
FNF:14
FNH:0
FNDA:0,(anonymous_12)
FNDA:0,(anonymous_13)
FNDA:0,(anonymous_14)
FNDA:0,(anonymous_15)
FNDA:0,(anonymous_16)
FNDA:0,(anonymous_17)
FNDA:0,(anonymous_18)
FNDA:0,(anonymous_19)
FNDA:0,(anonymous_20)
FNDA:0,(anonymous_21)
FNDA:0,(anonymous_22)
FNDA:0,(anonymous_23)
FNDA:0,(anonymous_24)
FNDA:0,(anonymous_25)
DA:4,0
DA:5,0
DA:19,0
DA:26,0
DA:30,0
DA:34,0
DA:39,0
DA:44,0
DA:47,0
DA:48,0
DA:50,0
DA:51,0
DA:54,0
DA:58,0
DA:61,0
DA:62,0
DA:63,0
DA:64,0
DA:67,0
DA:70,0
DA:73,0
DA:74,0
DA:75,0
DA:76,0
DA:79,0
DA:82,0
DA:86,0
DA:87,0
DA:88,0
DA:89,0
DA:90,0
DA:93,0
DA:97,0
DA:99,0
DA:101,0
DA:103,0
DA:105,0
DA:110,0
DA:111,0
DA:114,0
DA:122,0
DA:123,0
DA:124,0
DA:125,0
DA:128,0
DA:136,0
DA:138,0
DA:141,0
DA:142,0
DA:145,0
LF:50
LH:0
BRDA:18,0,0,0
BRDA:50,1,0,0
BRDA:50,1,1,0
BRDA:50,2,0,0
BRDA:50,2,1,0
BRDA:63,3,0,0
BRDA:63,3,1,0
BRDA:63,4,0,0
BRDA:63,4,1,0
BRDA:75,5,0,0
BRDA:75,5,1,0
BRDA:75,6,0,0
BRDA:75,6,1,0
BRDA:88,7,0,0
BRDA:88,7,1,0
BRDA:88,8,0,0
BRDA:88,8,1,0
BRDA:90,9,0,0
BRDA:90,9,1,0
BRDA:97,10,0,0
BRDA:97,10,1,0
BRDA:97,10,2,0
BRDA:97,10,3,0
BRDA:111,11,0,0
BRDA:111,11,1,0
BRDA:116,12,0,0
BRDA:116,12,1,0
BRDA:123,13,0,0
BRDA:123,13,1,0
BRDA:138,14,0,0
BRDA:138,14,1,0
BRF:31
BRH:0
end_of_record
TN:
SF:lib/schemas.ts
FNF:0
FNH:0
DA:1,0
DA:4,0
DA:11,0
DA:32,0
DA:46,0
DA:62,0
DA:72,0
DA:90,0
DA:106,0
DA:119,0
DA:136,0
DA:152,0
DA:153,0
DA:155,0
DA:156,0
DA:158,0
DA:169,0
DA:171,0
DA:180,0
DA:182,0
DA:183,0
DA:186,0
DA:192,0
DA:193,0
LF:24
LH:0
BRF:0
BRH:0
end_of_record
TN:
SF:lib/supabase.ts
FN:17,(anonymous_9)
FN:31,(anonymous_10)
FNF:2
FNH:0
FNDA:0,(anonymous_9)
FNDA:0,(anonymous_10)
DA:4,0
DA:8,0
DA:9,0
DA:10,0
DA:13,0
DA:14,0
DA:17,0
DA:18,0
DA:19,0
DA:20,0
DA:27,0
DA:31,0
DA:32,0
DA:33,0
DA:40,0
DA:44,0
DA:45,0
DA:46,0
DA:49,0
DA:50,0
DA:53,0
LF:21
LH:0
BRDA:8,0,0,0
BRDA:8,0,1,0
BRDA:9,1,0,0
BRDA:9,1,1,0
BRDA:10,2,0,0
BRDA:10,2,1,0
BRDA:18,3,0,0
BRDA:18,3,1,0
BRDA:32,4,0,0
BRDA:32,4,1,0
BRF:10
BRH:0
end_of_record
TN:
SF:lib/utils.ts
FN:4,cn
FN:12,calculateNights
FN:30,calculateTotalPrice
FN:49,formatPrice
FN:61,formatDate
FN:72,isValidEmail
FN:80,isValidPhone
FN:88,generateId
FN:95,debounce
FN:100,(anonymous_22)
FN:102,(anonymous_23)
FN:109,truncateText
FN:117,capitalize
FN:124,slugify
FNF:14
FNH:0
FNDA:0,cn
FNDA:0,calculateNights
FNDA:0,calculateTotalPrice
FNDA:0,formatPrice
FNDA:0,formatDate
FNDA:0,isValidEmail
FNDA:0,isValidPhone
FNDA:0,generateId
FNDA:0,debounce
FNDA:0,(anonymous_22)
FNDA:0,(anonymous_23)
FNDA:0,truncateText
FNDA:0,capitalize
FNDA:0,slugify
DA:1,0
DA:2,0
DA:4,0
DA:5,0
DA:12,0
DA:13,0
DA:14,0
DA:18,0
DA:19,0
DA:21,0
DA:22,0
DA:24,0
DA:30,0
DA:31,0
DA:34,0
DA:35,0
DA:39,0
DA:40,0
DA:43,0
DA:49,0
DA:50,0
DA:61,0
DA:62,0
DA:72,0
DA:73,0
DA:74,0
DA:80,0
DA:81,0
DA:82,0
DA:88,0
DA:89,0
DA:95,0
DA:100,0
DA:101,0
DA:102,0
DA:109,0
DA:110,0
DA:111,0
DA:117,0
DA:118,0
DA:124,0
DA:125,0
LF:42
LH:0
BRDA:13,0,0,0
BRDA:13,0,1,0
BRDA:13,1,0,0
BRDA:13,1,1,0
BRDA:13,1,2,0
BRDA:13,1,3,0
BRDA:31,2,0,0
BRDA:31,2,1,0
BRDA:34,3,0,0
BRDA:34,3,1,0
BRDA:35,4,0,0
BRDA:35,4,1,0
BRDA:39,5,0,0
BRDA:39,5,1,0
BRDA:40,6,0,0
BRDA:40,6,1,0
BRDA:110,7,0,0
BRDA:110,7,1,0
BRF:18
BRH:0
end_of_record
