TN:
SF:app/api/add-ons/route.ts
FN:5,GET
FN:39,OPTIONS
FNF:2
FNH:2
FNDA:12,GET
FNDA:2,OPTIONS
DA:1,1
DA:2,1
DA:5,12
DA:6,12
DA:8,12
DA:15,9
DA:16,2
DA:18,2
DA:24,7
DA:30,3
DA:31,3
DA:39,2
DA:40,2
LF:13
LH:13
BRDA:15,0,0,2
BRDA:15,0,1,7
BRDA:26,1,0,7
BRDA:26,1,1,1
BRF:4
BRH:4
end_of_record
TN:
SF:app/api/bookings/route.ts
FN:5,POST
FN:76,(anonymous_4)
FN:121,(anonymous_5)
FN:145,(anonymous_6)
FN:193,OPTIONS
FNF:5
FNH:5
FNDA:16,POST
FNDA:20,(anonymous_4)
FNDA:18,(anonymous_5)
FNDA:1,(anonymous_6)
FNDA:2,OPTIONS
DA:1,1
DA:2,1
DA:5,16
DA:6,16
DA:7,16
DA:8,15
DA:21,15
DA:24,15
DA:25,2
DA:31,13
DA:32,1
DA:38,12
DA:39,1
DA:46,11
DA:61,11
DA:67,11
DA:68,1
DA:69,1
DA:76,10
DA:88,20
DA:102,20
DA:108,20
DA:109,1
DA:110,1
DA:113,19
DA:116,10
DA:119,9
DA:121,8
DA:122,18
DA:132,18
DA:136,17
DA:137,0
DA:138,0
DA:142,8
DA:143,1
DA:145,1
DA:146,1
DA:154,1
DA:158,1
DA:159,0
DA:160,0
DA:164,1
DA:167,8
DA:173,8
DA:184,3
DA:185,3
DA:193,2
DA:194,2
LF:48
LH:44
BRDA:16,0,0,0
BRDA:17,1,0,14
BRDA:24,2,0,2
BRDA:24,2,1,13
BRDA:24,3,0,15
BRDA:24,3,1,14
BRDA:24,3,2,14
BRDA:31,4,0,1
BRDA:31,4,1,12
BRDA:31,5,0,13
BRDA:31,5,1,11
BRDA:31,5,2,10
BRDA:31,5,3,10
BRDA:38,6,0,1
BRDA:38,6,1,11
BRDA:38,7,0,12
BRDA:38,7,1,2
BRDA:48,8,0,11
BRDA:48,8,1,1
BRDA:49,9,0,11
BRDA:49,9,1,10
BRDA:50,10,0,11
BRDA:50,10,1,1
BRDA:51,11,0,11
BRDA:51,11,1,1
BRDA:53,12,0,11
BRDA:53,12,1,0
BRDA:56,13,0,11
BRDA:56,13,1,10
BRDA:67,14,0,1
BRDA:67,14,1,10
BRDA:67,15,0,11
BRDA:67,15,1,10
BRDA:89,16,0,20
BRDA:89,16,1,0
BRDA:90,17,0,20
BRDA:90,17,1,0
BRDA:91,18,0,20
BRDA:91,18,1,0
BRDA:92,19,0,20
BRDA:92,19,1,0
BRDA:93,20,0,20
BRDA:93,20,1,19
BRDA:94,21,0,20
BRDA:94,21,1,19
BRDA:95,22,0,20
BRDA:95,22,1,19
BRDA:96,23,0,20
BRDA:96,23,1,19
BRDA:97,24,0,20
BRDA:97,24,1,19
BRDA:98,25,0,20
BRDA:98,25,1,18
BRDA:108,26,0,1
BRDA:108,26,1,19
BRDA:119,27,0,8
BRDA:119,27,1,1
BRDA:136,28,0,0
BRDA:136,28,1,17
BRDA:143,29,0,1
BRDA:143,29,1,0
BRDA:158,30,0,0
BRDA:158,30,1,1
BRDA:187,31,0,2
BRDA:187,31,1,1
BRF:65
BRH:56
end_of_record
TN:
SF:app/api/dates/availability/route.ts
FN:5,GET
FN:32,(anonymous_4)
FN:62,(anonymous_5)
FN:78,(anonymous_6)
FN:79,(anonymous_7)
FN:109,OPTIONS
FNF:6
FNH:6
FNDA:9,GET
FNDA:9,(anonymous_4)
FNDA:12,(anonymous_5)
FNDA:7,(anonymous_6)
FNDA:7,(anonymous_7)
FNDA:2,OPTIONS
DA:1,1
DA:2,1
DA:5,9
DA:6,9
DA:7,9
DA:8,9
DA:9,9
DA:10,9
DA:12,9
DA:14,9
DA:15,2
DA:22,7
DA:23,7
DA:24,7
DA:26,7
DA:27,9
DA:31,7
DA:34,9
DA:41,7
DA:42,0
DA:46,7
DA:52,7
DA:53,0
DA:57,7
DA:62,12
DA:63,7
DA:64,7
DA:66,7
DA:76,6
DA:78,7
DA:79,7
DA:84,6
DA:86,6
DA:100,1
DA:101,1
DA:109,2
DA:110,2
LF:37
LH:35
BRDA:10,0,0,9
BRDA:10,0,1,6
BRDA:14,1,0,2
BRDA:14,1,1,7
BRDA:14,2,0,9
BRDA:14,2,1,8
BRDA:41,3,0,0
BRDA:41,3,1,7
BRDA:52,4,0,0
BRDA:52,4,1,7
BRDA:62,5,0,7
BRDA:62,5,1,1
BRDA:62,6,0,12
BRDA:62,6,1,0
BRDA:63,7,0,7
BRDA:63,7,1,4
BRDA:63,8,0,7
BRDA:63,8,1,5
BRDA:80,9,0,6
BRDA:80,9,1,0
BRDA:103,10,0,1
BRDA:103,10,1,0
BRF:22
BRH:17
end_of_record
TN:
SF:app/api/google-reviews/route.ts
FN:3,GET
FNF:1
FNH:1
FNDA:10,GET
DA:1,1
DA:3,10
DA:4,10
DA:6,10
DA:7,10
DA:9,10
DA:10,2
DA:11,2
DA:18,8
DA:20,8
DA:21,5
DA:23,5
DA:24,1
DA:25,1
DA:31,4
DA:37,3
DA:38,3
LF:17
LH:17
BRDA:9,0,0,2
BRDA:9,0,1,8
BRDA:23,1,0,1
BRDA:23,1,1,4
BRF:4
BRH:4
end_of_record
TN:
SF:app/api/rooms/route.ts
FN:5,GET
FN:16,(anonymous_4)
FN:32,(anonymous_5)
FN:60,(anonymous_6)
FN:89,OPTIONS
FNF:5
FNH:5
FNDA:14,GET
FNDA:116,(anonymous_4)
FNDA:112,(anonymous_5)
FNDA:112,(anonymous_6)
FNDA:2,OPTIONS
DA:1,1
DA:2,1
DA:5,14
DA:6,14
DA:7,14
DA:10,14
DA:16,11
DA:17,116
DA:20,11
DA:21,1
DA:22,1
DA:28,10
DA:29,10
DA:32,10
DA:44,112
DA:46,112
DA:60,10
DA:65,112
DA:72,10
DA:80,3
DA:81,3
DA:89,2
DA:90,2
LF:23
LH:23
BRDA:16,0,0,11
BRDA:16,0,1,2
BRDA:17,1,0,116
BRDA:17,1,1,114
BRDA:20,2,0,1
BRDA:20,2,1,10
BRDA:44,3,0,112
BRDA:44,3,1,109
BRDA:44,3,2,107
BRDA:49,4,0,112
BRDA:49,4,1,6
BRDA:51,5,0,112
BRDA:51,5,1,112
BRDA:53,6,0,112
BRDA:53,6,1,6
BRDA:54,7,0,106
BRDA:54,7,1,6
BRDA:54,8,0,112
BRDA:54,8,1,106
BRDA:55,9,0,112
BRDA:55,9,1,6
BRDA:69,10,0,112
BRDA:69,10,1,6
BRDA:83,11,0,2
BRDA:83,11,1,1
BRF:25
BRH:25
end_of_record
TN:
SF:app/api/rooms/availability/route.ts
FN:5,GET
FN:65,(anonymous_4)
FN:72,(anonymous_5)
FN:86,(anonymous_6)
FN:138,OPTIONS
FNF:5
FNH:4
FNDA:8,GET
FNDA:4,(anonymous_4)
FNDA:0,(anonymous_5)
FNDA:3,(anonymous_6)
FNDA:2,OPTIONS
DA:1,1
DA:2,1
DA:5,8
DA:6,8
DA:7,8
DA:8,8
DA:9,8
DA:10,8
DA:12,8
DA:14,8
DA:15,2
DA:22,6
DA:27,5
DA:28,1
DA:29,1
DA:42,4
DA:44,4
DA:45,4
DA:52,4
DA:54,0
DA:55,0
DA:57,4
DA:60,0
DA:61,0
DA:65,4
DA:67,4
DA:68,1
DA:72,3
DA:73,0
DA:76,3
DA:79,4
DA:86,4
DA:87,3
DA:99,3
DA:101,3
DA:115,4
DA:129,1
DA:130,1
DA:138,2
DA:139,2
LF:40
LH:35
BRDA:10,0,0,8
BRDA:10,0,1,7
BRDA:14,1,0,2
BRDA:14,1,1,6
BRDA:14,2,0,8
BRDA:14,2,1,7
BRDA:27,3,0,1
BRDA:27,3,1,4
BRDA:52,4,0,0
BRDA:52,4,1,4
BRDA:57,5,0,4
BRDA:57,5,1,0
BRDA:65,6,0,4
BRDA:65,6,1,0
BRDA:67,7,0,1
BRDA:67,7,1,3
BRDA:67,8,0,4
BRDA:67,8,1,4
BRDA:80,9,0,4
BRDA:80,9,1,1
BRDA:99,10,0,3
BRDA:99,10,1,3
BRDA:99,10,2,3
BRDA:104,11,0,3
BRDA:104,11,1,0
BRDA:106,12,0,3
BRDA:106,12,1,3
BRDA:108,13,0,3
BRDA:108,13,1,0
BRDA:109,14,0,3
BRDA:109,14,1,0
BRDA:109,15,0,3
BRDA:109,15,1,3
BRDA:110,16,0,3
BRDA:110,16,1,0
BRDA:119,17,0,4
BRDA:119,17,1,1
BRDA:132,18,0,1
BRDA:132,18,1,0
BRF:39
BRH:31
end_of_record
TN:
SF:app/api/surf-camps/route.ts
FN:5,GET
FN:39,OPTIONS
FNF:2
FNH:2
FNDA:9,GET
FNDA:2,OPTIONS
DA:1,1
DA:2,1
DA:5,9
DA:6,9
DA:8,9
DA:14,6
DA:15,1
DA:16,1
DA:22,5
DA:30,3
DA:31,3
DA:39,2
DA:40,2
LF:13
LH:13
BRDA:14,0,0,1
BRDA:14,0,1,5
BRDA:25,1,0,5
BRDA:25,1,1,1
BRDA:33,2,0,2
BRDA:33,2,1,1
BRF:6
BRH:6
end_of_record
